<?xml version="1.0" encoding="UTF-8"?>
<testsuite xmlns:xsi="http://www.w3.org/2001/XMLSchema-instance" xsi:noNamespaceSchemaLocation="https://maven.apache.org/surefire/maven-surefire-plugin/xsd/surefire-test-report-3.0.xsd" version="3.0" name="com.pdfprocessor.infrastructure.adapter.RedisJobRepositoryTest" time="0.13" tests="8" errors="0" skipped="0" failures="0">
  <properties>
    <property name="java.specification.version" value="21"/>
    <property name="sun.jnu.encoding" value="UTF-8"/>
    <property name="java.class.path" value="/home/otavio/API-JAVA/app/infrastructure/target/test-classes:/home/otavio/API-JAVA/app/infrastructure/target/classes:/home/otavio/.m2/repository/com/pdfprocessor/domain/1.0.0-SNAPSHOT/domain-1.0.0-SNAPSHOT.jar:/home/otavio/.m2/repository/com/fasterxml/jackson/core/jackson-annotations/2.15.3/jackson-annotations-2.15.3.jar:/home/otavio/.m2/repository/org/springframework/boot/spring-boot-starter/3.2.1/spring-boot-starter-3.2.1.jar:/home/otavio/.m2/repository/org/springframework/boot/spring-boot/3.2.1/spring-boot-3.2.1.jar:/home/otavio/.m2/repository/org/springframework/spring-context/6.1.2/spring-context-6.1.2.jar:/home/otavio/.m2/repository/org/springframework/spring-beans/6.1.2/spring-beans-6.1.2.jar:/home/otavio/.m2/repository/org/springframework/spring-expression/6.1.2/spring-expression-6.1.2.jar:/home/otavio/.m2/repository/io/micrometer/micrometer-observation/1.12.1/micrometer-observation-1.12.1.jar:/home/otavio/.m2/repository/io/micrometer/micrometer-commons/1.12.1/micrometer-commons-1.12.1.jar:/home/otavio/.m2/repository/org/springframework/boot/spring-boot-autoconfigure/3.2.1/spring-boot-autoconfigure-3.2.1.jar:/home/otavio/.m2/repository/org/springframework/boot/spring-boot-starter-logging/3.2.1/spring-boot-starter-logging-3.2.1.jar:/home/otavio/.m2/repository/ch/qos/logback/logback-classic/1.4.14/logback-classic-1.4.14.jar:/home/otavio/.m2/repository/ch/qos/logback/logback-core/1.4.14/logback-core-1.4.14.jar:/home/otavio/.m2/repository/org/apache/logging/log4j/log4j-to-slf4j/2.21.1/log4j-to-slf4j-2.21.1.jar:/home/otavio/.m2/repository/org/apache/logging/log4j/log4j-api/2.21.1/log4j-api-2.21.1.jar:/home/otavio/.m2/repository/org/slf4j/jul-to-slf4j/2.0.9/jul-to-slf4j-2.0.9.jar:/home/otavio/.m2/repository/jakarta/annotation/jakarta.annotation-api/2.1.1/jakarta.annotation-api-2.1.1.jar:/home/otavio/.m2/repository/org/springframework/spring-core/6.1.2/spring-core-6.1.2.jar:/home/otavio/.m2/repository/org/springframework/spring-jcl/6.1.2/spring-jcl-6.1.2.jar:/home/otavio/.m2/repository/org/yaml/snakeyaml/2.2/snakeyaml-2.2.jar:/home/otavio/.m2/repository/org/springframework/boot/spring-boot-starter-data-redis/3.2.1/spring-boot-starter-data-redis-3.2.1.jar:/home/otavio/.m2/repository/io/lettuce/lettuce-core/6.3.0.RELEASE/lettuce-core-6.3.0.RELEASE.jar:/home/otavio/.m2/repository/io/netty/netty-common/4.1.104.Final/netty-common-4.1.104.Final.jar:/home/otavio/.m2/repository/io/netty/netty-handler/4.1.104.Final/netty-handler-4.1.104.Final.jar:/home/otavio/.m2/repository/io/netty/netty-resolver/4.1.104.Final/netty-resolver-4.1.104.Final.jar:/home/otavio/.m2/repository/io/netty/netty-buffer/4.1.104.Final/netty-buffer-4.1.104.Final.jar:/home/otavio/.m2/repository/io/netty/netty-transport-native-unix-common/4.1.104.Final/netty-transport-native-unix-common-4.1.104.Final.jar:/home/otavio/.m2/repository/io/netty/netty-codec/4.1.104.Final/netty-codec-4.1.104.Final.jar:/home/otavio/.m2/repository/io/netty/netty-transport/4.1.104.Final/netty-transport-4.1.104.Final.jar:/home/otavio/.m2/repository/io/projectreactor/reactor-core/3.6.1/reactor-core-3.6.1.jar:/home/otavio/.m2/repository/org/reactivestreams/reactive-streams/1.0.4/reactive-streams-1.0.4.jar:/home/otavio/.m2/repository/org/springframework/data/spring-data-redis/3.2.1/spring-data-redis-3.2.1.jar:/home/otavio/.m2/repository/org/springframework/data/spring-data-keyvalue/3.2.1/spring-data-keyvalue-3.2.1.jar:/home/otavio/.m2/repository/org/springframework/data/spring-data-commons/3.2.1/spring-data-commons-3.2.1.jar:/home/otavio/.m2/repository/org/springframework/spring-tx/6.1.2/spring-tx-6.1.2.jar:/home/otavio/.m2/repository/org/springframework/spring-oxm/6.1.2/spring-oxm-6.1.2.jar:/home/otavio/.m2/repository/org/springframework/spring-aop/6.1.2/spring-aop-6.1.2.jar:/home/otavio/.m2/repository/org/springframework/spring-context-support/6.1.2/spring-context-support-6.1.2.jar:/home/otavio/.m2/repository/com/fasterxml/jackson/core/jackson-databind/2.15.3/jackson-databind-2.15.3.jar:/home/otavio/.m2/repository/com/fasterxml/jackson/core/jackson-core/2.15.3/jackson-core-2.15.3.jar:/home/otavio/.m2/repository/com/fasterxml/jackson/datatype/jackson-datatype-jsr310/2.15.3/jackson-datatype-jsr310-2.15.3.jar:/home/otavio/.m2/repository/org/apache/pdfbox/pdfbox/3.0.1/pdfbox-3.0.1.jar:/home/otavio/.m2/repository/org/apache/pdfbox/pdfbox-io/3.0.1/pdfbox-io-3.0.1.jar:/home/otavio/.m2/repository/org/apache/pdfbox/fontbox/3.0.1/fontbox-3.0.1.jar:/home/otavio/.m2/repository/commons-logging/commons-logging/1.2/commons-logging-1.2.jar:/home/otavio/.m2/repository/org/junit/jupiter/junit-jupiter/5.10.1/junit-jupiter-5.10.1.jar:/home/otavio/.m2/repository/org/junit/jupiter/junit-jupiter-api/5.10.1/junit-jupiter-api-5.10.1.jar:/home/otavio/.m2/repository/org/opentest4j/opentest4j/1.3.0/opentest4j-1.3.0.jar:/home/otavio/.m2/repository/org/junit/platform/junit-platform-commons/1.10.1/junit-platform-commons-1.10.1.jar:/home/otavio/.m2/repository/org/apiguardian/apiguardian-api/1.1.2/apiguardian-api-1.1.2.jar:/home/otavio/.m2/repository/org/junit/jupiter/junit-jupiter-params/5.10.1/junit-jupiter-params-5.10.1.jar:/home/otavio/.m2/repository/org/junit/jupiter/junit-jupiter-engine/5.10.1/junit-jupiter-engine-5.10.1.jar:/home/otavio/.m2/repository/org/junit/platform/junit-platform-engine/1.10.1/junit-platform-engine-1.10.1.jar:/home/otavio/.m2/repository/org/apache/pdfbox/preflight/3.0.1/preflight-3.0.1.jar:/home/otavio/.m2/repository/org/apache/pdfbox/xmpbox/3.0.1/xmpbox-3.0.1.jar:/home/otavio/.m2/repository/com/itextpdf/kernel/8.0.2/kernel-8.0.2.jar:/home/otavio/.m2/repository/com/itextpdf/bouncy-castle-connector/8.0.2/bouncy-castle-connector-8.0.2.jar:/home/otavio/.m2/repository/com/itextpdf/io/8.0.2/io-8.0.2.jar:/home/otavio/.m2/repository/com/itextpdf/commons/8.0.2/commons-8.0.2.jar:/home/otavio/.m2/repository/org/slf4j/slf4j-api/2.0.9/slf4j-api-2.0.9.jar:/home/otavio/.m2/repository/com/itextpdf/layout/8.0.2/layout-8.0.2.jar:/home/otavio/.m2/repository/org/bouncycastle/bcprov-jdk18on/1.77/bcprov-jdk18on-1.77.jar:/home/otavio/.m2/repository/org/bouncycastle/bcpkix-jdk18on/1.77/bcpkix-jdk18on-1.77.jar:/home/otavio/.m2/repository/org/bouncycastle/bcutil-jdk18on/1.77/bcutil-jdk18on-1.77.jar:/home/otavio/.m2/repository/net/sourceforge/tess4j/tess4j/5.9.0/tess4j-5.9.0.jar:/home/otavio/.m2/repository/net/java/dev/jna/jna/5.13.0/jna-5.13.0.jar:/home/otavio/.m2/repository/com/github/jai-imageio/jai-imageio-core/1.4.0/jai-imageio-core-1.4.0.jar:/home/otavio/.m2/repository/org/apache/pdfbox/pdfbox-tools/3.0.1/pdfbox-tools-3.0.1.jar:/home/otavio/.m2/repository/org/apache/pdfbox/pdfbox-debugger/3.0.1/pdfbox-debugger-3.0.1.jar:/home/otavio/.m2/repository/info/picocli/picocli/4.7.5/picocli-4.7.5.jar:/home/otavio/.m2/repository/org/apache/pdfbox/jbig2-imageio/3.0.4/jbig2-imageio-3.0.4.jar:/home/otavio/.m2/repository/commons-io/commons-io/2.15.1/commons-io-2.15.1.jar:/home/otavio/.m2/repository/net/sourceforge/lept4j/lept4j/1.18.2/lept4j-1.18.2.jar:/home/otavio/.m2/repository/org/jboss/jboss-vfs/3.2.17.Final/jboss-vfs-3.2.17.Final.jar:/home/otavio/.m2/repository/org/jboss/logging/jboss-logging/3.5.3.Final/jboss-logging-3.5.3.Final.jar:/home/otavio/.m2/repository/com/twelvemonkeys/imageio/imageio-core/3.10.1/imageio-core-3.10.1.jar:/home/otavio/.m2/repository/com/twelvemonkeys/common/common-lang/3.10.1/common-lang-3.10.1.jar:/home/otavio/.m2/repository/com/twelvemonkeys/common/common-io/3.10.1/common-io-3.10.1.jar:/home/otavio/.m2/repository/com/twelvemonkeys/common/common-image/3.10.1/common-image-3.10.1.jar:/home/otavio/.m2/repository/com/twelvemonkeys/imageio/imageio-jpeg/3.10.1/imageio-jpeg-3.10.1.jar:/home/otavio/.m2/repository/com/twelvemonkeys/imageio/imageio-metadata/3.10.1/imageio-metadata-3.10.1.jar:/home/otavio/.m2/repository/com/twelvemonkeys/imageio/imageio-tiff/3.10.1/imageio-tiff-3.10.1.jar:/home/otavio/.m2/repository/it/ozimov/embedded-redis/0.7.3/embedded-redis-0.7.3.jar:/home/otavio/.m2/repository/com/google/guava/guava/21.0/guava-21.0.jar:/home/otavio/.m2/repository/org/slf4j/slf4j-simple/2.0.9/slf4j-simple-2.0.9.jar:/home/otavio/.m2/repository/org/springframework/boot/spring-boot-starter-test/3.2.1/spring-boot-starter-test-3.2.1.jar:/home/otavio/.m2/repository/org/springframework/boot/spring-boot-test/3.2.1/spring-boot-test-3.2.1.jar:/home/otavio/.m2/repository/org/springframework/boot/spring-boot-test-autoconfigure/3.2.1/spring-boot-test-autoconfigure-3.2.1.jar:/home/otavio/.m2/repository/com/jayway/jsonpath/json-path/2.8.0/json-path-2.8.0.jar:/home/otavio/.m2/repository/jakarta/xml/bind/jakarta.xml.bind-api/4.0.1/jakarta.xml.bind-api-4.0.1.jar:/home/otavio/.m2/repository/jakarta/activation/jakarta.activation-api/2.1.2/jakarta.activation-api-2.1.2.jar:/home/otavio/.m2/repository/net/minidev/json-smart/2.5.0/json-smart-2.5.0.jar:/home/otavio/.m2/repository/net/minidev/accessors-smart/2.5.0/accessors-smart-2.5.0.jar:/home/otavio/.m2/repository/org/ow2/asm/asm/9.3/asm-9.3.jar:/home/otavio/.m2/repository/org/assertj/assertj-core/3.24.2/assertj-core-3.24.2.jar:/home/otavio/.m2/repository/net/bytebuddy/byte-buddy/1.14.10/byte-buddy-1.14.10.jar:/home/otavio/.m2/repository/org/awaitility/awaitility/4.2.0/awaitility-4.2.0.jar:/home/otavio/.m2/repository/org/hamcrest/hamcrest/2.2/hamcrest-2.2.jar:/home/otavio/.m2/repository/org/mockito/mockito-core/5.7.0/mockito-core-5.7.0.jar:/home/otavio/.m2/repository/net/bytebuddy/byte-buddy-agent/1.14.10/byte-buddy-agent-1.14.10.jar:/home/otavio/.m2/repository/org/objenesis/objenesis/3.3/objenesis-3.3.jar:/home/otavio/.m2/repository/org/mockito/mockito-junit-jupiter/5.7.0/mockito-junit-jupiter-5.7.0.jar:/home/otavio/.m2/repository/org/skyscreamer/jsonassert/1.5.1/jsonassert-1.5.1.jar:/home/otavio/.m2/repository/com/vaadin/external/google/android-json/0.0.20131108.vaadin1/android-json-0.0.20131108.vaadin1.jar:/home/otavio/.m2/repository/org/springframework/spring-test/6.1.2/spring-test-6.1.2.jar:/home/otavio/.m2/repository/org/xmlunit/xmlunit-core/2.9.1/xmlunit-core-2.9.1.jar:"/>
    <property name="java.vm.vendor" value="Ubuntu"/>
    <property name="sun.arch.data.model" value="64"/>
    <property name="java.vendor.url" value="https://ubuntu.com/"/>
    <property name="user.timezone" value="America/Sao_Paulo"/>
    <property name="os.name" value="Linux"/>
    <property name="java.vm.specification.version" value="21"/>
    <property name="sun.java.launcher" value="SUN_STANDARD"/>
    <property name="sun.boot.library.path" value="/usr/lib/jvm/java-21-openjdk-amd64/lib"/>
    <property name="sun.java.command" value="/home/otavio/API-JAVA/app/infrastructure/target/surefire/surefirebooter-20250903230559460_3.jar /home/otavio/API-JAVA/app/infrastructure/target/surefire 2025-09-03T23-05-59_399-jvmRun1 surefire-20250903230559460_1tmp surefire_0-20250903230559460_2tmp"/>
    <property name="jdk.debug" value="release"/>
    <property name="surefire.test.class.path" value="/home/otavio/API-JAVA/app/infrastructure/target/test-classes:/home/otavio/API-JAVA/app/infrastructure/target/classes:/home/otavio/.m2/repository/com/pdfprocessor/domain/1.0.0-SNAPSHOT/domain-1.0.0-SNAPSHOT.jar:/home/otavio/.m2/repository/com/fasterxml/jackson/core/jackson-annotations/2.15.3/jackson-annotations-2.15.3.jar:/home/otavio/.m2/repository/org/springframework/boot/spring-boot-starter/3.2.1/spring-boot-starter-3.2.1.jar:/home/otavio/.m2/repository/org/springframework/boot/spring-boot/3.2.1/spring-boot-3.2.1.jar:/home/otavio/.m2/repository/org/springframework/spring-context/6.1.2/spring-context-6.1.2.jar:/home/otavio/.m2/repository/org/springframework/spring-beans/6.1.2/spring-beans-6.1.2.jar:/home/otavio/.m2/repository/org/springframework/spring-expression/6.1.2/spring-expression-6.1.2.jar:/home/otavio/.m2/repository/io/micrometer/micrometer-observation/1.12.1/micrometer-observation-1.12.1.jar:/home/otavio/.m2/repository/io/micrometer/micrometer-commons/1.12.1/micrometer-commons-1.12.1.jar:/home/otavio/.m2/repository/org/springframework/boot/spring-boot-autoconfigure/3.2.1/spring-boot-autoconfigure-3.2.1.jar:/home/otavio/.m2/repository/org/springframework/boot/spring-boot-starter-logging/3.2.1/spring-boot-starter-logging-3.2.1.jar:/home/otavio/.m2/repository/ch/qos/logback/logback-classic/1.4.14/logback-classic-1.4.14.jar:/home/otavio/.m2/repository/ch/qos/logback/logback-core/1.4.14/logback-core-1.4.14.jar:/home/otavio/.m2/repository/org/apache/logging/log4j/log4j-to-slf4j/2.21.1/log4j-to-slf4j-2.21.1.jar:/home/otavio/.m2/repository/org/apache/logging/log4j/log4j-api/2.21.1/log4j-api-2.21.1.jar:/home/otavio/.m2/repository/org/slf4j/jul-to-slf4j/2.0.9/jul-to-slf4j-2.0.9.jar:/home/otavio/.m2/repository/jakarta/annotation/jakarta.annotation-api/2.1.1/jakarta.annotation-api-2.1.1.jar:/home/otavio/.m2/repository/org/springframework/spring-core/6.1.2/spring-core-6.1.2.jar:/home/otavio/.m2/repository/org/springframework/spring-jcl/6.1.2/spring-jcl-6.1.2.jar:/home/otavio/.m2/repository/org/yaml/snakeyaml/2.2/snakeyaml-2.2.jar:/home/otavio/.m2/repository/org/springframework/boot/spring-boot-starter-data-redis/3.2.1/spring-boot-starter-data-redis-3.2.1.jar:/home/otavio/.m2/repository/io/lettuce/lettuce-core/6.3.0.RELEASE/lettuce-core-6.3.0.RELEASE.jar:/home/otavio/.m2/repository/io/netty/netty-common/4.1.104.Final/netty-common-4.1.104.Final.jar:/home/otavio/.m2/repository/io/netty/netty-handler/4.1.104.Final/netty-handler-4.1.104.Final.jar:/home/otavio/.m2/repository/io/netty/netty-resolver/4.1.104.Final/netty-resolver-4.1.104.Final.jar:/home/otavio/.m2/repository/io/netty/netty-buffer/4.1.104.Final/netty-buffer-4.1.104.Final.jar:/home/otavio/.m2/repository/io/netty/netty-transport-native-unix-common/4.1.104.Final/netty-transport-native-unix-common-4.1.104.Final.jar:/home/otavio/.m2/repository/io/netty/netty-codec/4.1.104.Final/netty-codec-4.1.104.Final.jar:/home/otavio/.m2/repository/io/netty/netty-transport/4.1.104.Final/netty-transport-4.1.104.Final.jar:/home/otavio/.m2/repository/io/projectreactor/reactor-core/3.6.1/reactor-core-3.6.1.jar:/home/otavio/.m2/repository/org/reactivestreams/reactive-streams/1.0.4/reactive-streams-1.0.4.jar:/home/otavio/.m2/repository/org/springframework/data/spring-data-redis/3.2.1/spring-data-redis-3.2.1.jar:/home/otavio/.m2/repository/org/springframework/data/spring-data-keyvalue/3.2.1/spring-data-keyvalue-3.2.1.jar:/home/otavio/.m2/repository/org/springframework/data/spring-data-commons/3.2.1/spring-data-commons-3.2.1.jar:/home/otavio/.m2/repository/org/springframework/spring-tx/6.1.2/spring-tx-6.1.2.jar:/home/otavio/.m2/repository/org/springframework/spring-oxm/6.1.2/spring-oxm-6.1.2.jar:/home/otavio/.m2/repository/org/springframework/spring-aop/6.1.2/spring-aop-6.1.2.jar:/home/otavio/.m2/repository/org/springframework/spring-context-support/6.1.2/spring-context-support-6.1.2.jar:/home/otavio/.m2/repository/com/fasterxml/jackson/core/jackson-databind/2.15.3/jackson-databind-2.15.3.jar:/home/otavio/.m2/repository/com/fasterxml/jackson/core/jackson-core/2.15.3/jackson-core-2.15.3.jar:/home/otavio/.m2/repository/com/fasterxml/jackson/datatype/jackson-datatype-jsr310/2.15.3/jackson-datatype-jsr310-2.15.3.jar:/home/otavio/.m2/repository/org/apache/pdfbox/pdfbox/3.0.1/pdfbox-3.0.1.jar:/home/otavio/.m2/repository/org/apache/pdfbox/pdfbox-io/3.0.1/pdfbox-io-3.0.1.jar:/home/otavio/.m2/repository/org/apache/pdfbox/fontbox/3.0.1/fontbox-3.0.1.jar:/home/otavio/.m2/repository/commons-logging/commons-logging/1.2/commons-logging-1.2.jar:/home/otavio/.m2/repository/org/junit/jupiter/junit-jupiter/5.10.1/junit-jupiter-5.10.1.jar:/home/otavio/.m2/repository/org/junit/jupiter/junit-jupiter-api/5.10.1/junit-jupiter-api-5.10.1.jar:/home/otavio/.m2/repository/org/opentest4j/opentest4j/1.3.0/opentest4j-1.3.0.jar:/home/otavio/.m2/repository/org/junit/platform/junit-platform-commons/1.10.1/junit-platform-commons-1.10.1.jar:/home/otavio/.m2/repository/org/apiguardian/apiguardian-api/1.1.2/apiguardian-api-1.1.2.jar:/home/otavio/.m2/repository/org/junit/jupiter/junit-jupiter-params/5.10.1/junit-jupiter-params-5.10.1.jar:/home/otavio/.m2/repository/org/junit/jupiter/junit-jupiter-engine/5.10.1/junit-jupiter-engine-5.10.1.jar:/home/otavio/.m2/repository/org/junit/platform/junit-platform-engine/1.10.1/junit-platform-engine-1.10.1.jar:/home/otavio/.m2/repository/org/apache/pdfbox/preflight/3.0.1/preflight-3.0.1.jar:/home/otavio/.m2/repository/org/apache/pdfbox/xmpbox/3.0.1/xmpbox-3.0.1.jar:/home/otavio/.m2/repository/com/itextpdf/kernel/8.0.2/kernel-8.0.2.jar:/home/otavio/.m2/repository/com/itextpdf/bouncy-castle-connector/8.0.2/bouncy-castle-connector-8.0.2.jar:/home/otavio/.m2/repository/com/itextpdf/io/8.0.2/io-8.0.2.jar:/home/otavio/.m2/repository/com/itextpdf/commons/8.0.2/commons-8.0.2.jar:/home/otavio/.m2/repository/org/slf4j/slf4j-api/2.0.9/slf4j-api-2.0.9.jar:/home/otavio/.m2/repository/com/itextpdf/layout/8.0.2/layout-8.0.2.jar:/home/otavio/.m2/repository/org/bouncycastle/bcprov-jdk18on/1.77/bcprov-jdk18on-1.77.jar:/home/otavio/.m2/repository/org/bouncycastle/bcpkix-jdk18on/1.77/bcpkix-jdk18on-1.77.jar:/home/otavio/.m2/repository/org/bouncycastle/bcutil-jdk18on/1.77/bcutil-jdk18on-1.77.jar:/home/otavio/.m2/repository/net/sourceforge/tess4j/tess4j/5.9.0/tess4j-5.9.0.jar:/home/otavio/.m2/repository/net/java/dev/jna/jna/5.13.0/jna-5.13.0.jar:/home/otavio/.m2/repository/com/github/jai-imageio/jai-imageio-core/1.4.0/jai-imageio-core-1.4.0.jar:/home/otavio/.m2/repository/org/apache/pdfbox/pdfbox-tools/3.0.1/pdfbox-tools-3.0.1.jar:/home/otavio/.m2/repository/org/apache/pdfbox/pdfbox-debugger/3.0.1/pdfbox-debugger-3.0.1.jar:/home/otavio/.m2/repository/info/picocli/picocli/4.7.5/picocli-4.7.5.jar:/home/otavio/.m2/repository/org/apache/pdfbox/jbig2-imageio/3.0.4/jbig2-imageio-3.0.4.jar:/home/otavio/.m2/repository/commons-io/commons-io/2.15.1/commons-io-2.15.1.jar:/home/otavio/.m2/repository/net/sourceforge/lept4j/lept4j/1.18.2/lept4j-1.18.2.jar:/home/otavio/.m2/repository/org/jboss/jboss-vfs/3.2.17.Final/jboss-vfs-3.2.17.Final.jar:/home/otavio/.m2/repository/org/jboss/logging/jboss-logging/3.5.3.Final/jboss-logging-3.5.3.Final.jar:/home/otavio/.m2/repository/com/twelvemonkeys/imageio/imageio-core/3.10.1/imageio-core-3.10.1.jar:/home/otavio/.m2/repository/com/twelvemonkeys/common/common-lang/3.10.1/common-lang-3.10.1.jar:/home/otavio/.m2/repository/com/twelvemonkeys/common/common-io/3.10.1/common-io-3.10.1.jar:/home/otavio/.m2/repository/com/twelvemonkeys/common/common-image/3.10.1/common-image-3.10.1.jar:/home/otavio/.m2/repository/com/twelvemonkeys/imageio/imageio-jpeg/3.10.1/imageio-jpeg-3.10.1.jar:/home/otavio/.m2/repository/com/twelvemonkeys/imageio/imageio-metadata/3.10.1/imageio-metadata-3.10.1.jar:/home/otavio/.m2/repository/com/twelvemonkeys/imageio/imageio-tiff/3.10.1/imageio-tiff-3.10.1.jar:/home/otavio/.m2/repository/it/ozimov/embedded-redis/0.7.3/embedded-redis-0.7.3.jar:/home/otavio/.m2/repository/com/google/guava/guava/21.0/guava-21.0.jar:/home/otavio/.m2/repository/org/slf4j/slf4j-simple/2.0.9/slf4j-simple-2.0.9.jar:/home/otavio/.m2/repository/org/springframework/boot/spring-boot-starter-test/3.2.1/spring-boot-starter-test-3.2.1.jar:/home/otavio/.m2/repository/org/springframework/boot/spring-boot-test/3.2.1/spring-boot-test-3.2.1.jar:/home/otavio/.m2/repository/org/springframework/boot/spring-boot-test-autoconfigure/3.2.1/spring-boot-test-autoconfigure-3.2.1.jar:/home/otavio/.m2/repository/com/jayway/jsonpath/json-path/2.8.0/json-path-2.8.0.jar:/home/otavio/.m2/repository/jakarta/xml/bind/jakarta.xml.bind-api/4.0.1/jakarta.xml.bind-api-4.0.1.jar:/home/otavio/.m2/repository/jakarta/activation/jakarta.activation-api/2.1.2/jakarta.activation-api-2.1.2.jar:/home/otavio/.m2/repository/net/minidev/json-smart/2.5.0/json-smart-2.5.0.jar:/home/otavio/.m2/repository/net/minidev/accessors-smart/2.5.0/accessors-smart-2.5.0.jar:/home/otavio/.m2/repository/org/ow2/asm/asm/9.3/asm-9.3.jar:/home/otavio/.m2/repository/org/assertj/assertj-core/3.24.2/assertj-core-3.24.2.jar:/home/otavio/.m2/repository/net/bytebuddy/byte-buddy/1.14.10/byte-buddy-1.14.10.jar:/home/otavio/.m2/repository/org/awaitility/awaitility/4.2.0/awaitility-4.2.0.jar:/home/otavio/.m2/repository/org/hamcrest/hamcrest/2.2/hamcrest-2.2.jar:/home/otavio/.m2/repository/org/mockito/mockito-core/5.7.0/mockito-core-5.7.0.jar:/home/otavio/.m2/repository/net/bytebuddy/byte-buddy-agent/1.14.10/byte-buddy-agent-1.14.10.jar:/home/otavio/.m2/repository/org/objenesis/objenesis/3.3/objenesis-3.3.jar:/home/otavio/.m2/repository/org/mockito/mockito-junit-jupiter/5.7.0/mockito-junit-jupiter-5.7.0.jar:/home/otavio/.m2/repository/org/skyscreamer/jsonassert/1.5.1/jsonassert-1.5.1.jar:/home/otavio/.m2/repository/com/vaadin/external/google/android-json/0.0.20131108.vaadin1/android-json-0.0.20131108.vaadin1.jar:/home/otavio/.m2/repository/org/springframework/spring-test/6.1.2/spring-test-6.1.2.jar:/home/otavio/.m2/repository/org/xmlunit/xmlunit-core/2.9.1/xmlunit-core-2.9.1.jar:"/>
    <property name="sun.cpu.endian" value="little"/>
    <property name="user.home" value="/home/otavio"/>
    <property name="user.language" value="en"/>
    <property name="java.specification.vendor" value="Oracle Corporation"/>
    <property name="java.version.date" value="2025-07-15"/>
    <property name="java.home" value="/usr/lib/jvm/java-21-openjdk-amd64"/>
    <property name="file.separator" value="/"/>
    <property name="basedir" value="/home/otavio/API-JAVA/app/infrastructure"/>
    <property name="java.vm.compressedOopsMode" value="32-bit"/>
    <property name="line.separator" value="&#10;"/>
    <property name="java.specification.name" value="Java Platform API Specification"/>
    <property name="java.vm.specification.vendor" value="Oracle Corporation"/>
    <property name="surefire.real.class.path" value="/home/otavio/API-JAVA/app/infrastructure/target/surefire/surefirebooter-20250903230559460_3.jar"/>
    <property name="sun.management.compiler" value="HotSpot 64-Bit Tiered Compilers"/>
    <property name="java.runtime.version" value="21.0.8+9-Ubuntu-0ubuntu124.04.1"/>
    <property name="user.name" value="otavio"/>
    <property name="stdout.encoding" value="UTF-8"/>
    <property name="path.separator" value=":"/>
    <property name="os.version" value="6.6.87.2-microsoft-standard-WSL2"/>
    <property name="java.runtime.name" value="OpenJDK Runtime Environment"/>
    <property name="file.encoding" value="UTF-8"/>
    <property name="java.vm.name" value="OpenJDK 64-Bit Server VM"/>
    <property name="localRepository" value="/home/otavio/.m2/repository"/>
    <property name="java.vendor.url.bug" value="https://bugs.launchpad.net/ubuntu/+source/openjdk-21"/>
    <property name="java.io.tmpdir" value="/tmp"/>
    <property name="java.version" value="21.0.8"/>
    <property name="user.dir" value="/home/otavio/API-JAVA/app/infrastructure"/>
    <property name="os.arch" value="amd64"/>
    <property name="java.vm.specification.name" value="Java Virtual Machine Specification"/>
    <property name="native.encoding" value="UTF-8"/>
    <property name="java.library.path" value="/usr/java/packages/lib:/usr/lib/x86_64-linux-gnu/jni:/lib/x86_64-linux-gnu:/usr/lib/x86_64-linux-gnu:/usr/lib/jni:/lib:/usr/lib"/>
    <property name="java.vm.info" value="mixed mode, sharing"/>
    <property name="stderr.encoding" value="UTF-8"/>
    <property name="java.vendor" value="Ubuntu"/>
    <property name="java.vm.version" value="21.0.8+9-Ubuntu-0ubuntu124.04.1"/>
    <property name="sun.io.unicode.encoding" value="UnicodeLittle"/>
    <property name="java.class.version" value="65.0"/>
  </properties>
  <testcase name="shouldDeleteJobSuccessfully" classname="com.pdfprocessor.infrastructure.adapter.RedisJobRepositoryTest" time="0.082">
    <system-err><![CDATA[Failed to delete job from Redis: job-123, Cannot invoke "org.springframework.data.redis.core.SetOperations.remove(Object, Object[])" because the return value of "org.springframework.data.redis.core.RedisTemplate.opsForSet()" is null
]]></system-err>
  </testcase>
  <testcase name="shouldReturnFalseWhenJobDoesNotExist" classname="com.pdfprocessor.infrastructure.adapter.RedisJobRepositoryTest" time="0.005">
    <system-out><![CDATA[Checking if job exists in Redis: nonexistent -> false
]]></system-out>
  </testcase>
  <testcase name="shouldSaveJobSuccessfully" classname="com.pdfprocessor.infrastructure.adapter.RedisJobRepositoryTest" time="0.007">
    <system-out><![CDATA[Saved job to Redis: job-123
]]></system-out>
  </testcase>
  <testcase name="shouldReturnEmptyListWhenNoJobsExist" classname="com.pdfprocessor.infrastructure.adapter.RedisJobRepositoryTest" time="0.004"/>
  <testcase name="shouldCheckIfJobExists" classname="com.pdfprocessor.infrastructure.adapter.RedisJobRepositoryTest" time="0.003">
    <system-out><![CDATA[Checking if job exists in Redis: job-123 -> true
]]></system-out>
  </testcase>
  <testcase name="shouldReturnEmptyWhenJobNotFound" classname="com.pdfprocessor.infrastructure.adapter.RedisJobRepositoryTest" time="0.003">
    <system-out><![CDATA[Job not found in Redis: nonexistent
]]></system-out>
  </testcase>
  <testcase name="shouldFindAllJobsWithPagination" classname="com.pdfprocessor.infrastructure.adapter.RedisJobRepositoryTest" time="0.011">
    <system-out><![CDATA[Found job in Redis: job-1
Found job in Redis: job-2
]]></system-out>
  </testcase>
  <testcase name="shouldFindJobByIdSuccessfully" classname="com.pdfprocessor.infrastructure.adapter.RedisJobRepositoryTest" time="0.007">
    <system-out><![CDATA[Found job in Redis: job-123
]]></system-out>
  </testcase>
</testsuite>