<?xml version="1.0" encoding="UTF-8"?>
<testsuite xmlns:xsi="http://www.w3.org/2001/XMLSchema-instance" xsi:noNamespaceSchemaLocation="https://maven.apache.org/surefire/maven-surefire-plugin/xsd/surefire-test-report-3.0.xsd" version="3.0" name="com.pdfprocessor.integration.SimpleAuthTest" time="8.503" tests="3" errors="0" skipped="0" failures="0">
  <properties>
    <property name="java.specification.version" value="21"/>
    <property name="sun.jnu.encoding" value="UTF-8"/>
    <property name="java.class.path" value="/home/otavio/API-JAVA/tests/target/test-classes:/home/otavio/API-JAVA/tests/target/classes:/home/otavio/.m2/repository/com/pdfprocessor/api/1.0.0-SNAPSHOT/api-1.0.0-SNAPSHOT.jar:/home/otavio/.m2/repository/org/springframework/boot/spring-boot-starter-web/3.2.1/spring-boot-starter-web-3.2.1.jar:/home/otavio/.m2/repository/org/springframework/boot/spring-boot-starter-json/3.2.1/spring-boot-starter-json-3.2.1.jar:/home/otavio/.m2/repository/com/fasterxml/jackson/datatype/jackson-datatype-jdk8/2.15.3/jackson-datatype-jdk8-2.15.3.jar:/home/otavio/.m2/repository/com/fasterxml/jackson/module/jackson-module-parameter-names/2.15.3/jackson-module-parameter-names-2.15.3.jar:/home/otavio/.m2/repository/org/springframework/boot/spring-boot-starter-tomcat/3.2.1/spring-boot-starter-tomcat-3.2.1.jar:/home/otavio/.m2/repository/org/apache/tomcat/embed/tomcat-embed-core/10.1.17/tomcat-embed-core-10.1.17.jar:/home/otavio/.m2/repository/org/apache/tomcat/embed/tomcat-embed-websocket/10.1.17/tomcat-embed-websocket-10.1.17.jar:/home/otavio/.m2/repository/org/springframework/spring-web/6.1.2/spring-web-6.1.2.jar:/home/otavio/.m2/repository/org/springframework/spring-beans/6.1.2/spring-beans-6.1.2.jar:/home/otavio/.m2/repository/org/springframework/spring-webmvc/6.1.2/spring-webmvc-6.1.2.jar:/home/otavio/.m2/repository/org/springframework/spring-expression/6.1.2/spring-expression-6.1.2.jar:/home/otavio/.m2/repository/org/springframework/boot/spring-boot-starter-validation/3.2.1/spring-boot-starter-validation-3.2.1.jar:/home/otavio/.m2/repository/org/apache/tomcat/embed/tomcat-embed-el/10.1.17/tomcat-embed-el-10.1.17.jar:/home/otavio/.m2/repository/org/hibernate/validator/hibernate-validator/8.0.1.Final/hibernate-validator-8.0.1.Final.jar:/home/otavio/.m2/repository/jakarta/validation/jakarta.validation-api/3.0.2/jakarta.validation-api-3.0.2.jar:/home/otavio/.m2/repository/org/jboss/logging/jboss-logging/3.5.3.Final/jboss-logging-3.5.3.Final.jar:/home/otavio/.m2/repository/com/fasterxml/classmate/1.6.0/classmate-1.6.0.jar:/home/otavio/.m2/repository/org/springframework/boot/spring-boot-starter-actuator/3.2.1/spring-boot-starter-actuator-3.2.1.jar:/home/otavio/.m2/repository/org/springframework/boot/spring-boot-actuator-autoconfigure/3.2.1/spring-boot-actuator-autoconfigure-3.2.1.jar:/home/otavio/.m2/repository/org/springframework/boot/spring-boot-actuator/3.2.1/spring-boot-actuator-3.2.1.jar:/home/otavio/.m2/repository/io/micrometer/micrometer-observation/1.12.1/micrometer-observation-1.12.1.jar:/home/otavio/.m2/repository/io/micrometer/micrometer-jakarta9/1.12.1/micrometer-jakarta9-1.12.1.jar:/home/otavio/.m2/repository/org/springframework/boot/spring-boot-starter-data-redis/3.2.1/spring-boot-starter-data-redis-3.2.1.jar:/home/otavio/.m2/repository/io/lettuce/lettuce-core/6.3.0.RELEASE/lettuce-core-6.3.0.RELEASE.jar:/home/otavio/.m2/repository/io/netty/netty-common/4.1.104.Final/netty-common-4.1.104.Final.jar:/home/otavio/.m2/repository/io/netty/netty-handler/4.1.104.Final/netty-handler-4.1.104.Final.jar:/home/otavio/.m2/repository/io/netty/netty-resolver/4.1.104.Final/netty-resolver-4.1.104.Final.jar:/home/otavio/.m2/repository/io/netty/netty-buffer/4.1.104.Final/netty-buffer-4.1.104.Final.jar:/home/otavio/.m2/repository/io/netty/netty-transport-native-unix-common/4.1.104.Final/netty-transport-native-unix-common-4.1.104.Final.jar:/home/otavio/.m2/repository/io/netty/netty-codec/4.1.104.Final/netty-codec-4.1.104.Final.jar:/home/otavio/.m2/repository/io/netty/netty-transport/4.1.104.Final/netty-transport-4.1.104.Final.jar:/home/otavio/.m2/repository/io/projectreactor/reactor-core/3.6.1/reactor-core-3.6.1.jar:/home/otavio/.m2/repository/org/reactivestreams/reactive-streams/1.0.4/reactive-streams-1.0.4.jar:/home/otavio/.m2/repository/org/springframework/data/spring-data-redis/3.2.1/spring-data-redis-3.2.1.jar:/home/otavio/.m2/repository/org/springframework/data/spring-data-keyvalue/3.2.1/spring-data-keyvalue-3.2.1.jar:/home/otavio/.m2/repository/org/springframework/data/spring-data-commons/3.2.1/spring-data-commons-3.2.1.jar:/home/otavio/.m2/repository/org/springframework/spring-tx/6.1.2/spring-tx-6.1.2.jar:/home/otavio/.m2/repository/org/springframework/spring-oxm/6.1.2/spring-oxm-6.1.2.jar:/home/otavio/.m2/repository/org/springframework/spring-context-support/6.1.2/spring-context-support-6.1.2.jar:/home/otavio/.m2/repository/org/springframework/boot/spring-boot-starter-security/3.2.1/spring-boot-starter-security-3.2.1.jar:/home/otavio/.m2/repository/org/springframework/spring-aop/6.1.2/spring-aop-6.1.2.jar:/home/otavio/.m2/repository/org/springframework/security/spring-security-config/6.2.1/spring-security-config-6.2.1.jar:/home/otavio/.m2/repository/org/springframework/security/spring-security-core/6.2.1/spring-security-core-6.2.1.jar:/home/otavio/.m2/repository/org/springframework/security/spring-security-crypto/6.2.1/spring-security-crypto-6.2.1.jar:/home/otavio/.m2/repository/org/springframework/security/spring-security-web/6.2.1/spring-security-web-6.2.1.jar:/home/otavio/.m2/repository/io/micrometer/micrometer-core/1.12.1/micrometer-core-1.12.1.jar:/home/otavio/.m2/repository/io/micrometer/micrometer-commons/1.12.1/micrometer-commons-1.12.1.jar:/home/otavio/.m2/repository/org/hdrhistogram/HdrHistogram/2.1.12/HdrHistogram-2.1.12.jar:/home/otavio/.m2/repository/org/latencyutils/LatencyUtils/2.0.3/LatencyUtils-2.0.3.jar:/home/otavio/.m2/repository/org/springdoc/springdoc-openapi-starter-webmvc-ui/2.3.0/springdoc-openapi-starter-webmvc-ui-2.3.0.jar:/home/otavio/.m2/repository/org/springdoc/springdoc-openapi-starter-webmvc-api/2.3.0/springdoc-openapi-starter-webmvc-api-2.3.0.jar:/home/otavio/.m2/repository/org/springdoc/springdoc-openapi-starter-common/2.3.0/springdoc-openapi-starter-common-2.3.0.jar:/home/otavio/.m2/repository/io/swagger/core/v3/swagger-core-jakarta/2.2.19/swagger-core-jakarta-2.2.19.jar:/home/otavio/.m2/repository/io/swagger/core/v3/swagger-annotations-jakarta/2.2.19/swagger-annotations-jakarta-2.2.19.jar:/home/otavio/.m2/repository/io/swagger/core/v3/swagger-models-jakarta/2.2.19/swagger-models-jakarta-2.2.19.jar:/home/otavio/.m2/repository/com/fasterxml/jackson/dataformat/jackson-dataformat-yaml/2.15.3/jackson-dataformat-yaml-2.15.3.jar:/home/otavio/.m2/repository/org/webjars/swagger-ui/5.10.3/swagger-ui-5.10.3.jar:/home/otavio/.m2/repository/org/springframework/boot/spring-boot-starter-jdbc/3.2.1/spring-boot-starter-jdbc-3.2.1.jar:/home/otavio/.m2/repository/com/zaxxer/HikariCP/5.0.1/HikariCP-5.0.1.jar:/home/otavio/.m2/repository/org/springframework/spring-jdbc/6.1.2/spring-jdbc-6.1.2.jar:/home/otavio/.m2/repository/com/pdfprocessor/worker/1.0.0-SNAPSHOT/worker-1.0.0-SNAPSHOT.jar:/home/otavio/.m2/repository/org/springframework/boot/spring-boot-starter/3.2.1/spring-boot-starter-3.2.1.jar:/home/otavio/.m2/repository/org/springframework/boot/spring-boot-starter-logging/3.2.1/spring-boot-starter-logging-3.2.1.jar:/home/otavio/.m2/repository/ch/qos/logback/logback-classic/1.4.14/logback-classic-1.4.14.jar:/home/otavio/.m2/repository/ch/qos/logback/logback-core/1.4.14/logback-core-1.4.14.jar:/home/otavio/.m2/repository/org/apache/logging/log4j/log4j-to-slf4j/2.21.1/log4j-to-slf4j-2.21.1.jar:/home/otavio/.m2/repository/org/apache/logging/log4j/log4j-api/2.21.1/log4j-api-2.21.1.jar:/home/otavio/.m2/repository/org/slf4j/jul-to-slf4j/2.0.9/jul-to-slf4j-2.0.9.jar:/home/otavio/.m2/repository/jakarta/annotation/jakarta.annotation-api/2.1.1/jakarta.annotation-api-2.1.1.jar:/home/otavio/.m2/repository/org/yaml/snakeyaml/2.2/snakeyaml-2.2.jar:/home/otavio/.m2/repository/com/pdfprocessor/domain/1.0.0-SNAPSHOT/domain-1.0.0-SNAPSHOT.jar:/home/otavio/.m2/repository/com/fasterxml/jackson/core/jackson-annotations/2.15.3/jackson-annotations-2.15.3.jar:/home/otavio/.m2/repository/com/pdfprocessor/application/1.0.0-SNAPSHOT/application-1.0.0-SNAPSHOT.jar:/home/otavio/.m2/repository/com/pdfprocessor/infrastructure/1.0.0-SNAPSHOT/infrastructure-1.0.0-SNAPSHOT.jar:/home/otavio/.m2/repository/com/fasterxml/jackson/core/jackson-databind/2.15.3/jackson-databind-2.15.3.jar:/home/otavio/.m2/repository/com/fasterxml/jackson/core/jackson-core/2.15.3/jackson-core-2.15.3.jar:/home/otavio/.m2/repository/com/fasterxml/jackson/datatype/jackson-datatype-jsr310/2.15.3/jackson-datatype-jsr310-2.15.3.jar:/home/otavio/.m2/repository/org/apache/pdfbox/pdfbox/3.0.1/pdfbox-3.0.1.jar:/home/otavio/.m2/repository/org/apache/pdfbox/pdfbox-io/3.0.1/pdfbox-io-3.0.1.jar:/home/otavio/.m2/repository/org/apache/pdfbox/fontbox/3.0.1/fontbox-3.0.1.jar:/home/otavio/.m2/repository/commons-logging/commons-logging/1.2/commons-logging-1.2.jar:/home/otavio/.m2/repository/org/apache/pdfbox/preflight/3.0.1/preflight-3.0.1.jar:/home/otavio/.m2/repository/org/apache/pdfbox/xmpbox/3.0.1/xmpbox-3.0.1.jar:/home/otavio/.m2/repository/net/sourceforge/tess4j/tess4j/5.9.0/tess4j-5.9.0.jar:/home/otavio/.m2/repository/net/java/dev/jna/jna/5.13.0/jna-5.13.0.jar:/home/otavio/.m2/repository/com/github/jai-imageio/jai-imageio-core/1.4.0/jai-imageio-core-1.4.0.jar:/home/otavio/.m2/repository/org/apache/pdfbox/pdfbox-tools/3.0.1/pdfbox-tools-3.0.1.jar:/home/otavio/.m2/repository/org/apache/pdfbox/pdfbox-debugger/3.0.1/pdfbox-debugger-3.0.1.jar:/home/otavio/.m2/repository/info/picocli/picocli/4.7.5/picocli-4.7.5.jar:/home/otavio/.m2/repository/org/apache/pdfbox/jbig2-imageio/3.0.4/jbig2-imageio-3.0.4.jar:/home/otavio/.m2/repository/commons-io/commons-io/2.15.1/commons-io-2.15.1.jar:/home/otavio/.m2/repository/net/sourceforge/lept4j/lept4j/1.18.2/lept4j-1.18.2.jar:/home/otavio/.m2/repository/org/jboss/jboss-vfs/3.2.17.Final/jboss-vfs-3.2.17.Final.jar:/home/otavio/.m2/repository/com/twelvemonkeys/imageio/imageio-core/3.10.1/imageio-core-3.10.1.jar:/home/otavio/.m2/repository/com/twelvemonkeys/common/common-lang/3.10.1/common-lang-3.10.1.jar:/home/otavio/.m2/repository/com/twelvemonkeys/common/common-io/3.10.1/common-io-3.10.1.jar:/home/otavio/.m2/repository/com/twelvemonkeys/common/common-image/3.10.1/common-image-3.10.1.jar:/home/otavio/.m2/repository/com/twelvemonkeys/imageio/imageio-jpeg/3.10.1/imageio-jpeg-3.10.1.jar:/home/otavio/.m2/repository/com/twelvemonkeys/imageio/imageio-metadata/3.10.1/imageio-metadata-3.10.1.jar:/home/otavio/.m2/repository/com/twelvemonkeys/imageio/imageio-tiff/3.10.1/imageio-tiff-3.10.1.jar:/home/otavio/.m2/repository/org/springframework/boot/spring-boot-starter-test/3.2.1/spring-boot-starter-test-3.2.1.jar:/home/otavio/.m2/repository/org/springframework/boot/spring-boot-test/3.2.1/spring-boot-test-3.2.1.jar:/home/otavio/.m2/repository/com/jayway/jsonpath/json-path/2.8.0/json-path-2.8.0.jar:/home/otavio/.m2/repository/jakarta/xml/bind/jakarta.xml.bind-api/4.0.1/jakarta.xml.bind-api-4.0.1.jar:/home/otavio/.m2/repository/jakarta/activation/jakarta.activation-api/2.1.2/jakarta.activation-api-2.1.2.jar:/home/otavio/.m2/repository/net/minidev/json-smart/2.5.0/json-smart-2.5.0.jar:/home/otavio/.m2/repository/net/minidev/accessors-smart/2.5.0/accessors-smart-2.5.0.jar:/home/otavio/.m2/repository/org/ow2/asm/asm/9.3/asm-9.3.jar:/home/otavio/.m2/repository/org/assertj/assertj-core/3.24.2/assertj-core-3.24.2.jar:/home/otavio/.m2/repository/net/bytebuddy/byte-buddy/1.14.10/byte-buddy-1.14.10.jar:/home/otavio/.m2/repository/org/hamcrest/hamcrest/2.2/hamcrest-2.2.jar:/home/otavio/.m2/repository/org/junit/jupiter/junit-jupiter/5.10.1/junit-jupiter-5.10.1.jar:/home/otavio/.m2/repository/org/junit/jupiter/junit-jupiter-api/5.10.1/junit-jupiter-api-5.10.1.jar:/home/otavio/.m2/repository/org/opentest4j/opentest4j/1.3.0/opentest4j-1.3.0.jar:/home/otavio/.m2/repository/org/junit/platform/junit-platform-commons/1.10.1/junit-platform-commons-1.10.1.jar:/home/otavio/.m2/repository/org/apiguardian/apiguardian-api/1.1.2/apiguardian-api-1.1.2.jar:/home/otavio/.m2/repository/org/junit/jupiter/junit-jupiter-params/5.10.1/junit-jupiter-params-5.10.1.jar:/home/otavio/.m2/repository/org/junit/jupiter/junit-jupiter-engine/5.10.1/junit-jupiter-engine-5.10.1.jar:/home/otavio/.m2/repository/org/junit/platform/junit-platform-engine/1.10.1/junit-platform-engine-1.10.1.jar:/home/otavio/.m2/repository/org/mockito/mockito-core/5.7.0/mockito-core-5.7.0.jar:/home/otavio/.m2/repository/net/bytebuddy/byte-buddy-agent/1.14.10/byte-buddy-agent-1.14.10.jar:/home/otavio/.m2/repository/org/objenesis/objenesis/3.3/objenesis-3.3.jar:/home/otavio/.m2/repository/org/mockito/mockito-junit-jupiter/5.7.0/mockito-junit-jupiter-5.7.0.jar:/home/otavio/.m2/repository/org/skyscreamer/jsonassert/1.5.1/jsonassert-1.5.1.jar:/home/otavio/.m2/repository/com/vaadin/external/google/android-json/0.0.20131108.vaadin1/android-json-0.0.20131108.vaadin1.jar:/home/otavio/.m2/repository/org/springframework/spring-core/6.1.2/spring-core-6.1.2.jar:/home/otavio/.m2/repository/org/springframework/spring-jcl/6.1.2/spring-jcl-6.1.2.jar:/home/otavio/.m2/repository/org/springframework/spring-test/6.1.2/spring-test-6.1.2.jar:/home/otavio/.m2/repository/org/xmlunit/xmlunit-core/2.9.1/xmlunit-core-2.9.1.jar:/home/otavio/.m2/repository/org/springframework/boot/spring-boot-test-autoconfigure/3.2.1/spring-boot-test-autoconfigure-3.2.1.jar:/home/otavio/.m2/repository/org/springframework/boot/spring-boot/3.2.1/spring-boot-3.2.1.jar:/home/otavio/.m2/repository/org/springframework/spring-context/6.1.2/spring-context-6.1.2.jar:/home/otavio/.m2/repository/org/springframework/boot/spring-boot-autoconfigure/3.2.1/spring-boot-autoconfigure-3.2.1.jar:/home/otavio/.m2/repository/org/testcontainers/testcontainers/1.19.3/testcontainers-1.19.3.jar:/home/otavio/.m2/repository/junit/junit/4.13.2/junit-4.13.2.jar:/home/otavio/.m2/repository/org/hamcrest/hamcrest-core/2.2/hamcrest-core-2.2.jar:/home/otavio/.m2/repository/org/slf4j/slf4j-api/2.0.9/slf4j-api-2.0.9.jar:/home/otavio/.m2/repository/org/apache/commons/commons-compress/1.24.0/commons-compress-1.24.0.jar:/home/otavio/.m2/repository/org/rnorth/duct-tape/duct-tape/1.0.8/duct-tape-1.0.8.jar:/home/otavio/.m2/repository/org/jetbrains/annotations/17.0.0/annotations-17.0.0.jar:/home/otavio/.m2/repository/com/github/docker-java/docker-java-api/3.3.4/docker-java-api-3.3.4.jar:/home/otavio/.m2/repository/com/github/docker-java/docker-java-transport-zerodep/3.3.4/docker-java-transport-zerodep-3.3.4.jar:/home/otavio/.m2/repository/com/github/docker-java/docker-java-transport/3.3.4/docker-java-transport-3.3.4.jar:/home/otavio/.m2/repository/org/testcontainers/junit-jupiter/1.19.3/junit-jupiter-1.19.3.jar:/home/otavio/.m2/repository/io/rest-assured/rest-assured/5.3.2/rest-assured-5.3.2.jar:/home/otavio/.m2/repository/org/apache/groovy/groovy/4.0.16/groovy-4.0.16.jar:/home/otavio/.m2/repository/org/apache/groovy/groovy-xml/4.0.16/groovy-xml-4.0.16.jar:/home/otavio/.m2/repository/org/apache/httpcomponents/httpclient/4.5.13/httpclient-4.5.13.jar:/home/otavio/.m2/repository/org/apache/httpcomponents/httpcore/4.4.16/httpcore-4.4.16.jar:/home/otavio/.m2/repository/commons-codec/commons-codec/1.16.0/commons-codec-1.16.0.jar:/home/otavio/.m2/repository/org/apache/httpcomponents/httpmime/4.5.13/httpmime-4.5.13.jar:/home/otavio/.m2/repository/org/ccil/cowan/tagsoup/tagsoup/1.2.1/tagsoup-1.2.1.jar:/home/otavio/.m2/repository/io/rest-assured/xml-path/5.3.2/xml-path-5.3.2.jar:/home/otavio/.m2/repository/org/apache/commons/commons-lang3/3.13.0/commons-lang3-3.13.0.jar:/home/otavio/.m2/repository/io/rest-assured/json-path/5.3.2/json-path-5.3.2.jar:/home/otavio/.m2/repository/org/apache/groovy/groovy-json/4.0.16/groovy-json-4.0.16.jar:/home/otavio/.m2/repository/io/rest-assured/rest-assured-common/5.3.2/rest-assured-common-5.3.2.jar:/home/otavio/.m2/repository/org/awaitility/awaitility/4.2.0/awaitility-4.2.0.jar:/home/otavio/.m2/repository/com/h2database/h2/2.2.224/h2-2.2.224.jar:"/>
    <property name="java.vm.vendor" value="Ubuntu"/>
    <property name="sun.arch.data.model" value="64"/>
    <property name="catalina.useNaming" value="false"/>
    <property name="java.vendor.url" value="https://ubuntu.com/"/>
    <property name="user.timezone" value="America/Sao_Paulo"/>
    <property name="org.jboss.logging.provider" value="slf4j"/>
    <property name="os.name" value="Linux"/>
    <property name="java.vm.specification.version" value="21"/>
    <property name="sun.java.launcher" value="SUN_STANDARD"/>
    <property name="sun.boot.library.path" value="/usr/lib/jvm/java-21-openjdk-amd64/lib"/>
    <property name="sun.java.command" value="/home/otavio/API-JAVA/tests/target/surefire/surefirebooter-20250904202634137_3.jar /home/otavio/API-JAVA/tests/target/surefire 2025-09-04T20-26-34_087-jvmRun1 surefire-20250904202634137_1tmp surefire_0-20250904202634137_2tmp"/>
    <property name="jdk.debug" value="release"/>
    <property name="surefire.test.class.path" value="/home/otavio/API-JAVA/tests/target/test-classes:/home/otavio/API-JAVA/tests/target/classes:/home/otavio/.m2/repository/com/pdfprocessor/api/1.0.0-SNAPSHOT/api-1.0.0-SNAPSHOT.jar:/home/otavio/.m2/repository/org/springframework/boot/spring-boot-starter-web/3.2.1/spring-boot-starter-web-3.2.1.jar:/home/otavio/.m2/repository/org/springframework/boot/spring-boot-starter-json/3.2.1/spring-boot-starter-json-3.2.1.jar:/home/otavio/.m2/repository/com/fasterxml/jackson/datatype/jackson-datatype-jdk8/2.15.3/jackson-datatype-jdk8-2.15.3.jar:/home/otavio/.m2/repository/com/fasterxml/jackson/module/jackson-module-parameter-names/2.15.3/jackson-module-parameter-names-2.15.3.jar:/home/otavio/.m2/repository/org/springframework/boot/spring-boot-starter-tomcat/3.2.1/spring-boot-starter-tomcat-3.2.1.jar:/home/otavio/.m2/repository/org/apache/tomcat/embed/tomcat-embed-core/10.1.17/tomcat-embed-core-10.1.17.jar:/home/otavio/.m2/repository/org/apache/tomcat/embed/tomcat-embed-websocket/10.1.17/tomcat-embed-websocket-10.1.17.jar:/home/otavio/.m2/repository/org/springframework/spring-web/6.1.2/spring-web-6.1.2.jar:/home/otavio/.m2/repository/org/springframework/spring-beans/6.1.2/spring-beans-6.1.2.jar:/home/otavio/.m2/repository/org/springframework/spring-webmvc/6.1.2/spring-webmvc-6.1.2.jar:/home/otavio/.m2/repository/org/springframework/spring-expression/6.1.2/spring-expression-6.1.2.jar:/home/otavio/.m2/repository/org/springframework/boot/spring-boot-starter-validation/3.2.1/spring-boot-starter-validation-3.2.1.jar:/home/otavio/.m2/repository/org/apache/tomcat/embed/tomcat-embed-el/10.1.17/tomcat-embed-el-10.1.17.jar:/home/otavio/.m2/repository/org/hibernate/validator/hibernate-validator/8.0.1.Final/hibernate-validator-8.0.1.Final.jar:/home/otavio/.m2/repository/jakarta/validation/jakarta.validation-api/3.0.2/jakarta.validation-api-3.0.2.jar:/home/otavio/.m2/repository/org/jboss/logging/jboss-logging/3.5.3.Final/jboss-logging-3.5.3.Final.jar:/home/otavio/.m2/repository/com/fasterxml/classmate/1.6.0/classmate-1.6.0.jar:/home/otavio/.m2/repository/org/springframework/boot/spring-boot-starter-actuator/3.2.1/spring-boot-starter-actuator-3.2.1.jar:/home/otavio/.m2/repository/org/springframework/boot/spring-boot-actuator-autoconfigure/3.2.1/spring-boot-actuator-autoconfigure-3.2.1.jar:/home/otavio/.m2/repository/org/springframework/boot/spring-boot-actuator/3.2.1/spring-boot-actuator-3.2.1.jar:/home/otavio/.m2/repository/io/micrometer/micrometer-observation/1.12.1/micrometer-observation-1.12.1.jar:/home/otavio/.m2/repository/io/micrometer/micrometer-jakarta9/1.12.1/micrometer-jakarta9-1.12.1.jar:/home/otavio/.m2/repository/org/springframework/boot/spring-boot-starter-data-redis/3.2.1/spring-boot-starter-data-redis-3.2.1.jar:/home/otavio/.m2/repository/io/lettuce/lettuce-core/6.3.0.RELEASE/lettuce-core-6.3.0.RELEASE.jar:/home/otavio/.m2/repository/io/netty/netty-common/4.1.104.Final/netty-common-4.1.104.Final.jar:/home/otavio/.m2/repository/io/netty/netty-handler/4.1.104.Final/netty-handler-4.1.104.Final.jar:/home/otavio/.m2/repository/io/netty/netty-resolver/4.1.104.Final/netty-resolver-4.1.104.Final.jar:/home/otavio/.m2/repository/io/netty/netty-buffer/4.1.104.Final/netty-buffer-4.1.104.Final.jar:/home/otavio/.m2/repository/io/netty/netty-transport-native-unix-common/4.1.104.Final/netty-transport-native-unix-common-4.1.104.Final.jar:/home/otavio/.m2/repository/io/netty/netty-codec/4.1.104.Final/netty-codec-4.1.104.Final.jar:/home/otavio/.m2/repository/io/netty/netty-transport/4.1.104.Final/netty-transport-4.1.104.Final.jar:/home/otavio/.m2/repository/io/projectreactor/reactor-core/3.6.1/reactor-core-3.6.1.jar:/home/otavio/.m2/repository/org/reactivestreams/reactive-streams/1.0.4/reactive-streams-1.0.4.jar:/home/otavio/.m2/repository/org/springframework/data/spring-data-redis/3.2.1/spring-data-redis-3.2.1.jar:/home/otavio/.m2/repository/org/springframework/data/spring-data-keyvalue/3.2.1/spring-data-keyvalue-3.2.1.jar:/home/otavio/.m2/repository/org/springframework/data/spring-data-commons/3.2.1/spring-data-commons-3.2.1.jar:/home/otavio/.m2/repository/org/springframework/spring-tx/6.1.2/spring-tx-6.1.2.jar:/home/otavio/.m2/repository/org/springframework/spring-oxm/6.1.2/spring-oxm-6.1.2.jar:/home/otavio/.m2/repository/org/springframework/spring-context-support/6.1.2/spring-context-support-6.1.2.jar:/home/otavio/.m2/repository/org/springframework/boot/spring-boot-starter-security/3.2.1/spring-boot-starter-security-3.2.1.jar:/home/otavio/.m2/repository/org/springframework/spring-aop/6.1.2/spring-aop-6.1.2.jar:/home/otavio/.m2/repository/org/springframework/security/spring-security-config/6.2.1/spring-security-config-6.2.1.jar:/home/otavio/.m2/repository/org/springframework/security/spring-security-core/6.2.1/spring-security-core-6.2.1.jar:/home/otavio/.m2/repository/org/springframework/security/spring-security-crypto/6.2.1/spring-security-crypto-6.2.1.jar:/home/otavio/.m2/repository/org/springframework/security/spring-security-web/6.2.1/spring-security-web-6.2.1.jar:/home/otavio/.m2/repository/io/micrometer/micrometer-core/1.12.1/micrometer-core-1.12.1.jar:/home/otavio/.m2/repository/io/micrometer/micrometer-commons/1.12.1/micrometer-commons-1.12.1.jar:/home/otavio/.m2/repository/org/hdrhistogram/HdrHistogram/2.1.12/HdrHistogram-2.1.12.jar:/home/otavio/.m2/repository/org/latencyutils/LatencyUtils/2.0.3/LatencyUtils-2.0.3.jar:/home/otavio/.m2/repository/org/springdoc/springdoc-openapi-starter-webmvc-ui/2.3.0/springdoc-openapi-starter-webmvc-ui-2.3.0.jar:/home/otavio/.m2/repository/org/springdoc/springdoc-openapi-starter-webmvc-api/2.3.0/springdoc-openapi-starter-webmvc-api-2.3.0.jar:/home/otavio/.m2/repository/org/springdoc/springdoc-openapi-starter-common/2.3.0/springdoc-openapi-starter-common-2.3.0.jar:/home/otavio/.m2/repository/io/swagger/core/v3/swagger-core-jakarta/2.2.19/swagger-core-jakarta-2.2.19.jar:/home/otavio/.m2/repository/io/swagger/core/v3/swagger-annotations-jakarta/2.2.19/swagger-annotations-jakarta-2.2.19.jar:/home/otavio/.m2/repository/io/swagger/core/v3/swagger-models-jakarta/2.2.19/swagger-models-jakarta-2.2.19.jar:/home/otavio/.m2/repository/com/fasterxml/jackson/dataformat/jackson-dataformat-yaml/2.15.3/jackson-dataformat-yaml-2.15.3.jar:/home/otavio/.m2/repository/org/webjars/swagger-ui/5.10.3/swagger-ui-5.10.3.jar:/home/otavio/.m2/repository/org/springframework/boot/spring-boot-starter-jdbc/3.2.1/spring-boot-starter-jdbc-3.2.1.jar:/home/otavio/.m2/repository/com/zaxxer/HikariCP/5.0.1/HikariCP-5.0.1.jar:/home/otavio/.m2/repository/org/springframework/spring-jdbc/6.1.2/spring-jdbc-6.1.2.jar:/home/otavio/.m2/repository/com/pdfprocessor/worker/1.0.0-SNAPSHOT/worker-1.0.0-SNAPSHOT.jar:/home/otavio/.m2/repository/org/springframework/boot/spring-boot-starter/3.2.1/spring-boot-starter-3.2.1.jar:/home/otavio/.m2/repository/org/springframework/boot/spring-boot-starter-logging/3.2.1/spring-boot-starter-logging-3.2.1.jar:/home/otavio/.m2/repository/ch/qos/logback/logback-classic/1.4.14/logback-classic-1.4.14.jar:/home/otavio/.m2/repository/ch/qos/logback/logback-core/1.4.14/logback-core-1.4.14.jar:/home/otavio/.m2/repository/org/apache/logging/log4j/log4j-to-slf4j/2.21.1/log4j-to-slf4j-2.21.1.jar:/home/otavio/.m2/repository/org/apache/logging/log4j/log4j-api/2.21.1/log4j-api-2.21.1.jar:/home/otavio/.m2/repository/org/slf4j/jul-to-slf4j/2.0.9/jul-to-slf4j-2.0.9.jar:/home/otavio/.m2/repository/jakarta/annotation/jakarta.annotation-api/2.1.1/jakarta.annotation-api-2.1.1.jar:/home/otavio/.m2/repository/org/yaml/snakeyaml/2.2/snakeyaml-2.2.jar:/home/otavio/.m2/repository/com/pdfprocessor/domain/1.0.0-SNAPSHOT/domain-1.0.0-SNAPSHOT.jar:/home/otavio/.m2/repository/com/fasterxml/jackson/core/jackson-annotations/2.15.3/jackson-annotations-2.15.3.jar:/home/otavio/.m2/repository/com/pdfprocessor/application/1.0.0-SNAPSHOT/application-1.0.0-SNAPSHOT.jar:/home/otavio/.m2/repository/com/pdfprocessor/infrastructure/1.0.0-SNAPSHOT/infrastructure-1.0.0-SNAPSHOT.jar:/home/otavio/.m2/repository/com/fasterxml/jackson/core/jackson-databind/2.15.3/jackson-databind-2.15.3.jar:/home/otavio/.m2/repository/com/fasterxml/jackson/core/jackson-core/2.15.3/jackson-core-2.15.3.jar:/home/otavio/.m2/repository/com/fasterxml/jackson/datatype/jackson-datatype-jsr310/2.15.3/jackson-datatype-jsr310-2.15.3.jar:/home/otavio/.m2/repository/org/apache/pdfbox/pdfbox/3.0.1/pdfbox-3.0.1.jar:/home/otavio/.m2/repository/org/apache/pdfbox/pdfbox-io/3.0.1/pdfbox-io-3.0.1.jar:/home/otavio/.m2/repository/org/apache/pdfbox/fontbox/3.0.1/fontbox-3.0.1.jar:/home/otavio/.m2/repository/commons-logging/commons-logging/1.2/commons-logging-1.2.jar:/home/otavio/.m2/repository/org/apache/pdfbox/preflight/3.0.1/preflight-3.0.1.jar:/home/otavio/.m2/repository/org/apache/pdfbox/xmpbox/3.0.1/xmpbox-3.0.1.jar:/home/otavio/.m2/repository/net/sourceforge/tess4j/tess4j/5.9.0/tess4j-5.9.0.jar:/home/otavio/.m2/repository/net/java/dev/jna/jna/5.13.0/jna-5.13.0.jar:/home/otavio/.m2/repository/com/github/jai-imageio/jai-imageio-core/1.4.0/jai-imageio-core-1.4.0.jar:/home/otavio/.m2/repository/org/apache/pdfbox/pdfbox-tools/3.0.1/pdfbox-tools-3.0.1.jar:/home/otavio/.m2/repository/org/apache/pdfbox/pdfbox-debugger/3.0.1/pdfbox-debugger-3.0.1.jar:/home/otavio/.m2/repository/info/picocli/picocli/4.7.5/picocli-4.7.5.jar:/home/otavio/.m2/repository/org/apache/pdfbox/jbig2-imageio/3.0.4/jbig2-imageio-3.0.4.jar:/home/otavio/.m2/repository/commons-io/commons-io/2.15.1/commons-io-2.15.1.jar:/home/otavio/.m2/repository/net/sourceforge/lept4j/lept4j/1.18.2/lept4j-1.18.2.jar:/home/otavio/.m2/repository/org/jboss/jboss-vfs/3.2.17.Final/jboss-vfs-3.2.17.Final.jar:/home/otavio/.m2/repository/com/twelvemonkeys/imageio/imageio-core/3.10.1/imageio-core-3.10.1.jar:/home/otavio/.m2/repository/com/twelvemonkeys/common/common-lang/3.10.1/common-lang-3.10.1.jar:/home/otavio/.m2/repository/com/twelvemonkeys/common/common-io/3.10.1/common-io-3.10.1.jar:/home/otavio/.m2/repository/com/twelvemonkeys/common/common-image/3.10.1/common-image-3.10.1.jar:/home/otavio/.m2/repository/com/twelvemonkeys/imageio/imageio-jpeg/3.10.1/imageio-jpeg-3.10.1.jar:/home/otavio/.m2/repository/com/twelvemonkeys/imageio/imageio-metadata/3.10.1/imageio-metadata-3.10.1.jar:/home/otavio/.m2/repository/com/twelvemonkeys/imageio/imageio-tiff/3.10.1/imageio-tiff-3.10.1.jar:/home/otavio/.m2/repository/org/springframework/boot/spring-boot-starter-test/3.2.1/spring-boot-starter-test-3.2.1.jar:/home/otavio/.m2/repository/org/springframework/boot/spring-boot-test/3.2.1/spring-boot-test-3.2.1.jar:/home/otavio/.m2/repository/com/jayway/jsonpath/json-path/2.8.0/json-path-2.8.0.jar:/home/otavio/.m2/repository/jakarta/xml/bind/jakarta.xml.bind-api/4.0.1/jakarta.xml.bind-api-4.0.1.jar:/home/otavio/.m2/repository/jakarta/activation/jakarta.activation-api/2.1.2/jakarta.activation-api-2.1.2.jar:/home/otavio/.m2/repository/net/minidev/json-smart/2.5.0/json-smart-2.5.0.jar:/home/otavio/.m2/repository/net/minidev/accessors-smart/2.5.0/accessors-smart-2.5.0.jar:/home/otavio/.m2/repository/org/ow2/asm/asm/9.3/asm-9.3.jar:/home/otavio/.m2/repository/org/assertj/assertj-core/3.24.2/assertj-core-3.24.2.jar:/home/otavio/.m2/repository/net/bytebuddy/byte-buddy/1.14.10/byte-buddy-1.14.10.jar:/home/otavio/.m2/repository/org/hamcrest/hamcrest/2.2/hamcrest-2.2.jar:/home/otavio/.m2/repository/org/junit/jupiter/junit-jupiter/5.10.1/junit-jupiter-5.10.1.jar:/home/otavio/.m2/repository/org/junit/jupiter/junit-jupiter-api/5.10.1/junit-jupiter-api-5.10.1.jar:/home/otavio/.m2/repository/org/opentest4j/opentest4j/1.3.0/opentest4j-1.3.0.jar:/home/otavio/.m2/repository/org/junit/platform/junit-platform-commons/1.10.1/junit-platform-commons-1.10.1.jar:/home/otavio/.m2/repository/org/apiguardian/apiguardian-api/1.1.2/apiguardian-api-1.1.2.jar:/home/otavio/.m2/repository/org/junit/jupiter/junit-jupiter-params/5.10.1/junit-jupiter-params-5.10.1.jar:/home/otavio/.m2/repository/org/junit/jupiter/junit-jupiter-engine/5.10.1/junit-jupiter-engine-5.10.1.jar:/home/otavio/.m2/repository/org/junit/platform/junit-platform-engine/1.10.1/junit-platform-engine-1.10.1.jar:/home/otavio/.m2/repository/org/mockito/mockito-core/5.7.0/mockito-core-5.7.0.jar:/home/otavio/.m2/repository/net/bytebuddy/byte-buddy-agent/1.14.10/byte-buddy-agent-1.14.10.jar:/home/otavio/.m2/repository/org/objenesis/objenesis/3.3/objenesis-3.3.jar:/home/otavio/.m2/repository/org/mockito/mockito-junit-jupiter/5.7.0/mockito-junit-jupiter-5.7.0.jar:/home/otavio/.m2/repository/org/skyscreamer/jsonassert/1.5.1/jsonassert-1.5.1.jar:/home/otavio/.m2/repository/com/vaadin/external/google/android-json/0.0.20131108.vaadin1/android-json-0.0.20131108.vaadin1.jar:/home/otavio/.m2/repository/org/springframework/spring-core/6.1.2/spring-core-6.1.2.jar:/home/otavio/.m2/repository/org/springframework/spring-jcl/6.1.2/spring-jcl-6.1.2.jar:/home/otavio/.m2/repository/org/springframework/spring-test/6.1.2/spring-test-6.1.2.jar:/home/otavio/.m2/repository/org/xmlunit/xmlunit-core/2.9.1/xmlunit-core-2.9.1.jar:/home/otavio/.m2/repository/org/springframework/boot/spring-boot-test-autoconfigure/3.2.1/spring-boot-test-autoconfigure-3.2.1.jar:/home/otavio/.m2/repository/org/springframework/boot/spring-boot/3.2.1/spring-boot-3.2.1.jar:/home/otavio/.m2/repository/org/springframework/spring-context/6.1.2/spring-context-6.1.2.jar:/home/otavio/.m2/repository/org/springframework/boot/spring-boot-autoconfigure/3.2.1/spring-boot-autoconfigure-3.2.1.jar:/home/otavio/.m2/repository/org/testcontainers/testcontainers/1.19.3/testcontainers-1.19.3.jar:/home/otavio/.m2/repository/junit/junit/4.13.2/junit-4.13.2.jar:/home/otavio/.m2/repository/org/hamcrest/hamcrest-core/2.2/hamcrest-core-2.2.jar:/home/otavio/.m2/repository/org/slf4j/slf4j-api/2.0.9/slf4j-api-2.0.9.jar:/home/otavio/.m2/repository/org/apache/commons/commons-compress/1.24.0/commons-compress-1.24.0.jar:/home/otavio/.m2/repository/org/rnorth/duct-tape/duct-tape/1.0.8/duct-tape-1.0.8.jar:/home/otavio/.m2/repository/org/jetbrains/annotations/17.0.0/annotations-17.0.0.jar:/home/otavio/.m2/repository/com/github/docker-java/docker-java-api/3.3.4/docker-java-api-3.3.4.jar:/home/otavio/.m2/repository/com/github/docker-java/docker-java-transport-zerodep/3.3.4/docker-java-transport-zerodep-3.3.4.jar:/home/otavio/.m2/repository/com/github/docker-java/docker-java-transport/3.3.4/docker-java-transport-3.3.4.jar:/home/otavio/.m2/repository/org/testcontainers/junit-jupiter/1.19.3/junit-jupiter-1.19.3.jar:/home/otavio/.m2/repository/io/rest-assured/rest-assured/5.3.2/rest-assured-5.3.2.jar:/home/otavio/.m2/repository/org/apache/groovy/groovy/4.0.16/groovy-4.0.16.jar:/home/otavio/.m2/repository/org/apache/groovy/groovy-xml/4.0.16/groovy-xml-4.0.16.jar:/home/otavio/.m2/repository/org/apache/httpcomponents/httpclient/4.5.13/httpclient-4.5.13.jar:/home/otavio/.m2/repository/org/apache/httpcomponents/httpcore/4.4.16/httpcore-4.4.16.jar:/home/otavio/.m2/repository/commons-codec/commons-codec/1.16.0/commons-codec-1.16.0.jar:/home/otavio/.m2/repository/org/apache/httpcomponents/httpmime/4.5.13/httpmime-4.5.13.jar:/home/otavio/.m2/repository/org/ccil/cowan/tagsoup/tagsoup/1.2.1/tagsoup-1.2.1.jar:/home/otavio/.m2/repository/io/rest-assured/xml-path/5.3.2/xml-path-5.3.2.jar:/home/otavio/.m2/repository/org/apache/commons/commons-lang3/3.13.0/commons-lang3-3.13.0.jar:/home/otavio/.m2/repository/io/rest-assured/json-path/5.3.2/json-path-5.3.2.jar:/home/otavio/.m2/repository/org/apache/groovy/groovy-json/4.0.16/groovy-json-4.0.16.jar:/home/otavio/.m2/repository/io/rest-assured/rest-assured-common/5.3.2/rest-assured-common-5.3.2.jar:/home/otavio/.m2/repository/org/awaitility/awaitility/4.2.0/awaitility-4.2.0.jar:/home/otavio/.m2/repository/com/h2database/h2/2.2.224/h2-2.2.224.jar:"/>
    <property name="test" value="SimpleAuthTest"/>
    <property name="sun.cpu.endian" value="little"/>
    <property name="user.home" value="/home/otavio"/>
    <property name="user.language" value="en"/>
    <property name="java.specification.vendor" value="Oracle Corporation"/>
    <property name="java.version.date" value="2025-07-15"/>
    <property name="java.home" value="/usr/lib/jvm/java-21-openjdk-amd64"/>
    <property name="spring.profiles.active" value="test"/>
    <property name="file.separator" value="/"/>
    <property name="basedir" value="/home/otavio/API-JAVA/tests"/>
    <property name="java.vm.compressedOopsMode" value="32-bit"/>
    <property name="line.separator" value="&#10;"/>
    <property name="java.vm.specification.vendor" value="Oracle Corporation"/>
    <property name="java.specification.name" value="Java Platform API Specification"/>
    <property name="FILE_LOG_CHARSET" value="UTF-8"/>
    <property name="java.awt.headless" value="true"/>
    <property name="surefire.real.class.path" value="/home/otavio/API-JAVA/tests/target/surefire/surefirebooter-20250904202634137_3.jar"/>
    <property name="sun.management.compiler" value="HotSpot 64-Bit Tiered Compilers"/>
    <property name="java.runtime.version" value="21.0.8+9-Ubuntu-0ubuntu124.04.1"/>
    <property name="user.name" value="otavio"/>
    <property name="stdout.encoding" value="UTF-8"/>
    <property name="path.separator" value=":"/>
    <property name="os.version" value="6.6.87.2-microsoft-standard-WSL2"/>
    <property name="java.runtime.name" value="OpenJDK Runtime Environment"/>
    <property name="file.encoding" value="UTF-8"/>
    <property name="FILE_LOG_PATTERN" value="%d{yyyy-MM-dd HH:mm:ss} [%thread] %-5level %logger{36} - %msg%n"/>
    <property name="java.vm.name" value="OpenJDK 64-Bit Server VM"/>
    <property name="localRepository" value="/home/otavio/.m2/repository"/>
    <property name="java.vendor.url.bug" value="https://bugs.launchpad.net/ubuntu/+source/openjdk-21"/>
    <property name="java.io.tmpdir" value="/tmp"/>
    <property name="catalina.home" value="/tmp/tomcat.0.12439342011980273209"/>
    <property name="java.version" value="21.0.8"/>
    <property name="user.dir" value="/home/otavio/API-JAVA/tests"/>
    <property name="os.arch" value="amd64"/>
    <property name="java.vm.specification.name" value="Java Virtual Machine Specification"/>
    <property name="PID" value="541728"/>
    <property name="CONSOLE_LOG_CHARSET" value="UTF-8"/>
    <property name="catalina.base" value="/tmp/tomcat.0.12439342011980273209"/>
    <property name="native.encoding" value="UTF-8"/>
    <property name="java.library.path" value="/usr/java/packages/lib:/usr/lib/x86_64-linux-gnu/jni:/lib/x86_64-linux-gnu:/usr/lib/x86_64-linux-gnu:/usr/lib/jni:/lib:/usr/lib"/>
    <property name="java.vm.info" value="mixed mode, sharing"/>
    <property name="stderr.encoding" value="UTF-8"/>
    <property name="java.vendor" value="Ubuntu"/>
    <property name="java.vm.version" value="21.0.8+9-Ubuntu-0ubuntu124.04.1"/>
    <property name="sun.io.unicode.encoding" value="UnicodeLittle"/>
    <property name="java.class.version" value="65.0"/>
    <property name="CONSOLE_LOG_PATTERN" value="%d{yyyy-MM-dd HH:mm:ss} - %msg%n"/>
    <property name="LOGGED_APPLICATION_NAME" value="[pdf-processor-api] "/>
  </properties>
  <testcase name="shouldAcceptGetRequestWithValidApiKey" classname="com.pdfprocessor.integration.SimpleAuthTest" time="2.743">
    <system-out><![CDATA[Standard Commons Logging discovery in action with spring-jcl: please remove commons-logging.jar from classpath in order to avoid potential conflicts

  .   ____          _            __ _ _
 /\\ / ___'_ __ _ _(_)_ __  __ _ \ \ \ \
( ( )\___ | '_ | '_| | '_ \/ _` | \ \ \ \
 \\/  ___)| |_)| | | | | || (_| |  ) ) ) )
  '  |____| .__|_| |_|_| |_\__, | / / / /
 =========|_|==============|___/=/_/_/_/
 :: Spring Boot ::                (v3.2.1)

2025-09-04 20:26:36 - &amp#27;[34mINFO &amp#27;[0;39m [main] c.p.integration.SimpleAuthTest - Starting SimpleAuthTest using Java 21.0.8 with PID 541728 (started by otavio in /home/otavio/API-JAVA/tests)
2025-09-04 20:26:36 - &amp#27;[39mDEBUG&amp#27;[0;39m [main] c.p.integration.SimpleAuthTest - Running with Spring Boot v3.2.1, Spring v6.1.2
2025-09-04 20:26:36 - &amp#27;[34mINFO &amp#27;[0;39m [main] c.p.integration.SimpleAuthTest - The following 1 profile is active: "test"
Standard Commons Logging discovery in action with spring-jcl: please remove commons-logging.jar from classpath in order to avoid potential conflicts
[DEBUG] ===== ApiKeyAuthenticationFilter CONSTRUTOR CHAMADO =====
[DEBUG] Chaves API válidas: [test-key-67890]
2025-09-04 20:26:39 - &amp#27;[39mDEBUG&amp#27;[0;39m [main] c.p.a.c.ApiKeyAuthenticationFilter - Filter 'apiKeyAuthenticationFilter' configured for use
2025-09-04 20:26:39 - &amp#27;[31mWARN &amp#27;[0;39m [main] o.s.b.a.s.s.UserDetailsServiceAutoConfiguration - 

Using generated security password: 56bf800b-da6b-40a8-80ad-f8b943a7e6b8

This generated password is for development use only. Your security configuration must be updated before running your application in production.

2025-09-04 20:26:40 - &amp#27;[34mINFO &amp#27;[0;39m [main] c.p.integration.SimpleAuthTest - Started SimpleAuthTest in 4.914 seconds (process running for 6.362)
Testing GET request with valid API key
RestAssured port: 37253
RestAssured basePath: /api/v1
Full URL: http://localhost:37253/api/v1/jobs
Request method:	GET
Request URI:	http://localhost:37253/api/v1/jobs
Proxy:			<none>
Request params:	<none>
Query params:	<none>
Form params:	<none>
Path params:	<none>
Headers:		X-API-Key=test-key-67890
				Accept=*/*
Cookies:		<none>
Multiparts:		<none>
Body:			<none>
[FILTER] ApiKeyAuthenticationFilter executado para: /api/v1/jobs
2025-09-04 20:26:42 - &amp#27;[34mINFO &amp#27;[0;39m [http-nio-auto-1-exec-1] c.p.a.c.ApiKeyAuthenticationFilter - [FILTER] ApiKeyAuthenticationFilter executado para: /api/v1/jobs
[DEBUG] ===== ApiKeyAuthenticationFilter EXECUTADO =====
[DEBUG] Request URI: /api/v1/jobs
[DEBUG] Request Method: GET
[DEBUG] Chave API recebida: test-key-67890
[DEBUG] Chave API válida, definindo autenticação no SecurityContext
[DEBUG] Criando UsernamePasswordAuthenticationToken...
[DEBUG] Token criado: UsernamePasswordAuthenticationToken [Principal=api-user, Credentials=[PROTECTED], Authenticated=true, Details=null, Granted Authorities=[ROLE_API_USER]]
[DEBUG] Authorities: [ROLE_API_USER]
[DEBUG] Autenticação definida com sucesso!
[DEBUG] SecurityContext após definir: UsernamePasswordAuthenticationToken [Principal=api-user, Credentials=[PROTECTED], Authenticated=true, Details=null, Granted Authorities=[ROLE_API_USER]]
[DEBUG] Continuando com a requisição...
2025-09-04 20:26:42 - &amp#27;[34mINFO &amp#27;[0;39m [http-nio-auto-1-exec-1] c.p.api.config.LoggingInterceptor - Request: GET /api/v1/jobs from 127.0.0.1
Found job in Redis: 6e835c93-cca3-4786-9987-20692bfcbf2b
Found job in Redis: 27d791b0-8ce0-4a72-91a5-9f603c7dcd74
Found job in Redis: 58b89f0c-8b5e-4c81-861c-539e12cf8899
Found job in Redis: 35bc1333-351a-48b8-af73-e7498b75c715
Found job in Redis: 3ec43675-2726-466a-841e-e91addc5cbbb
Found job in Redis: 7620dd42-4e5e-4994-8750-558bd89af0e4
Found job in Redis: f1515e0f-121a-4894-bf06-3290f02e14f7
Found job in Redis: 776ef185-c6c7-4f7b-8bcd-c37bd1a46765
Found job in Redis: 1df9a363-8cb4-4c00-87ad-09253a0c3e53
Found job in Redis: ec869227-76c2-4a0c-ae66-e810d8ee8d4d
Found job in Redis: 03fa00fb-fb6c-4b20-8573-373279c557c4
Found job in Redis: 561c5455-2b71-46c0-9e3b-cf3176551e75
Found job in Redis: f459e09c-de1d-4a5b-97e3-526c8bdaca24
Found job in Redis: c591766d-78e7-498f-9ea7-a15665f6f057
Found job in Redis: e95e0d9a-13b4-4d63-9cad-42174be1c00f
Found job in Redis: 1fc4b7be-952e-48da-a0eb-125914ce86a5
Found job in Redis: 3c0d56e0-3c5b-408b-a205-4081556a3eb1
Found job in Redis: 1d63a321-2cd5-4a27-ac94-10220cd3dd9a
Found job in Redis: 57388c35-acaa-4be8-b466-2af8c998b7ac
Found job in Redis: d40f09a2-d411-4ff5-bcd2-ff3ce5ecf94e
2025-09-04 20:26:43 - &amp#27;[34mINFO &amp#27;[0;39m [http-nio-auto-1-exec-1] c.p.api.config.LoggingInterceptor - Response: GET /api/v1/jobs - Status: 200 - Duration: 625ms
[DEBUG] Requisição processada, retornando do filtro
HTTP/1.1 200 
Vary: Origin
Vary: Access-Control-Request-Method
Vary: Access-Control-Request-Headers
X-Content-Type-Options: nosniff
X-Frame-Options: DENY
X-XSS-Protection: 1; mode=block
Content-Security-Policy: default-src 'none'; script-src 'none'; object-src 'none'; base-uri 'none';
Referrer-Policy: no-referrer
Permissions-Policy: camera=(), microphone=(), geolocation=(), payment=(), usb=(), magnetometer=(), gyroscope=(), accelerometer=()
Cache-Control: no-cache, no-store, must-revalidate
Pragma: no-cache
Expires: 0
Server: PDF-Processor-API
Content-Type: application/json
Transfer-Encoding: chunked
Date: Thu, 04 Sep 2025 23:26:43 GMT
Keep-Alive: timeout=60
Connection: keep-alive

[
    {
        "id": "6e835c93-cca3-4786-9987-20692bfcbf2b",
        "operation": "SPLIT",
        "status": "FAILED",
        "inputFiles": [
            "test1.pdf",
            "test2.pdf"
        ],
        "options": {
            "outputPrefix": "page_",
            "inputFile": "test.pdf",
            "pages": "1-3"
        },
        "errorMessage": "Error processing job: 6e835c93-cca3-4786-9987-20692bfcbf2b",
        "resultPath": null,
        "progress": 0,
        "createdAt": [
            2025,
            9,
            3,
            15,
            53,
            33,
            217262465
        ],
        "startedAt": [
            2025,
            9,
            3,
            15,
            53,
            49,
            263203193
        ],
        "completedAt": [
            2025,
            9,
            3,
            15,
            53,
            49,
            268251671
        ]
    },
    {
        "id": "27d791b0-8ce0-4a72-91a5-9f603c7dcd74",
        "operation": "MERGE",
        "status": "PENDING",
        "inputFiles": [
            "./storage/27d791b0-8ce0-4a72-91a5-9f603c7dcd74/test.pdf"
        ],
        "options": {
            
        },
        "errorMessage": null,
        "resultPath": null,
        "progress": 0,
        "createdAt": [
            2025,
            9,
            3,
            21,
            21,
            17,
            802988718
        ],
        "startedAt": null,
        "completedAt": null
    },
    {
        "id": "58b89f0c-8b5e-4c81-861c-539e12cf8899",
        "operation": "MERGE",
        "status": "PENDING",
        "inputFiles": [
            "./storage/58b89f0c-8b5e-4c81-861c-539e12cf8899/test1.pdf"
        ],
        "options": {
            
        },
        "errorMessage": null,
        "resultPath": null,
        "progress": 0,
        "createdAt": [
            2025,
            9,
            4,
            17,
            21,
            44,
            826781318
        ],
        "startedAt": null,
        "completedAt": null
    },
    {
        "id": "35bc1333-351a-48b8-af73-e7498b75c715",
        "operation": "MERGE",
        "status": "COMPLETED",
        "inputFiles": [
            "/home/otavio/API-JAVA/app/api/storage/1df9a363-8cb4-4c00-87ad-09253a0c3e53/test-storage.pdf",
            "/home/otavio/API-JAVA/app/api/storage/3ec43675-2726-466a-841e-e91addc5cbbb/test-storage.pdf"
        ],
        "options": {
            
        },
        "errorMessage": null,
        "resultPath": "./storage/35bc1333-351a-48b8-af73-e7498b75c715/result_35bc1333-351a-48b8-af73-e7498b75c715.pdf",
        "progress": 100,
        "createdAt": [
            2025,
            9,
            3,
            13,
            32,
            28,
            394546009
        ],
        "startedAt": [
            2025,
            9,
            3,
            13,
            32,
            53,
            212197417
        ],
        "completedAt": [
            2025,
            9,
            3,
            13,
            32,
            53,
            214512449
        ]
    },
    {
        "id": "3ec43675-2726-466a-841e-e91addc5cbbb",
        "operation": "SPLIT",
        "status": "COMPLETED",
        "inputFiles": [
            "test-storage.pdf"
        ],
        "options": {
            "pages": "1-3"
        },
        "errorMessage": null,
        "resultPath": "./storage/3ec43675-2726-466a-841e-e91addc5cbbb/result_3ec43675-2726-466a-841e-e91addc5cbbb.pdf",
        "progress": 100,
        "createdAt": [
            2025,
            9,
            3,
            13,
            17,
            39,
            278026518
        ],
        "startedAt": [
            2025,
            9,
            3,
            13,
            32,
            53,
            189519111
        ],
        "completedAt": [
            2025,
            9,
            3,
            13,
            32,
            53,
            208448482
        ]
    },
    {
        "id": "7620dd42-4e5e-4994-8750-558bd89af0e4",
        "operation": "MERGE",
        "status": "PENDING",
        "inputFiles": [
            "./storage/7620dd42-4e5e-4994-8750-558bd89af0e4/test1.pdf"
        ],
        "options": {
            
        },
        "errorMessage": null,
        "resultPath": null,
        "progress": 0,
        "createdAt": [
            2025,
            9,
            4,
            17,
            36,
            52,
            60371066
        ],
        "startedAt": null,
        "completedAt": null
    },
    {
        "id": "f1515e0f-121a-4894-bf06-3290f02e14f7",
        "operation": "MERGE",
        "status": "PENDING",
        "inputFiles": [
            "test1.pdf",
            "test2.pdf"
        ],
        "options": {
            
        },
        "errorMessage": null,
        "resultPath": null,
        "progress": 0,
        "createdAt": [
            2025,
            9,
            3,
            12,
            6,
            16,
            850575725
        ],
        "startedAt": null,
        "completedAt": null
    },
    {
        "id": "776ef185-c6c7-4f7b-8bcd-c37bd1a46765",
        "operation": "MERGE",
        "status": "PENDING",
        "inputFiles": [
            "./storage/776ef185-c6c7-4f7b-8bcd-c37bd1a46765/test.pdf"
        ],
        "options": {
            
        },
        "errorMessage": null,
        "resultPath": null,
        "progress": 0,
        "createdAt": [
            2025,
            9,
            3,
            21,
            20,
            50,
            931542049
        ],
        "startedAt": null,
        "completedAt": null
    },
    {
        "id": "1df9a363-8cb4-4c00-87ad-09253a0c3e53",
        "operation": "SPLIT",
        "status": "COMPLETED",
        "inputFiles": [
            "test-storage.pdf"
        ],
        "options": {
            
        },
        "errorMessage": null,
        "resultPath": "./storage/1df9a363-8cb4-4c00-87ad-09253a0c3e53/result_1df9a363-8cb4-4c00-87ad-09253a0c3e53.pdf",
        "progress": 100,
        "createdAt": [
            2025,
            9,
            3,
            12,
            35,
            2,
            859291717
        ],
        "startedAt": [
            2025,
            9,
            3,
            13,
            8,
            48,
            266384490
        ],
        "completedAt": [
            2025,
            9,
            3,
            13,
            8,
            48,
            267758006
        ]
    },
    {
        "id": "ec869227-76c2-4a0c-ae66-e810d8ee8d4d",
        "operation": "MERGE",
        "status": "PENDING",
        "inputFiles": [
            "./storage/ec869227-76c2-4a0c-ae66-e810d8ee8d4d/test.pdf"
        ],
        "options": {
            
        },
        "errorMessage": null,
        "resultPath": null,
        "progress": 0,
        "createdAt": [
            2025,
            9,
            3,
            21,
            20,
            50,
            911495211
        ],
        "startedAt": null,
        "completedAt": null
    },
    {
        "id": "03fa00fb-fb6c-4b20-8573-373279c557c4",
        "operation": "MERGE",
        "status": "COMPLETED",
        "inputFiles": [
            "/tmp/simple1.pdf",
            "/tmp/simple2.pdf"
        ],
        "options": {
            
        },
        "errorMessage": null,
        "resultPath": "./storage/03fa00fb-fb6c-4b20-8573-373279c557c4/result.pdf",
        "progress": 100,
        "createdAt": [
            2025,
            9,
            3,
            13,
            46,
            36,
            356858835
        ],
        "startedAt": [
            2025,
            9,
            3,
            13,
            46,
            39,
            876766272
        ],
        "completedAt": [
            2025,
            9,
            3,
            13,
            46,
            39,
            906703999
        ]
    },
    {
        "id": "561c5455-2b71-46c0-9e3b-cf3176551e75",
        "operation": "MERGE",
        "status": "PENDING",
        "inputFiles": [
            "./storage/561c5455-2b71-46c0-9e3b-cf3176551e75/test.pdf"
        ],
        "options": {
            
        },
        "errorMessage": null,
        "resultPath": null,
        "progress": 0,
        "createdAt": [
            2025,
            9,
            3,
            21,
            20,
            50,
            481566978
        ],
        "startedAt": null,
        "completedAt": null
    },
    {
        "id": "f459e09c-de1d-4a5b-97e3-526c8bdaca24",
        "operation": "MERGE",
        "status": "COMPLETED",
        "inputFiles": [
            "test1.pdf",
            "test2.pdf"
        ],
        "options": {
            
        },
        "errorMessage": null,
        "resultPath": "./storage/f459e09c-de1d-4a5b-97e3-526c8bdaca24/result_f459e09c-de1d-4a5b-97e3-526c8bdaca24.pdf",
        "progress": 100,
        "createdAt": [
            2025,
            9,
            3,
            12,
            9,
            15,
            203138861
        ],
        "startedAt": [
            2025,
            9,
            3,
            13,
            8,
            48,
            244072718
        ],
        "completedAt": [
            2025,
            9,
            3,
            13,
            8,
            48,
            245371831
        ]
    },
    {
        "id": "c591766d-78e7-498f-9ea7-a15665f6f057",
        "operation": "MERGE",
        "status": "PENDING",
        "inputFiles": [
            "./storage/c591766d-78e7-498f-9ea7-a15665f6f057/test.pdf"
        ],
        "options": {
            
        },
        "errorMessage": null,
        "resultPath": null,
        "progress": 0,
        "createdAt": [
            2025,
            9,
            3,
            21,
            21,
            17,
            790913598
        ],
        "startedAt": null,
        "completedAt": null
    },
    {
        "id": "e95e0d9a-13b4-4d63-9cad-42174be1c00f",
        "operation": "MERGE",
        "status": "COMPLETED",
        "inputFiles": [
            "test1.pdf",
            "test2.pdf"
        ],
        "options": {
            
        },
        "errorMessage": null,
        "resultPath": "./storage/e95e0d9a-13b4-4d63-9cad-42174be1c00f/result_e95e0d9a-13b4-4d63-9cad-42174be1c00f.pdf",
        "progress": 100,
        "createdAt": [
            2025,
            9,
            3,
            12,
            25,
            3,
            361778138
        ],
        "startedAt": [
            2025,
            9,
            3,
            13,
            8,
            48,
            256139108
        ],
        "completedAt": [
            2025,
            9,
            3,
            13,
            8,
            48,
            258617913
        ]
    },
    {
        "id": "1fc4b7be-952e-48da-a0eb-125914ce86a5",
        "operation": "MERGE",
        "status": "PENDING",
        "inputFiles": [
            "./storage/1fc4b7be-952e-48da-a0eb-125914ce86a5/test.pdf"
        ],
        "options": {
            
        },
        "errorMessage": null,
        "resultPath": null,
        "progress": 0,
        "createdAt": [
            2025,
            9,
            3,
            21,
            21,
            17,
            360866230
        ],
        "startedAt": null,
        "completedAt": null
    },
    {
        "id": "3c0d56e0-3c5b-408b-a205-4081556a3eb1",
        "operation": "MERGE",
        "status": "FAILED",
        "inputFiles": [
            "test1.pdf",
            "test2.pdf"
        ],
        "options": {
            
        },
        "errorMessage": "Error processing job: 3c0d56e0-3c5b-408b-a205-4081556a3eb1",
        "resultPath": null,
        "progress": 0,
        "createdAt": [
            2025,
            9,
            3,
            15,
            52,
            49,
            766639
        ],
        "startedAt": [
            2025,
            9,
            3,
            15,
            53,
            49,
            170917614
        ],
        "completedAt": [
            2025,
            9,
            3,
            15,
            53,
            49,
            205813692
        ]
    },
    {
        "id": "1d63a321-2cd5-4a27-ac94-10220cd3dd9a",
        "operation": "MERGE",
        "status": "FAILED",
        "inputFiles": [
            "./storage/1d63a321-2cd5-4a27-ac94-10220cd3dd9a/test1.pdf",
            "./storage/1d63a321-2cd5-4a27-ac94-10220cd3dd9a/test2.pdf"
        ],
        "options": {
            "outputFileName": "merged.pdf"
        },
        "errorMessage": "Error processing job: 1d63a321-2cd5-4a27-ac94-10220cd3dd9a",
        "resultPath": null,
        "progress": 0,
        "createdAt": [
            2025,
            9,
            3,
            15,
            56,
            54,
            875795561
        ],
        "startedAt": [
            2025,
            9,
            3,
            15,
            56,
            55,
            996276187
        ],
        "completedAt": [
            2025,
            9,
            3,
            15,
            56,
            56,
            7473648
        ]
    },
    {
        "id": "57388c35-acaa-4be8-b466-2af8c998b7ac",
        "operation": "MERGE",
        "status": "PENDING",
        "inputFiles": [
            "./storage/57388c35-acaa-4be8-b466-2af8c998b7ac/test.pdf"
        ],
        "options": {
            
        },
        "errorMessage": null,
        "resultPath": null,
        "progress": 0,
        "createdAt": [
            2025,
            9,
            3,
            21,
            21,
            17,
            797889623
        ],
        "startedAt": null,
        "completedAt": null
    },
    {
        "id": "d40f09a2-d411-4ff5-bcd2-ff3ce5ecf94e",
        "operation": "MERGE",
        "status": "COMPLETED",
        "inputFiles": [
            "test1.pdf",
            "test2.pdf"
        ],
        "options": {
            
        },
        "errorMessage": null,
        "resultPath": "./storage/d40f09a2-d411-4ff5-bcd2-ff3ce5ecf94e/result_d40f09a2-d411-4ff5-bcd2-ff3ce5ecf94e.pdf",
        "progress": 100,
        "createdAt": [
            2025,
            9,
            3,
            12,
            8,
            2,
            85798666
        ],
        "startedAt": [
            2025,
            9,
            3,
            13,
            8,
            48,
            227646311
        ],
        "completedAt": [
            2025,
            9,
            3,
            13,
            8,
            48,
            241435420
        ]
    }
]
Response status: 200
Response body: [{"id":"6e835c93-cca3-4786-9987-20692bfcbf2b","operation":"SPLIT","status":"FAILED","inputFiles":["test1.pdf","test2.pdf"],"options":{"outputPrefix":"page_","inputFile":"test.pdf","pages":"1-3"},"errorMessage":"Error processing job: 6e835c93-cca3-4786-9987-20692bfcbf2b","resultPath":null,"progress":0,"createdAt":[2025,9,3,15,53,33,217262465],"startedAt":[2025,9,3,15,53,49,263203193],"completedAt":[2025,9,3,15,53,49,268251671]},{"id":"27d791b0-8ce0-4a72-91a5-9f603c7dcd74","operation":"MERGE","status":"PENDING","inputFiles":["./storage/27d791b0-8ce0-4a72-91a5-9f603c7dcd74/test.pdf"],"options":{},"errorMessage":null,"resultPath":null,"progress":0,"createdAt":[2025,9,3,21,21,17,802988718],"startedAt":null,"completedAt":null},{"id":"58b89f0c-8b5e-4c81-861c-539e12cf8899","operation":"MERGE","status":"PENDING","inputFiles":["./storage/58b89f0c-8b5e-4c81-861c-539e12cf8899/test1.pdf"],"options":{},"errorMessage":null,"resultPath":null,"progress":0,"createdAt":[2025,9,4,17,21,44,826781318],"startedAt":null,"completedAt":null},{"id":"35bc1333-351a-48b8-af73-e7498b75c715","operation":"MERGE","status":"COMPLETED","inputFiles":["/home/otavio/API-JAVA/app/api/storage/1df9a363-8cb4-4c00-87ad-09253a0c3e53/test-storage.pdf","/home/otavio/API-JAVA/app/api/storage/3ec43675-2726-466a-841e-e91addc5cbbb/test-storage.pdf"],"options":{},"errorMessage":null,"resultPath":"./storage/35bc1333-351a-48b8-af73-e7498b75c715/result_35bc1333-351a-48b8-af73-e7498b75c715.pdf","progress":100,"createdAt":[2025,9,3,13,32,28,394546009],"startedAt":[2025,9,3,13,32,53,212197417],"completedAt":[2025,9,3,13,32,53,214512449]},{"id":"3ec43675-2726-466a-841e-e91addc5cbbb","operation":"SPLIT","status":"COMPLETED","inputFiles":["test-storage.pdf"],"options":{"pages":"1-3"},"errorMessage":null,"resultPath":"./storage/3ec43675-2726-466a-841e-e91addc5cbbb/result_3ec43675-2726-466a-841e-e91addc5cbbb.pdf","progress":100,"createdAt":[2025,9,3,13,17,39,278026518],"startedAt":[2025,9,3,13,32,53,189519111],"completedAt":[2025,9,3,13,32,53,208448482]},{"id":"7620dd42-4e5e-4994-8750-558bd89af0e4","operation":"MERGE","status":"PENDING","inputFiles":["./storage/7620dd42-4e5e-4994-8750-558bd89af0e4/test1.pdf"],"options":{},"errorMessage":null,"resultPath":null,"progress":0,"createdAt":[2025,9,4,17,36,52,60371066],"startedAt":null,"completedAt":null},{"id":"f1515e0f-121a-4894-bf06-3290f02e14f7","operation":"MERGE","status":"PENDING","inputFiles":["test1.pdf","test2.pdf"],"options":{},"errorMessage":null,"resultPath":null,"progress":0,"createdAt":[2025,9,3,12,6,16,850575725],"startedAt":null,"completedAt":null},{"id":"776ef185-c6c7-4f7b-8bcd-c37bd1a46765","operation":"MERGE","status":"PENDING","inputFiles":["./storage/776ef185-c6c7-4f7b-8bcd-c37bd1a46765/test.pdf"],"options":{},"errorMessage":null,"resultPath":null,"progress":0,"createdAt":[2025,9,3,21,20,50,931542049],"startedAt":null,"completedAt":null},{"id":"1df9a363-8cb4-4c00-87ad-09253a0c3e53","operation":"SPLIT","status":"COMPLETED","inputFiles":["test-storage.pdf"],"options":{},"errorMessage":null,"resultPath":"./storage/1df9a363-8cb4-4c00-87ad-09253a0c3e53/result_1df9a363-8cb4-4c00-87ad-09253a0c3e53.pdf","progress":100,"createdAt":[2025,9,3,12,35,2,859291717],"startedAt":[2025,9,3,13,8,48,266384490],"completedAt":[2025,9,3,13,8,48,267758006]},{"id":"ec869227-76c2-4a0c-ae66-e810d8ee8d4d","operation":"MERGE","status":"PENDING","inputFiles":["./storage/ec869227-76c2-4a0c-ae66-e810d8ee8d4d/test.pdf"],"options":{},"errorMessage":null,"resultPath":null,"progress":0,"createdAt":[2025,9,3,21,20,50,911495211],"startedAt":null,"completedAt":null},{"id":"03fa00fb-fb6c-4b20-8573-373279c557c4","operation":"MERGE","status":"COMPLETED","inputFiles":["/tmp/simple1.pdf","/tmp/simple2.pdf"],"options":{},"errorMessage":null,"resultPath":"./storage/03fa00fb-fb6c-4b20-8573-373279c557c4/result.pdf","progress":100,"createdAt":[2025,9,3,13,46,36,356858835],"startedAt":[2025,9,3,13,46,39,876766272],"completedAt":[2025,9,3,13,46,39,906703999]},{"id":"561c5455-2b71-46c0-9e3b-cf3176551e75","operation":"MERGE","status":"PENDING","inputFiles":["./storage/561c5455-2b71-46c0-9e3b-cf3176551e75/test.pdf"],"options":{},"errorMessage":null,"resultPath":null,"progress":0,"createdAt":[2025,9,3,21,20,50,481566978],"startedAt":null,"completedAt":null},{"id":"f459e09c-de1d-4a5b-97e3-526c8bdaca24","operation":"MERGE","status":"COMPLETED","inputFiles":["test1.pdf","test2.pdf"],"options":{},"errorMessage":null,"resultPath":"./storage/f459e09c-de1d-4a5b-97e3-526c8bdaca24/result_f459e09c-de1d-4a5b-97e3-526c8bdaca24.pdf","progress":100,"createdAt":[2025,9,3,12,9,15,203138861],"startedAt":[2025,9,3,13,8,48,244072718],"completedAt":[2025,9,3,13,8,48,245371831]},{"id":"c591766d-78e7-498f-9ea7-a15665f6f057","operation":"MERGE","status":"PENDING","inputFiles":["./storage/c591766d-78e7-498f-9ea7-a15665f6f057/test.pdf"],"options":{},"errorMessage":null,"resultPath":null,"progress":0,"createdAt":[2025,9,3,21,21,17,790913598],"startedAt":null,"completedAt":null},{"id":"e95e0d9a-13b4-4d63-9cad-42174be1c00f","operation":"MERGE","status":"COMPLETED","inputFiles":["test1.pdf","test2.pdf"],"options":{},"errorMessage":null,"resultPath":"./storage/e95e0d9a-13b4-4d63-9cad-42174be1c00f/result_e95e0d9a-13b4-4d63-9cad-42174be1c00f.pdf","progress":100,"createdAt":[2025,9,3,12,25,3,361778138],"startedAt":[2025,9,3,13,8,48,256139108],"completedAt":[2025,9,3,13,8,48,258617913]},{"id":"1fc4b7be-952e-48da-a0eb-125914ce86a5","operation":"MERGE","status":"PENDING","inputFiles":["./storage/1fc4b7be-952e-48da-a0eb-125914ce86a5/test.pdf"],"options":{},"errorMessage":null,"resultPath":null,"progress":0,"createdAt":[2025,9,3,21,21,17,360866230],"startedAt":null,"completedAt":null},{"id":"3c0d56e0-3c5b-408b-a205-4081556a3eb1","operation":"MERGE","status":"FAILED","inputFiles":["test1.pdf","test2.pdf"],"options":{},"errorMessage":"Error processing job: 3c0d56e0-3c5b-408b-a205-4081556a3eb1","resultPath":null,"progress":0,"createdAt":[2025,9,3,15,52,49,766639],"startedAt":[2025,9,3,15,53,49,170917614],"completedAt":[2025,9,3,15,53,49,205813692]},{"id":"1d63a321-2cd5-4a27-ac94-10220cd3dd9a","operation":"MERGE","status":"FAILED","inputFiles":["./storage/1d63a321-2cd5-4a27-ac94-10220cd3dd9a/test1.pdf","./storage/1d63a321-2cd5-4a27-ac94-10220cd3dd9a/test2.pdf"],"options":{"outputFileName":"merged.pdf"},"errorMessage":"Error processing job: 1d63a321-2cd5-4a27-ac94-10220cd3dd9a","resultPath":null,"progress":0,"createdAt":[2025,9,3,15,56,54,875795561],"startedAt":[2025,9,3,15,56,55,996276187],"completedAt":[2025,9,3,15,56,56,7473648]},{"id":"57388c35-acaa-4be8-b466-2af8c998b7ac","operation":"MERGE","status":"PENDING","inputFiles":["./storage/57388c35-acaa-4be8-b466-2af8c998b7ac/test.pdf"],"options":{},"errorMessage":null,"resultPath":null,"progress":0,"createdAt":[2025,9,3,21,21,17,797889623],"startedAt":null,"completedAt":null},{"id":"d40f09a2-d411-4ff5-bcd2-ff3ce5ecf94e","operation":"MERGE","status":"COMPLETED","inputFiles":["test1.pdf","test2.pdf"],"options":{},"errorMessage":null,"resultPath":"./storage/d40f09a2-d411-4ff5-bcd2-ff3ce5ecf94e/result_d40f09a2-d411-4ff5-bcd2-ff3ce5ecf94e.pdf","progress":100,"createdAt":[2025,9,3,12,8,2,85798666],"startedAt":[2025,9,3,13,8,48,227646311],"completedAt":[2025,9,3,13,8,48,241435420]}]
Response headers: Vary=Origin
Vary=Access-Control-Request-Method
Vary=Access-Control-Request-Headers
X-Content-Type-Options=nosniff
X-Frame-Options=DENY
X-XSS-Protection=1; mode=block
Content-Security-Policy=default-src 'none'; script-src 'none'; object-src 'none'; base-uri 'none';
Referrer-Policy=no-referrer
Permissions-Policy=camera=(), microphone=(), geolocation=(), payment=(), usb=(), magnetometer=(), gyroscope=(), accelerometer=()
Cache-Control=no-cache, no-store, must-revalidate
Pragma=no-cache
Expires=0
Server=PDF-Processor-API
Content-Type=application/json
Transfer-Encoding=chunked
Date=Thu, 04 Sep 2025 23:26:43 GMT
Keep-Alive=timeout=60
Connection=keep-alive
]]></system-out>
    <system-err><![CDATA[WARNING: A Java agent has been loaded dynamically (/home/otavio/.m2/repository/net/bytebuddy/byte-buddy-agent/1.14.10/byte-buddy-agent-1.14.10.jar)
WARNING: If a serviceability tool is in use, please run with -XX:+EnableDynamicAgentLoading to hide this warning
WARNING: If a serviceability tool is not in use, please run with -Djdk.instrument.traceUsage for more information
WARNING: Dynamic loading of agents will be disallowed by default in a future release
]]></system-err>
  </testcase>
  <testcase name="shouldRejectPostRequestWithoutApiKey" classname="com.pdfprocessor.integration.SimpleAuthTest" time="0.051">
    <system-out><![CDATA[Testing POST request without API key
[FILTER] ApiKeyAuthenticationFilter executado para: /api/v1/jobs
2025-09-04 20:26:43 - &amp#27;[34mINFO &amp#27;[0;39m [http-nio-auto-1-exec-2] c.p.a.c.ApiKeyAuthenticationFilter - [FILTER] ApiKeyAuthenticationFilter executado para: /api/v1/jobs
[DEBUG] ===== ApiKeyAuthenticationFilter EXECUTADO =====
[DEBUG] Request URI: /api/v1/jobs
[DEBUG] Request Method: POST
[DEBUG] Chave API recebida: null
[DEBUG] Chave API ausente ou inválida, retornando 401
]]></system-out>
  </testcase>
  <testcase name="shouldRejectGetRequestWithoutApiKey" classname="com.pdfprocessor.integration.SimpleAuthTest" time="0.033">
    <system-out><![CDATA[Testing GET request without API key
[FILTER] ApiKeyAuthenticationFilter executado para: /api/v1/jobs
2025-09-04 20:26:43 - &amp#27;[34mINFO &amp#27;[0;39m [http-nio-auto-1-exec-3] c.p.a.c.ApiKeyAuthenticationFilter - [FILTER] ApiKeyAuthenticationFilter executado para: /api/v1/jobs
[DEBUG] ===== ApiKeyAuthenticationFilter EXECUTADO =====
[DEBUG] Request URI: /api/v1/jobs
[DEBUG] Request Method: GET
[DEBUG] Chave API recebida: null
[DEBUG] Chave API ausente ou inválida, retornando 401
]]></system-out>
  </testcase>
</testsuite>