<?xml version="1.0" encoding="UTF-8"?>
<testsuite xmlns:xsi="http://www.w3.org/2001/XMLSchema-instance" xsi:noNamespaceSchemaLocation="https://maven.apache.org/surefire/maven-surefire-plugin/xsd/surefire-test-report-3.0.xsd" version="3.0" name="com.pdfprocessor.integration.EndToEndIntegrationTest" time="6.7" tests="6" errors="0" skipped="0" failures="4">
  <properties>
    <property name="java.specification.version" value="21"/>
    <property name="sun.jnu.encoding" value="UTF-8"/>
    <property name="java.class.path" value="/home/otavio/API-JAVA/tests/target/test-classes:/home/otavio/API-JAVA/tests/target/classes:/home/otavio/API-JAVA/app/api/target/classes:/home/otavio/.m2/repository/org/springframework/boot/spring-boot-starter-web/3.2.1/spring-boot-starter-web-3.2.1.jar:/home/otavio/.m2/repository/org/springframework/boot/spring-boot-starter-json/3.2.1/spring-boot-starter-json-3.2.1.jar:/home/otavio/.m2/repository/com/fasterxml/jackson/datatype/jackson-datatype-jdk8/2.15.3/jackson-datatype-jdk8-2.15.3.jar:/home/otavio/.m2/repository/com/fasterxml/jackson/module/jackson-module-parameter-names/2.15.3/jackson-module-parameter-names-2.15.3.jar:/home/otavio/.m2/repository/org/springframework/boot/spring-boot-starter-tomcat/3.2.1/spring-boot-starter-tomcat-3.2.1.jar:/home/otavio/.m2/repository/org/apache/tomcat/embed/tomcat-embed-core/10.1.17/tomcat-embed-core-10.1.17.jar:/home/otavio/.m2/repository/org/apache/tomcat/embed/tomcat-embed-websocket/10.1.17/tomcat-embed-websocket-10.1.17.jar:/home/otavio/.m2/repository/org/springframework/spring-web/6.1.2/spring-web-6.1.2.jar:/home/otavio/.m2/repository/org/springframework/spring-beans/6.1.2/spring-beans-6.1.2.jar:/home/otavio/.m2/repository/org/springframework/spring-webmvc/6.1.2/spring-webmvc-6.1.2.jar:/home/otavio/.m2/repository/org/springframework/spring-expression/6.1.2/spring-expression-6.1.2.jar:/home/otavio/.m2/repository/org/springframework/boot/spring-boot-starter-validation/3.2.1/spring-boot-starter-validation-3.2.1.jar:/home/otavio/.m2/repository/org/apache/tomcat/embed/tomcat-embed-el/10.1.17/tomcat-embed-el-10.1.17.jar:/home/otavio/.m2/repository/org/hibernate/validator/hibernate-validator/8.0.1.Final/hibernate-validator-8.0.1.Final.jar:/home/otavio/.m2/repository/jakarta/validation/jakarta.validation-api/3.0.2/jakarta.validation-api-3.0.2.jar:/home/otavio/.m2/repository/org/jboss/logging/jboss-logging/3.5.3.Final/jboss-logging-3.5.3.Final.jar:/home/otavio/.m2/repository/com/fasterxml/classmate/1.6.0/classmate-1.6.0.jar:/home/otavio/.m2/repository/org/springframework/boot/spring-boot-starter-actuator/3.2.1/spring-boot-starter-actuator-3.2.1.jar:/home/otavio/.m2/repository/org/springframework/boot/spring-boot-actuator-autoconfigure/3.2.1/spring-boot-actuator-autoconfigure-3.2.1.jar:/home/otavio/.m2/repository/org/springframework/boot/spring-boot-actuator/3.2.1/spring-boot-actuator-3.2.1.jar:/home/otavio/.m2/repository/io/micrometer/micrometer-observation/1.12.1/micrometer-observation-1.12.1.jar:/home/otavio/.m2/repository/io/micrometer/micrometer-jakarta9/1.12.1/micrometer-jakarta9-1.12.1.jar:/home/otavio/.m2/repository/org/springframework/boot/spring-boot-starter-data-redis/3.2.1/spring-boot-starter-data-redis-3.2.1.jar:/home/otavio/.m2/repository/io/lettuce/lettuce-core/6.3.0.RELEASE/lettuce-core-6.3.0.RELEASE.jar:/home/otavio/.m2/repository/io/netty/netty-common/4.1.104.Final/netty-common-4.1.104.Final.jar:/home/otavio/.m2/repository/io/netty/netty-handler/4.1.104.Final/netty-handler-4.1.104.Final.jar:/home/otavio/.m2/repository/io/netty/netty-resolver/4.1.104.Final/netty-resolver-4.1.104.Final.jar:/home/otavio/.m2/repository/io/netty/netty-buffer/4.1.104.Final/netty-buffer-4.1.104.Final.jar:/home/otavio/.m2/repository/io/netty/netty-transport-native-unix-common/4.1.104.Final/netty-transport-native-unix-common-4.1.104.Final.jar:/home/otavio/.m2/repository/io/netty/netty-codec/4.1.104.Final/netty-codec-4.1.104.Final.jar:/home/otavio/.m2/repository/io/netty/netty-transport/4.1.104.Final/netty-transport-4.1.104.Final.jar:/home/otavio/.m2/repository/io/projectreactor/reactor-core/3.6.1/reactor-core-3.6.1.jar:/home/otavio/.m2/repository/org/reactivestreams/reactive-streams/1.0.4/reactive-streams-1.0.4.jar:/home/otavio/.m2/repository/org/springframework/data/spring-data-redis/3.2.1/spring-data-redis-3.2.1.jar:/home/otavio/.m2/repository/org/springframework/data/spring-data-keyvalue/3.2.1/spring-data-keyvalue-3.2.1.jar:/home/otavio/.m2/repository/org/springframework/data/spring-data-commons/3.2.1/spring-data-commons-3.2.1.jar:/home/otavio/.m2/repository/org/springframework/spring-tx/6.1.2/spring-tx-6.1.2.jar:/home/otavio/.m2/repository/org/springframework/spring-oxm/6.1.2/spring-oxm-6.1.2.jar:/home/otavio/.m2/repository/org/springframework/spring-context-support/6.1.2/spring-context-support-6.1.2.jar:/home/otavio/.m2/repository/org/springframework/boot/spring-boot-starter-security/3.2.1/spring-boot-starter-security-3.2.1.jar:/home/otavio/.m2/repository/org/springframework/spring-aop/6.1.2/spring-aop-6.1.2.jar:/home/otavio/.m2/repository/org/springframework/security/spring-security-config/6.2.1/spring-security-config-6.2.1.jar:/home/otavio/.m2/repository/org/springframework/security/spring-security-core/6.2.1/spring-security-core-6.2.1.jar:/home/otavio/.m2/repository/org/springframework/security/spring-security-crypto/6.2.1/spring-security-crypto-6.2.1.jar:/home/otavio/.m2/repository/org/springframework/security/spring-security-web/6.2.1/spring-security-web-6.2.1.jar:/home/otavio/.m2/repository/io/micrometer/micrometer-core/1.12.1/micrometer-core-1.12.1.jar:/home/otavio/.m2/repository/io/micrometer/micrometer-commons/1.12.1/micrometer-commons-1.12.1.jar:/home/otavio/.m2/repository/org/hdrhistogram/HdrHistogram/2.1.12/HdrHistogram-2.1.12.jar:/home/otavio/.m2/repository/org/latencyutils/LatencyUtils/2.0.3/LatencyUtils-2.0.3.jar:/home/otavio/.m2/repository/org/springdoc/springdoc-openapi-starter-webmvc-ui/2.3.0/springdoc-openapi-starter-webmvc-ui-2.3.0.jar:/home/otavio/.m2/repository/org/springdoc/springdoc-openapi-starter-webmvc-api/2.3.0/springdoc-openapi-starter-webmvc-api-2.3.0.jar:/home/otavio/.m2/repository/org/springdoc/springdoc-openapi-starter-common/2.3.0/springdoc-openapi-starter-common-2.3.0.jar:/home/otavio/.m2/repository/io/swagger/core/v3/swagger-core-jakarta/2.2.19/swagger-core-jakarta-2.2.19.jar:/home/otavio/.m2/repository/io/swagger/core/v3/swagger-annotations-jakarta/2.2.19/swagger-annotations-jakarta-2.2.19.jar:/home/otavio/.m2/repository/io/swagger/core/v3/swagger-models-jakarta/2.2.19/swagger-models-jakarta-2.2.19.jar:/home/otavio/.m2/repository/com/fasterxml/jackson/dataformat/jackson-dataformat-yaml/2.15.3/jackson-dataformat-yaml-2.15.3.jar:/home/otavio/.m2/repository/org/webjars/swagger-ui/5.10.3/swagger-ui-5.10.3.jar:/home/otavio/API-JAVA/app/worker/target/classes:/home/otavio/.m2/repository/org/springframework/boot/spring-boot-starter/3.2.1/spring-boot-starter-3.2.1.jar:/home/otavio/.m2/repository/org/springframework/boot/spring-boot-starter-logging/3.2.1/spring-boot-starter-logging-3.2.1.jar:/home/otavio/.m2/repository/ch/qos/logback/logback-classic/1.4.14/logback-classic-1.4.14.jar:/home/otavio/.m2/repository/ch/qos/logback/logback-core/1.4.14/logback-core-1.4.14.jar:/home/otavio/.m2/repository/org/apache/logging/log4j/log4j-to-slf4j/2.21.1/log4j-to-slf4j-2.21.1.jar:/home/otavio/.m2/repository/org/apache/logging/log4j/log4j-api/2.21.1/log4j-api-2.21.1.jar:/home/otavio/.m2/repository/org/slf4j/jul-to-slf4j/2.0.9/jul-to-slf4j-2.0.9.jar:/home/otavio/.m2/repository/jakarta/annotation/jakarta.annotation-api/2.1.1/jakarta.annotation-api-2.1.1.jar:/home/otavio/.m2/repository/org/yaml/snakeyaml/2.2/snakeyaml-2.2.jar:/home/otavio/API-JAVA/app/domain/target/classes:/home/otavio/.m2/repository/com/fasterxml/jackson/core/jackson-annotations/2.15.3/jackson-annotations-2.15.3.jar:/home/otavio/API-JAVA/app/application/target/classes:/home/otavio/API-JAVA/app/infrastructure/target/classes:/home/otavio/.m2/repository/com/fasterxml/jackson/core/jackson-databind/2.15.3/jackson-databind-2.15.3.jar:/home/otavio/.m2/repository/com/fasterxml/jackson/core/jackson-core/2.15.3/jackson-core-2.15.3.jar:/home/otavio/.m2/repository/com/fasterxml/jackson/datatype/jackson-datatype-jsr310/2.15.3/jackson-datatype-jsr310-2.15.3.jar:/home/otavio/.m2/repository/org/apache/pdfbox/pdfbox/3.0.1/pdfbox-3.0.1.jar:/home/otavio/.m2/repository/org/apache/pdfbox/pdfbox-io/3.0.1/pdfbox-io-3.0.1.jar:/home/otavio/.m2/repository/org/apache/pdfbox/fontbox/3.0.1/fontbox-3.0.1.jar:/home/otavio/.m2/repository/commons-logging/commons-logging/1.2/commons-logging-1.2.jar:/home/otavio/.m2/repository/org/apache/pdfbox/preflight/3.0.1/preflight-3.0.1.jar:/home/otavio/.m2/repository/org/apache/pdfbox/xmpbox/3.0.1/xmpbox-3.0.1.jar:/home/otavio/.m2/repository/com/itextpdf/kernel/8.0.2/kernel-8.0.2.jar:/home/otavio/.m2/repository/com/itextpdf/bouncy-castle-connector/8.0.2/bouncy-castle-connector-8.0.2.jar:/home/otavio/.m2/repository/com/itextpdf/io/8.0.2/io-8.0.2.jar:/home/otavio/.m2/repository/com/itextpdf/commons/8.0.2/commons-8.0.2.jar:/home/otavio/.m2/repository/com/itextpdf/layout/8.0.2/layout-8.0.2.jar:/home/otavio/.m2/repository/org/bouncycastle/bcprov-jdk18on/1.77/bcprov-jdk18on-1.77.jar:/home/otavio/.m2/repository/org/bouncycastle/bcpkix-jdk18on/1.77/bcpkix-jdk18on-1.77.jar:/home/otavio/.m2/repository/org/bouncycastle/bcutil-jdk18on/1.77/bcutil-jdk18on-1.77.jar:/home/otavio/.m2/repository/net/sourceforge/tess4j/tess4j/5.9.0/tess4j-5.9.0.jar:/home/otavio/.m2/repository/net/java/dev/jna/jna/5.13.0/jna-5.13.0.jar:/home/otavio/.m2/repository/com/github/jai-imageio/jai-imageio-core/1.4.0/jai-imageio-core-1.4.0.jar:/home/otavio/.m2/repository/org/apache/pdfbox/pdfbox-tools/3.0.1/pdfbox-tools-3.0.1.jar:/home/otavio/.m2/repository/org/apache/pdfbox/pdfbox-debugger/3.0.1/pdfbox-debugger-3.0.1.jar:/home/otavio/.m2/repository/info/picocli/picocli/4.7.5/picocli-4.7.5.jar:/home/otavio/.m2/repository/org/apache/pdfbox/jbig2-imageio/3.0.4/jbig2-imageio-3.0.4.jar:/home/otavio/.m2/repository/commons-io/commons-io/2.15.1/commons-io-2.15.1.jar:/home/otavio/.m2/repository/net/sourceforge/lept4j/lept4j/1.18.2/lept4j-1.18.2.jar:/home/otavio/.m2/repository/org/jboss/jboss-vfs/3.2.17.Final/jboss-vfs-3.2.17.Final.jar:/home/otavio/.m2/repository/com/twelvemonkeys/imageio/imageio-core/3.10.1/imageio-core-3.10.1.jar:/home/otavio/.m2/repository/com/twelvemonkeys/common/common-lang/3.10.1/common-lang-3.10.1.jar:/home/otavio/.m2/repository/com/twelvemonkeys/common/common-io/3.10.1/common-io-3.10.1.jar:/home/otavio/.m2/repository/com/twelvemonkeys/common/common-image/3.10.1/common-image-3.10.1.jar:/home/otavio/.m2/repository/com/twelvemonkeys/imageio/imageio-jpeg/3.10.1/imageio-jpeg-3.10.1.jar:/home/otavio/.m2/repository/com/twelvemonkeys/imageio/imageio-metadata/3.10.1/imageio-metadata-3.10.1.jar:/home/otavio/.m2/repository/com/twelvemonkeys/imageio/imageio-tiff/3.10.1/imageio-tiff-3.10.1.jar:/home/otavio/.m2/repository/org/springframework/boot/spring-boot-starter-test/3.2.1/spring-boot-starter-test-3.2.1.jar:/home/otavio/.m2/repository/org/springframework/boot/spring-boot-test/3.2.1/spring-boot-test-3.2.1.jar:/home/otavio/.m2/repository/com/jayway/jsonpath/json-path/2.8.0/json-path-2.8.0.jar:/home/otavio/.m2/repository/jakarta/xml/bind/jakarta.xml.bind-api/4.0.1/jakarta.xml.bind-api-4.0.1.jar:/home/otavio/.m2/repository/jakarta/activation/jakarta.activation-api/2.1.2/jakarta.activation-api-2.1.2.jar:/home/otavio/.m2/repository/net/minidev/json-smart/2.5.0/json-smart-2.5.0.jar:/home/otavio/.m2/repository/net/minidev/accessors-smart/2.5.0/accessors-smart-2.5.0.jar:/home/otavio/.m2/repository/org/ow2/asm/asm/9.3/asm-9.3.jar:/home/otavio/.m2/repository/org/assertj/assertj-core/3.24.2/assertj-core-3.24.2.jar:/home/otavio/.m2/repository/net/bytebuddy/byte-buddy/1.14.10/byte-buddy-1.14.10.jar:/home/otavio/.m2/repository/org/hamcrest/hamcrest/2.2/hamcrest-2.2.jar:/home/otavio/.m2/repository/org/junit/jupiter/junit-jupiter/5.10.1/junit-jupiter-5.10.1.jar:/home/otavio/.m2/repository/org/junit/jupiter/junit-jupiter-api/5.10.1/junit-jupiter-api-5.10.1.jar:/home/otavio/.m2/repository/org/opentest4j/opentest4j/1.3.0/opentest4j-1.3.0.jar:/home/otavio/.m2/repository/org/junit/platform/junit-platform-commons/1.10.1/junit-platform-commons-1.10.1.jar:/home/otavio/.m2/repository/org/apiguardian/apiguardian-api/1.1.2/apiguardian-api-1.1.2.jar:/home/otavio/.m2/repository/org/junit/jupiter/junit-jupiter-params/5.10.1/junit-jupiter-params-5.10.1.jar:/home/otavio/.m2/repository/org/junit/jupiter/junit-jupiter-engine/5.10.1/junit-jupiter-engine-5.10.1.jar:/home/otavio/.m2/repository/org/junit/platform/junit-platform-engine/1.10.1/junit-platform-engine-1.10.1.jar:/home/otavio/.m2/repository/org/mockito/mockito-core/5.7.0/mockito-core-5.7.0.jar:/home/otavio/.m2/repository/net/bytebuddy/byte-buddy-agent/1.14.10/byte-buddy-agent-1.14.10.jar:/home/otavio/.m2/repository/org/objenesis/objenesis/3.3/objenesis-3.3.jar:/home/otavio/.m2/repository/org/mockito/mockito-junit-jupiter/5.7.0/mockito-junit-jupiter-5.7.0.jar:/home/otavio/.m2/repository/org/skyscreamer/jsonassert/1.5.1/jsonassert-1.5.1.jar:/home/otavio/.m2/repository/com/vaadin/external/google/android-json/0.0.20131108.vaadin1/android-json-0.0.20131108.vaadin1.jar:/home/otavio/.m2/repository/org/springframework/spring-core/6.1.2/spring-core-6.1.2.jar:/home/otavio/.m2/repository/org/springframework/spring-jcl/6.1.2/spring-jcl-6.1.2.jar:/home/otavio/.m2/repository/org/springframework/spring-test/6.1.2/spring-test-6.1.2.jar:/home/otavio/.m2/repository/org/xmlunit/xmlunit-core/2.9.1/xmlunit-core-2.9.1.jar:/home/otavio/.m2/repository/org/springframework/boot/spring-boot-test-autoconfigure/3.2.1/spring-boot-test-autoconfigure-3.2.1.jar:/home/otavio/.m2/repository/org/springframework/boot/spring-boot/3.2.1/spring-boot-3.2.1.jar:/home/otavio/.m2/repository/org/springframework/spring-context/6.1.2/spring-context-6.1.2.jar:/home/otavio/.m2/repository/org/springframework/boot/spring-boot-autoconfigure/3.2.1/spring-boot-autoconfigure-3.2.1.jar:/home/otavio/.m2/repository/org/testcontainers/testcontainers/1.19.3/testcontainers-1.19.3.jar:/home/otavio/.m2/repository/junit/junit/4.13.2/junit-4.13.2.jar:/home/otavio/.m2/repository/org/hamcrest/hamcrest-core/2.2/hamcrest-core-2.2.jar:/home/otavio/.m2/repository/org/slf4j/slf4j-api/2.0.9/slf4j-api-2.0.9.jar:/home/otavio/.m2/repository/org/apache/commons/commons-compress/1.24.0/commons-compress-1.24.0.jar:/home/otavio/.m2/repository/org/rnorth/duct-tape/duct-tape/1.0.8/duct-tape-1.0.8.jar:/home/otavio/.m2/repository/org/jetbrains/annotations/17.0.0/annotations-17.0.0.jar:/home/otavio/.m2/repository/com/github/docker-java/docker-java-api/3.3.4/docker-java-api-3.3.4.jar:/home/otavio/.m2/repository/com/github/docker-java/docker-java-transport-zerodep/3.3.4/docker-java-transport-zerodep-3.3.4.jar:/home/otavio/.m2/repository/com/github/docker-java/docker-java-transport/3.3.4/docker-java-transport-3.3.4.jar:/home/otavio/.m2/repository/org/testcontainers/junit-jupiter/1.19.3/junit-jupiter-1.19.3.jar:/home/otavio/.m2/repository/io/rest-assured/rest-assured/5.3.2/rest-assured-5.3.2.jar:/home/otavio/.m2/repository/org/apache/groovy/groovy/4.0.16/groovy-4.0.16.jar:/home/otavio/.m2/repository/org/apache/groovy/groovy-xml/4.0.16/groovy-xml-4.0.16.jar:/home/otavio/.m2/repository/org/apache/httpcomponents/httpclient/4.5.13/httpclient-4.5.13.jar:/home/otavio/.m2/repository/org/apache/httpcomponents/httpcore/4.4.16/httpcore-4.4.16.jar:/home/otavio/.m2/repository/commons-codec/commons-codec/1.16.0/commons-codec-1.16.0.jar:/home/otavio/.m2/repository/org/apache/httpcomponents/httpmime/4.5.13/httpmime-4.5.13.jar:/home/otavio/.m2/repository/org/ccil/cowan/tagsoup/tagsoup/1.2.1/tagsoup-1.2.1.jar:/home/otavio/.m2/repository/io/rest-assured/xml-path/5.3.2/xml-path-5.3.2.jar:/home/otavio/.m2/repository/org/apache/commons/commons-lang3/3.13.0/commons-lang3-3.13.0.jar:/home/otavio/.m2/repository/io/rest-assured/json-path/5.3.2/json-path-5.3.2.jar:/home/otavio/.m2/repository/org/apache/groovy/groovy-json/4.0.16/groovy-json-4.0.16.jar:/home/otavio/.m2/repository/io/rest-assured/rest-assured-common/5.3.2/rest-assured-common-5.3.2.jar:/home/otavio/.m2/repository/org/awaitility/awaitility/4.2.0/awaitility-4.2.0.jar:"/>
    <property name="java.vm.vendor" value="Ubuntu"/>
    <property name="sun.arch.data.model" value="64"/>
    <property name="catalina.useNaming" value="false"/>
    <property name="java.vendor.url" value="https://ubuntu.com/"/>
    <property name="user.timezone" value="America/Sao_Paulo"/>
    <property name="org.jboss.logging.provider" value="slf4j"/>
    <property name="os.name" value="Linux"/>
    <property name="java.vm.specification.version" value="21"/>
    <property name="sun.java.launcher" value="SUN_STANDARD"/>
    <property name="sun.boot.library.path" value="/usr/lib/jvm/java-21-openjdk-amd64/lib"/>
    <property name="sun.java.command" value="/home/otavio/API-JAVA/tests/target/surefire/surefirebooter-20250903230503169_102.jar /home/otavio/API-JAVA/tests/target/surefire 2025-09-03T23-04-34_915-jvmRun1 surefire-20250903230503169_100tmp surefire_5-20250903230503169_101tmp"/>
    <property name="jdk.debug" value="release"/>
    <property name="surefire.test.class.path" value="/home/otavio/API-JAVA/tests/target/test-classes:/home/otavio/API-JAVA/tests/target/classes:/home/otavio/API-JAVA/app/api/target/classes:/home/otavio/.m2/repository/org/springframework/boot/spring-boot-starter-web/3.2.1/spring-boot-starter-web-3.2.1.jar:/home/otavio/.m2/repository/org/springframework/boot/spring-boot-starter-json/3.2.1/spring-boot-starter-json-3.2.1.jar:/home/otavio/.m2/repository/com/fasterxml/jackson/datatype/jackson-datatype-jdk8/2.15.3/jackson-datatype-jdk8-2.15.3.jar:/home/otavio/.m2/repository/com/fasterxml/jackson/module/jackson-module-parameter-names/2.15.3/jackson-module-parameter-names-2.15.3.jar:/home/otavio/.m2/repository/org/springframework/boot/spring-boot-starter-tomcat/3.2.1/spring-boot-starter-tomcat-3.2.1.jar:/home/otavio/.m2/repository/org/apache/tomcat/embed/tomcat-embed-core/10.1.17/tomcat-embed-core-10.1.17.jar:/home/otavio/.m2/repository/org/apache/tomcat/embed/tomcat-embed-websocket/10.1.17/tomcat-embed-websocket-10.1.17.jar:/home/otavio/.m2/repository/org/springframework/spring-web/6.1.2/spring-web-6.1.2.jar:/home/otavio/.m2/repository/org/springframework/spring-beans/6.1.2/spring-beans-6.1.2.jar:/home/otavio/.m2/repository/org/springframework/spring-webmvc/6.1.2/spring-webmvc-6.1.2.jar:/home/otavio/.m2/repository/org/springframework/spring-expression/6.1.2/spring-expression-6.1.2.jar:/home/otavio/.m2/repository/org/springframework/boot/spring-boot-starter-validation/3.2.1/spring-boot-starter-validation-3.2.1.jar:/home/otavio/.m2/repository/org/apache/tomcat/embed/tomcat-embed-el/10.1.17/tomcat-embed-el-10.1.17.jar:/home/otavio/.m2/repository/org/hibernate/validator/hibernate-validator/8.0.1.Final/hibernate-validator-8.0.1.Final.jar:/home/otavio/.m2/repository/jakarta/validation/jakarta.validation-api/3.0.2/jakarta.validation-api-3.0.2.jar:/home/otavio/.m2/repository/org/jboss/logging/jboss-logging/3.5.3.Final/jboss-logging-3.5.3.Final.jar:/home/otavio/.m2/repository/com/fasterxml/classmate/1.6.0/classmate-1.6.0.jar:/home/otavio/.m2/repository/org/springframework/boot/spring-boot-starter-actuator/3.2.1/spring-boot-starter-actuator-3.2.1.jar:/home/otavio/.m2/repository/org/springframework/boot/spring-boot-actuator-autoconfigure/3.2.1/spring-boot-actuator-autoconfigure-3.2.1.jar:/home/otavio/.m2/repository/org/springframework/boot/spring-boot-actuator/3.2.1/spring-boot-actuator-3.2.1.jar:/home/otavio/.m2/repository/io/micrometer/micrometer-observation/1.12.1/micrometer-observation-1.12.1.jar:/home/otavio/.m2/repository/io/micrometer/micrometer-jakarta9/1.12.1/micrometer-jakarta9-1.12.1.jar:/home/otavio/.m2/repository/org/springframework/boot/spring-boot-starter-data-redis/3.2.1/spring-boot-starter-data-redis-3.2.1.jar:/home/otavio/.m2/repository/io/lettuce/lettuce-core/6.3.0.RELEASE/lettuce-core-6.3.0.RELEASE.jar:/home/otavio/.m2/repository/io/netty/netty-common/4.1.104.Final/netty-common-4.1.104.Final.jar:/home/otavio/.m2/repository/io/netty/netty-handler/4.1.104.Final/netty-handler-4.1.104.Final.jar:/home/otavio/.m2/repository/io/netty/netty-resolver/4.1.104.Final/netty-resolver-4.1.104.Final.jar:/home/otavio/.m2/repository/io/netty/netty-buffer/4.1.104.Final/netty-buffer-4.1.104.Final.jar:/home/otavio/.m2/repository/io/netty/netty-transport-native-unix-common/4.1.104.Final/netty-transport-native-unix-common-4.1.104.Final.jar:/home/otavio/.m2/repository/io/netty/netty-codec/4.1.104.Final/netty-codec-4.1.104.Final.jar:/home/otavio/.m2/repository/io/netty/netty-transport/4.1.104.Final/netty-transport-4.1.104.Final.jar:/home/otavio/.m2/repository/io/projectreactor/reactor-core/3.6.1/reactor-core-3.6.1.jar:/home/otavio/.m2/repository/org/reactivestreams/reactive-streams/1.0.4/reactive-streams-1.0.4.jar:/home/otavio/.m2/repository/org/springframework/data/spring-data-redis/3.2.1/spring-data-redis-3.2.1.jar:/home/otavio/.m2/repository/org/springframework/data/spring-data-keyvalue/3.2.1/spring-data-keyvalue-3.2.1.jar:/home/otavio/.m2/repository/org/springframework/data/spring-data-commons/3.2.1/spring-data-commons-3.2.1.jar:/home/otavio/.m2/repository/org/springframework/spring-tx/6.1.2/spring-tx-6.1.2.jar:/home/otavio/.m2/repository/org/springframework/spring-oxm/6.1.2/spring-oxm-6.1.2.jar:/home/otavio/.m2/repository/org/springframework/spring-context-support/6.1.2/spring-context-support-6.1.2.jar:/home/otavio/.m2/repository/org/springframework/boot/spring-boot-starter-security/3.2.1/spring-boot-starter-security-3.2.1.jar:/home/otavio/.m2/repository/org/springframework/spring-aop/6.1.2/spring-aop-6.1.2.jar:/home/otavio/.m2/repository/org/springframework/security/spring-security-config/6.2.1/spring-security-config-6.2.1.jar:/home/otavio/.m2/repository/org/springframework/security/spring-security-core/6.2.1/spring-security-core-6.2.1.jar:/home/otavio/.m2/repository/org/springframework/security/spring-security-crypto/6.2.1/spring-security-crypto-6.2.1.jar:/home/otavio/.m2/repository/org/springframework/security/spring-security-web/6.2.1/spring-security-web-6.2.1.jar:/home/otavio/.m2/repository/io/micrometer/micrometer-core/1.12.1/micrometer-core-1.12.1.jar:/home/otavio/.m2/repository/io/micrometer/micrometer-commons/1.12.1/micrometer-commons-1.12.1.jar:/home/otavio/.m2/repository/org/hdrhistogram/HdrHistogram/2.1.12/HdrHistogram-2.1.12.jar:/home/otavio/.m2/repository/org/latencyutils/LatencyUtils/2.0.3/LatencyUtils-2.0.3.jar:/home/otavio/.m2/repository/org/springdoc/springdoc-openapi-starter-webmvc-ui/2.3.0/springdoc-openapi-starter-webmvc-ui-2.3.0.jar:/home/otavio/.m2/repository/org/springdoc/springdoc-openapi-starter-webmvc-api/2.3.0/springdoc-openapi-starter-webmvc-api-2.3.0.jar:/home/otavio/.m2/repository/org/springdoc/springdoc-openapi-starter-common/2.3.0/springdoc-openapi-starter-common-2.3.0.jar:/home/otavio/.m2/repository/io/swagger/core/v3/swagger-core-jakarta/2.2.19/swagger-core-jakarta-2.2.19.jar:/home/otavio/.m2/repository/io/swagger/core/v3/swagger-annotations-jakarta/2.2.19/swagger-annotations-jakarta-2.2.19.jar:/home/otavio/.m2/repository/io/swagger/core/v3/swagger-models-jakarta/2.2.19/swagger-models-jakarta-2.2.19.jar:/home/otavio/.m2/repository/com/fasterxml/jackson/dataformat/jackson-dataformat-yaml/2.15.3/jackson-dataformat-yaml-2.15.3.jar:/home/otavio/.m2/repository/org/webjars/swagger-ui/5.10.3/swagger-ui-5.10.3.jar:/home/otavio/API-JAVA/app/worker/target/classes:/home/otavio/.m2/repository/org/springframework/boot/spring-boot-starter/3.2.1/spring-boot-starter-3.2.1.jar:/home/otavio/.m2/repository/org/springframework/boot/spring-boot-starter-logging/3.2.1/spring-boot-starter-logging-3.2.1.jar:/home/otavio/.m2/repository/ch/qos/logback/logback-classic/1.4.14/logback-classic-1.4.14.jar:/home/otavio/.m2/repository/ch/qos/logback/logback-core/1.4.14/logback-core-1.4.14.jar:/home/otavio/.m2/repository/org/apache/logging/log4j/log4j-to-slf4j/2.21.1/log4j-to-slf4j-2.21.1.jar:/home/otavio/.m2/repository/org/apache/logging/log4j/log4j-api/2.21.1/log4j-api-2.21.1.jar:/home/otavio/.m2/repository/org/slf4j/jul-to-slf4j/2.0.9/jul-to-slf4j-2.0.9.jar:/home/otavio/.m2/repository/jakarta/annotation/jakarta.annotation-api/2.1.1/jakarta.annotation-api-2.1.1.jar:/home/otavio/.m2/repository/org/yaml/snakeyaml/2.2/snakeyaml-2.2.jar:/home/otavio/API-JAVA/app/domain/target/classes:/home/otavio/.m2/repository/com/fasterxml/jackson/core/jackson-annotations/2.15.3/jackson-annotations-2.15.3.jar:/home/otavio/API-JAVA/app/application/target/classes:/home/otavio/API-JAVA/app/infrastructure/target/classes:/home/otavio/.m2/repository/com/fasterxml/jackson/core/jackson-databind/2.15.3/jackson-databind-2.15.3.jar:/home/otavio/.m2/repository/com/fasterxml/jackson/core/jackson-core/2.15.3/jackson-core-2.15.3.jar:/home/otavio/.m2/repository/com/fasterxml/jackson/datatype/jackson-datatype-jsr310/2.15.3/jackson-datatype-jsr310-2.15.3.jar:/home/otavio/.m2/repository/org/apache/pdfbox/pdfbox/3.0.1/pdfbox-3.0.1.jar:/home/otavio/.m2/repository/org/apache/pdfbox/pdfbox-io/3.0.1/pdfbox-io-3.0.1.jar:/home/otavio/.m2/repository/org/apache/pdfbox/fontbox/3.0.1/fontbox-3.0.1.jar:/home/otavio/.m2/repository/commons-logging/commons-logging/1.2/commons-logging-1.2.jar:/home/otavio/.m2/repository/org/apache/pdfbox/preflight/3.0.1/preflight-3.0.1.jar:/home/otavio/.m2/repository/org/apache/pdfbox/xmpbox/3.0.1/xmpbox-3.0.1.jar:/home/otavio/.m2/repository/com/itextpdf/kernel/8.0.2/kernel-8.0.2.jar:/home/otavio/.m2/repository/com/itextpdf/bouncy-castle-connector/8.0.2/bouncy-castle-connector-8.0.2.jar:/home/otavio/.m2/repository/com/itextpdf/io/8.0.2/io-8.0.2.jar:/home/otavio/.m2/repository/com/itextpdf/commons/8.0.2/commons-8.0.2.jar:/home/otavio/.m2/repository/com/itextpdf/layout/8.0.2/layout-8.0.2.jar:/home/otavio/.m2/repository/org/bouncycastle/bcprov-jdk18on/1.77/bcprov-jdk18on-1.77.jar:/home/otavio/.m2/repository/org/bouncycastle/bcpkix-jdk18on/1.77/bcpkix-jdk18on-1.77.jar:/home/otavio/.m2/repository/org/bouncycastle/bcutil-jdk18on/1.77/bcutil-jdk18on-1.77.jar:/home/otavio/.m2/repository/net/sourceforge/tess4j/tess4j/5.9.0/tess4j-5.9.0.jar:/home/otavio/.m2/repository/net/java/dev/jna/jna/5.13.0/jna-5.13.0.jar:/home/otavio/.m2/repository/com/github/jai-imageio/jai-imageio-core/1.4.0/jai-imageio-core-1.4.0.jar:/home/otavio/.m2/repository/org/apache/pdfbox/pdfbox-tools/3.0.1/pdfbox-tools-3.0.1.jar:/home/otavio/.m2/repository/org/apache/pdfbox/pdfbox-debugger/3.0.1/pdfbox-debugger-3.0.1.jar:/home/otavio/.m2/repository/info/picocli/picocli/4.7.5/picocli-4.7.5.jar:/home/otavio/.m2/repository/org/apache/pdfbox/jbig2-imageio/3.0.4/jbig2-imageio-3.0.4.jar:/home/otavio/.m2/repository/commons-io/commons-io/2.15.1/commons-io-2.15.1.jar:/home/otavio/.m2/repository/net/sourceforge/lept4j/lept4j/1.18.2/lept4j-1.18.2.jar:/home/otavio/.m2/repository/org/jboss/jboss-vfs/3.2.17.Final/jboss-vfs-3.2.17.Final.jar:/home/otavio/.m2/repository/com/twelvemonkeys/imageio/imageio-core/3.10.1/imageio-core-3.10.1.jar:/home/otavio/.m2/repository/com/twelvemonkeys/common/common-lang/3.10.1/common-lang-3.10.1.jar:/home/otavio/.m2/repository/com/twelvemonkeys/common/common-io/3.10.1/common-io-3.10.1.jar:/home/otavio/.m2/repository/com/twelvemonkeys/common/common-image/3.10.1/common-image-3.10.1.jar:/home/otavio/.m2/repository/com/twelvemonkeys/imageio/imageio-jpeg/3.10.1/imageio-jpeg-3.10.1.jar:/home/otavio/.m2/repository/com/twelvemonkeys/imageio/imageio-metadata/3.10.1/imageio-metadata-3.10.1.jar:/home/otavio/.m2/repository/com/twelvemonkeys/imageio/imageio-tiff/3.10.1/imageio-tiff-3.10.1.jar:/home/otavio/.m2/repository/org/springframework/boot/spring-boot-starter-test/3.2.1/spring-boot-starter-test-3.2.1.jar:/home/otavio/.m2/repository/org/springframework/boot/spring-boot-test/3.2.1/spring-boot-test-3.2.1.jar:/home/otavio/.m2/repository/com/jayway/jsonpath/json-path/2.8.0/json-path-2.8.0.jar:/home/otavio/.m2/repository/jakarta/xml/bind/jakarta.xml.bind-api/4.0.1/jakarta.xml.bind-api-4.0.1.jar:/home/otavio/.m2/repository/jakarta/activation/jakarta.activation-api/2.1.2/jakarta.activation-api-2.1.2.jar:/home/otavio/.m2/repository/net/minidev/json-smart/2.5.0/json-smart-2.5.0.jar:/home/otavio/.m2/repository/net/minidev/accessors-smart/2.5.0/accessors-smart-2.5.0.jar:/home/otavio/.m2/repository/org/ow2/asm/asm/9.3/asm-9.3.jar:/home/otavio/.m2/repository/org/assertj/assertj-core/3.24.2/assertj-core-3.24.2.jar:/home/otavio/.m2/repository/net/bytebuddy/byte-buddy/1.14.10/byte-buddy-1.14.10.jar:/home/otavio/.m2/repository/org/hamcrest/hamcrest/2.2/hamcrest-2.2.jar:/home/otavio/.m2/repository/org/junit/jupiter/junit-jupiter/5.10.1/junit-jupiter-5.10.1.jar:/home/otavio/.m2/repository/org/junit/jupiter/junit-jupiter-api/5.10.1/junit-jupiter-api-5.10.1.jar:/home/otavio/.m2/repository/org/opentest4j/opentest4j/1.3.0/opentest4j-1.3.0.jar:/home/otavio/.m2/repository/org/junit/platform/junit-platform-commons/1.10.1/junit-platform-commons-1.10.1.jar:/home/otavio/.m2/repository/org/apiguardian/apiguardian-api/1.1.2/apiguardian-api-1.1.2.jar:/home/otavio/.m2/repository/org/junit/jupiter/junit-jupiter-params/5.10.1/junit-jupiter-params-5.10.1.jar:/home/otavio/.m2/repository/org/junit/jupiter/junit-jupiter-engine/5.10.1/junit-jupiter-engine-5.10.1.jar:/home/otavio/.m2/repository/org/junit/platform/junit-platform-engine/1.10.1/junit-platform-engine-1.10.1.jar:/home/otavio/.m2/repository/org/mockito/mockito-core/5.7.0/mockito-core-5.7.0.jar:/home/otavio/.m2/repository/net/bytebuddy/byte-buddy-agent/1.14.10/byte-buddy-agent-1.14.10.jar:/home/otavio/.m2/repository/org/objenesis/objenesis/3.3/objenesis-3.3.jar:/home/otavio/.m2/repository/org/mockito/mockito-junit-jupiter/5.7.0/mockito-junit-jupiter-5.7.0.jar:/home/otavio/.m2/repository/org/skyscreamer/jsonassert/1.5.1/jsonassert-1.5.1.jar:/home/otavio/.m2/repository/com/vaadin/external/google/android-json/0.0.20131108.vaadin1/android-json-0.0.20131108.vaadin1.jar:/home/otavio/.m2/repository/org/springframework/spring-core/6.1.2/spring-core-6.1.2.jar:/home/otavio/.m2/repository/org/springframework/spring-jcl/6.1.2/spring-jcl-6.1.2.jar:/home/otavio/.m2/repository/org/springframework/spring-test/6.1.2/spring-test-6.1.2.jar:/home/otavio/.m2/repository/org/xmlunit/xmlunit-core/2.9.1/xmlunit-core-2.9.1.jar:/home/otavio/.m2/repository/org/springframework/boot/spring-boot-test-autoconfigure/3.2.1/spring-boot-test-autoconfigure-3.2.1.jar:/home/otavio/.m2/repository/org/springframework/boot/spring-boot/3.2.1/spring-boot-3.2.1.jar:/home/otavio/.m2/repository/org/springframework/spring-context/6.1.2/spring-context-6.1.2.jar:/home/otavio/.m2/repository/org/springframework/boot/spring-boot-autoconfigure/3.2.1/spring-boot-autoconfigure-3.2.1.jar:/home/otavio/.m2/repository/org/testcontainers/testcontainers/1.19.3/testcontainers-1.19.3.jar:/home/otavio/.m2/repository/junit/junit/4.13.2/junit-4.13.2.jar:/home/otavio/.m2/repository/org/hamcrest/hamcrest-core/2.2/hamcrest-core-2.2.jar:/home/otavio/.m2/repository/org/slf4j/slf4j-api/2.0.9/slf4j-api-2.0.9.jar:/home/otavio/.m2/repository/org/apache/commons/commons-compress/1.24.0/commons-compress-1.24.0.jar:/home/otavio/.m2/repository/org/rnorth/duct-tape/duct-tape/1.0.8/duct-tape-1.0.8.jar:/home/otavio/.m2/repository/org/jetbrains/annotations/17.0.0/annotations-17.0.0.jar:/home/otavio/.m2/repository/com/github/docker-java/docker-java-api/3.3.4/docker-java-api-3.3.4.jar:/home/otavio/.m2/repository/com/github/docker-java/docker-java-transport-zerodep/3.3.4/docker-java-transport-zerodep-3.3.4.jar:/home/otavio/.m2/repository/com/github/docker-java/docker-java-transport/3.3.4/docker-java-transport-3.3.4.jar:/home/otavio/.m2/repository/org/testcontainers/junit-jupiter/1.19.3/junit-jupiter-1.19.3.jar:/home/otavio/.m2/repository/io/rest-assured/rest-assured/5.3.2/rest-assured-5.3.2.jar:/home/otavio/.m2/repository/org/apache/groovy/groovy/4.0.16/groovy-4.0.16.jar:/home/otavio/.m2/repository/org/apache/groovy/groovy-xml/4.0.16/groovy-xml-4.0.16.jar:/home/otavio/.m2/repository/org/apache/httpcomponents/httpclient/4.5.13/httpclient-4.5.13.jar:/home/otavio/.m2/repository/org/apache/httpcomponents/httpcore/4.4.16/httpcore-4.4.16.jar:/home/otavio/.m2/repository/commons-codec/commons-codec/1.16.0/commons-codec-1.16.0.jar:/home/otavio/.m2/repository/org/apache/httpcomponents/httpmime/4.5.13/httpmime-4.5.13.jar:/home/otavio/.m2/repository/org/ccil/cowan/tagsoup/tagsoup/1.2.1/tagsoup-1.2.1.jar:/home/otavio/.m2/repository/io/rest-assured/xml-path/5.3.2/xml-path-5.3.2.jar:/home/otavio/.m2/repository/org/apache/commons/commons-lang3/3.13.0/commons-lang3-3.13.0.jar:/home/otavio/.m2/repository/io/rest-assured/json-path/5.3.2/json-path-5.3.2.jar:/home/otavio/.m2/repository/org/apache/groovy/groovy-json/4.0.16/groovy-json-4.0.16.jar:/home/otavio/.m2/repository/io/rest-assured/rest-assured-common/5.3.2/rest-assured-common-5.3.2.jar:/home/otavio/.m2/repository/org/awaitility/awaitility/4.2.0/awaitility-4.2.0.jar:"/>
    <property name="sun.cpu.endian" value="little"/>
    <property name="user.home" value="/home/otavio"/>
    <property name="user.language" value="en"/>
    <property name="java.specification.vendor" value="Oracle Corporation"/>
    <property name="java.version.date" value="2025-07-15"/>
    <property name="java.home" value="/usr/lib/jvm/java-21-openjdk-amd64"/>
    <property name="file.separator" value="/"/>
    <property name="basedir" value="/home/otavio/API-JAVA/tests"/>
    <property name="java.vm.compressedOopsMode" value="32-bit"/>
    <property name="line.separator" value="&#10;"/>
    <property name="java.vm.specification.vendor" value="Oracle Corporation"/>
    <property name="java.specification.name" value="Java Platform API Specification"/>
    <property name="FILE_LOG_CHARSET" value="UTF-8"/>
    <property name="java.awt.headless" value="true"/>
    <property name="surefire.real.class.path" value="/home/otavio/API-JAVA/tests/target/surefire/surefirebooter-20250903230503169_102.jar"/>
    <property name="sun.management.compiler" value="HotSpot 64-Bit Tiered Compilers"/>
    <property name="java.runtime.version" value="21.0.8+9-Ubuntu-0ubuntu124.04.1"/>
    <property name="user.name" value="otavio"/>
    <property name="stdout.encoding" value="UTF-8"/>
    <property name="path.separator" value=":"/>
    <property name="os.version" value="6.6.87.2-microsoft-standard-WSL2"/>
    <property name="java.runtime.name" value="OpenJDK Runtime Environment"/>
    <property name="file.encoding" value="UTF-8"/>
    <property name="FILE_LOG_PATTERN" value="%d{yyyy-MM-dd HH:mm:ss} [%thread] %-5level %logger{36} - %msg%n"/>
    <property name="java.vm.name" value="OpenJDK 64-Bit Server VM"/>
    <property name="localRepository" value="/home/otavio/.m2/repository"/>
    <property name="java.vendor.url.bug" value="https://bugs.launchpad.net/ubuntu/+source/openjdk-21"/>
    <property name="java.io.tmpdir" value="/tmp"/>
    <property name="catalina.home" value="/tmp/tomcat.0.4088239344949347978"/>
    <property name="java.version" value="21.0.8"/>
    <property name="user.dir" value="/home/otavio/API-JAVA/tests"/>
    <property name="os.arch" value="amd64"/>
    <property name="java.vm.specification.name" value="Java Virtual Machine Specification"/>
    <property name="PID" value="941641"/>
    <property name="CONSOLE_LOG_CHARSET" value="UTF-8"/>
    <property name="catalina.base" value="/tmp/tomcat.0.4088239344949347978"/>
    <property name="native.encoding" value="UTF-8"/>
    <property name="java.library.path" value="/usr/java/packages/lib:/usr/lib/x86_64-linux-gnu/jni:/lib/x86_64-linux-gnu:/usr/lib/x86_64-linux-gnu:/usr/lib/jni:/lib:/usr/lib"/>
    <property name="java.vm.info" value="mixed mode, sharing"/>
    <property name="stderr.encoding" value="UTF-8"/>
    <property name="java.vendor" value="Ubuntu"/>
    <property name="java.vm.version" value="21.0.8+9-Ubuntu-0ubuntu124.04.1"/>
    <property name="sun.io.unicode.encoding" value="UnicodeLittle"/>
    <property name="java.class.version" value="65.0"/>
    <property name="CONSOLE_LOG_PATTERN" value="%d{yyyy-MM-dd HH:mm:ss} - %msg%n"/>
    <property name="LOGGED_APPLICATION_NAME" value="[pdf-processor-api] "/>
  </properties>
  <testcase name="shouldCreateSplitJobViaApi" classname="com.pdfprocessor.integration.EndToEndIntegrationTest" time="1.916">
    <failure message="1 expectation failed.&#10;Expected status code &lt;200&gt; but was &lt;401&gt;.&#10;" type="java.lang.AssertionError"><![CDATA[java.lang.AssertionError: 
1 expectation failed.
Expected status code <200> but was <401>.

	at java.base/jdk.internal.reflect.DirectConstructorHandleAccessor.newInstance(DirectConstructorHandleAccessor.java:62)
	at java.base/java.lang.reflect.Constructor.newInstanceWithCaller(Constructor.java:502)
	at java.base/java.lang.reflect.Constructor.newInstance(Constructor.java:486)
	at org.codehaus.groovy.reflection.CachedConstructor.invoke(CachedConstructor.java:73)
	at org.codehaus.groovy.runtime.callsite.ConstructorSite$ConstructorSiteNoUnwrapNoCoerce.callConstructor(ConstructorSite.java:108)
	at org.codehaus.groovy.runtime.callsite.CallSiteArray.defaultCallConstructor(CallSiteArray.java:57)
	at org.codehaus.groovy.runtime.callsite.AbstractCallSite.callConstructor(AbstractCallSite.java:263)
	at org.codehaus.groovy.runtime.callsite.AbstractCallSite.callConstructor(AbstractCallSite.java:277)
	at io.restassured.internal.ResponseSpecificationImpl$HamcrestAssertionClosure.validate(ResponseSpecificationImpl.groovy:512)
	at io.restassured.internal.ResponseSpecificationImpl$HamcrestAssertionClosure$validate$1.call(Unknown Source)
	at org.codehaus.groovy.runtime.callsite.CallSiteArray.defaultCall(CallSiteArray.java:45)
	at org.codehaus.groovy.runtime.callsite.AbstractCallSite.call(AbstractCallSite.java:125)
	at org.codehaus.groovy.runtime.callsite.AbstractCallSite.call(AbstractCallSite.java:139)
	at io.restassured.internal.ResponseSpecificationImpl.validateResponseIfRequired(ResponseSpecificationImpl.groovy:696)
	at io.restassured.internal.ResponseSpecificationImpl.this$2$validateResponseIfRequired(ResponseSpecificationImpl.groovy)
	at java.base/jdk.internal.reflect.DirectMethodHandleAccessor.invoke(DirectMethodHandleAccessor.java:103)
	at java.base/java.lang.reflect.Method.invoke(Method.java:580)
	at org.codehaus.groovy.runtime.callsite.PlainObjectMetaMethodSite.doInvoke(PlainObjectMetaMethodSite.java:43)
	at org.codehaus.groovy.runtime.callsite.PogoMetaMethodSite$PogoCachedMethodSiteNoUnwrapNoCoerce.invoke(PogoMetaMethodSite.java:198)
	at org.codehaus.groovy.runtime.callsite.PogoMetaMethodSite.callCurrent(PogoMetaMethodSite.java:62)
	at org.codehaus.groovy.runtime.callsite.CallSiteArray.defaultCallCurrent(CallSiteArray.java:49)
	at org.codehaus.groovy.runtime.callsite.AbstractCallSite.callCurrent(AbstractCallSite.java:171)
	at org.codehaus.groovy.runtime.callsite.AbstractCallSite.callCurrent(AbstractCallSite.java:185)
	at io.restassured.internal.ResponseSpecificationImpl.statusCode(ResponseSpecificationImpl.groovy:135)
	at io.restassured.specification.ResponseSpecification$statusCode$0.callCurrent(Unknown Source)
	at org.codehaus.groovy.runtime.callsite.CallSiteArray.defaultCallCurrent(CallSiteArray.java:49)
	at org.codehaus.groovy.runtime.callsite.AbstractCallSite.callCurrent(AbstractCallSite.java:171)
	at org.codehaus.groovy.runtime.callsite.AbstractCallSite.callCurrent(AbstractCallSite.java:185)
	at io.restassured.internal.ResponseSpecificationImpl.statusCode(ResponseSpecificationImpl.groovy:143)
	at io.restassured.internal.ValidatableResponseOptionsImpl.statusCode(ValidatableResponseOptionsImpl.java:89)
	at com.pdfprocessor.integration.EndToEndIntegrationTest.shouldCreateSplitJobViaApi(EndToEndIntegrationTest.java:90)
	at java.base/java.lang.reflect.Method.invoke(Method.java:580)
	at java.base/java.util.ArrayList.forEach(ArrayList.java:1596)
	at java.base/java.util.ArrayList.forEach(ArrayList.java:1596)
]]></failure>
    <system-out><![CDATA[Standard Commons Logging discovery in action with spring-jcl: please remove commons-logging.jar from classpath in order to avoid potential conflicts

  .   ____          _            __ _ _
 /\\ / ___'_ __ _ _(_)_ __  __ _ \ \ \ \
( ( )\___ | '_ | '_| | '_ \/ _` | \ \ \ \
 \\/  ___)| |_)| | | | | || (_| |  ) ) ) )
  '  |____| .__|_| |_|_| |_\__, | / / / /
 =========|_|==============|___/=/_/_/_/
 :: Spring Boot ::                (v3.2.1)

2025-09-03 23:05:04 - &amp#27;[34mINFO &amp#27;[0;39m [main] c.p.i.EndToEndIntegrationTest - Starting EndToEndIntegrationTest using Java 21.0.8 with PID 941641 (started by otavio in /home/otavio/API-JAVA/tests)
2025-09-03 23:05:04 - &amp#27;[34mINFO &amp#27;[0;39m [main] c.p.i.EndToEndIntegrationTest - The following 1 profile is active: "test"
Standard Commons Logging discovery in action with spring-jcl: please remove commons-logging.jar from classpath in order to avoid potential conflicts
2025-09-03 23:05:07 - &amp#27;[31mWARN &amp#27;[0;39m [main] o.s.b.a.s.s.UserDetailsServiceAutoConfiguration - 

Using generated security password: 7fd94eb1-52eb-4e6c-8093-ea9dc42f560b

This generated password is for development use only. Your security configuration must be updated before running your application in production.

2025-09-03 23:05:08 - &amp#27;[34mINFO &amp#27;[0;39m [main] c.p.i.EndToEndIntegrationTest - Started EndToEndIntegrationTest in 4.026 seconds (process running for 5.203)
2025-09-03 23:05:10 - &amp#27;[34mINFO &amp#27;[0;39m [http-nio-auto-1-exec-1] c.p.a.c.ApiKeyAuthenticationFilter - Processing request: POST /api/v1/jobs
2025-09-03 23:05:10 - &amp#27;[34mINFO &amp#27;[0;39m [http-nio-auto-1-exec-1] c.p.a.c.ApiKeyAuthenticationFilter - API endpoint detected: /api/v1/jobs, X-API-Key: [PRESENT]
2025-09-03 23:05:10 - &amp#27;[31mWARN &amp#27;[0;39m [http-nio-auto-1-exec-1] c.p.a.c.ApiKeyAuthenticationFilter - Invalid X-API-Key for endpoint: /api/v1/jobs
2025-09-03 23:05:10 - &amp#27;[34mINFO &amp#27;[0;39m [http-nio-auto-1-exec-1] c.p.a.c.ApiKeyAuthenticationFilter - Sending unauthorized response: Invalid X-API-Key
]]></system-out>
    <system-err><![CDATA[WARNING: A Java agent has been loaded dynamically (/home/otavio/.m2/repository/net/bytebuddy/byte-buddy-agent/1.14.10/byte-buddy-agent-1.14.10.jar)
WARNING: If a serviceability tool is in use, please run with -XX:+EnableDynamicAgentLoading to hide this warning
WARNING: If a serviceability tool is not in use, please run with -Djdk.instrument.traceUsage for more information
WARNING: Dynamic loading of agents will be disallowed by default in a future release
]]></system-err>
  </testcase>
  <testcase name="shouldRejectRequestWithoutApiKey" classname="com.pdfprocessor.integration.EndToEndIntegrationTest" time="0.031">
    <system-out><![CDATA[2025-09-03 23:05:10 - &amp#27;[34mINFO &amp#27;[0;39m [http-nio-auto-1-exec-2] c.p.a.c.ApiKeyAuthenticationFilter - Processing request: POST /api/v1/jobs
2025-09-03 23:05:10 - &amp#27;[34mINFO &amp#27;[0;39m [http-nio-auto-1-exec-2] c.p.a.c.ApiKeyAuthenticationFilter - API endpoint detected: /api/v1/jobs, X-API-Key: [MISSING]
2025-09-03 23:05:10 - &amp#27;[31mWARN &amp#27;[0;39m [http-nio-auto-1-exec-2] c.p.a.c.ApiKeyAuthenticationFilter - Missing X-API-Key header for endpoint: /api/v1/jobs
2025-09-03 23:05:10 - &amp#27;[34mINFO &amp#27;[0;39m [http-nio-auto-1-exec-2] c.p.a.c.ApiKeyAuthenticationFilter - Sending unauthorized response: Missing X-API-Key header
]]></system-out>
  </testcase>
  <testcase name="shouldListJobsViaApi" classname="com.pdfprocessor.integration.EndToEndIntegrationTest" time="0.034">
    <failure message="1 expectation failed.&#10;Expected status code &lt;200&gt; but was &lt;401&gt;.&#10;" type="java.lang.AssertionError"><![CDATA[java.lang.AssertionError: 
1 expectation failed.
Expected status code <200> but was <401>.

	at java.base/jdk.internal.reflect.DirectConstructorHandleAccessor.newInstance(DirectConstructorHandleAccessor.java:62)
	at java.base/java.lang.reflect.Constructor.newInstanceWithCaller(Constructor.java:502)
	at java.base/java.lang.reflect.Constructor.newInstance(Constructor.java:486)
	at org.codehaus.groovy.reflection.CachedConstructor.invoke(CachedConstructor.java:73)
	at org.codehaus.groovy.runtime.callsite.ConstructorSite$ConstructorSiteNoUnwrapNoCoerce.callConstructor(ConstructorSite.java:108)
	at org.codehaus.groovy.runtime.callsite.AbstractCallSite.callConstructor(AbstractCallSite.java:277)
	at io.restassured.internal.ResponseSpecificationImpl$HamcrestAssertionClosure.validate(ResponseSpecificationImpl.groovy:512)
	at io.restassured.internal.ResponseSpecificationImpl$HamcrestAssertionClosure$validate$1.call(Unknown Source)
	at io.restassured.internal.ResponseSpecificationImpl.validateResponseIfRequired(ResponseSpecificationImpl.groovy:696)
	at io.restassured.internal.ResponseSpecificationImpl.this$2$validateResponseIfRequired(ResponseSpecificationImpl.groovy)
	at java.base/jdk.internal.reflect.DirectMethodHandleAccessor.invoke(DirectMethodHandleAccessor.java:103)
	at java.base/java.lang.reflect.Method.invoke(Method.java:580)
	at org.codehaus.groovy.runtime.callsite.PlainObjectMetaMethodSite.doInvoke(PlainObjectMetaMethodSite.java:43)
	at org.codehaus.groovy.runtime.callsite.PogoMetaMethodSite$PogoCachedMethodSiteNoUnwrapNoCoerce.invoke(PogoMetaMethodSite.java:198)
	at org.codehaus.groovy.runtime.callsite.PogoMetaMethodSite.callCurrent(PogoMetaMethodSite.java:62)
	at org.codehaus.groovy.runtime.callsite.AbstractCallSite.callCurrent(AbstractCallSite.java:185)
	at io.restassured.internal.ResponseSpecificationImpl.statusCode(ResponseSpecificationImpl.groovy:135)
	at io.restassured.specification.ResponseSpecification$statusCode$0.callCurrent(Unknown Source)
	at io.restassured.internal.ResponseSpecificationImpl.statusCode(ResponseSpecificationImpl.groovy:143)
	at io.restassured.internal.ValidatableResponseOptionsImpl.statusCode(ValidatableResponseOptionsImpl.java:89)
	at com.pdfprocessor.integration.EndToEndIntegrationTest.createTestJob(EndToEndIntegrationTest.java:168)
	at com.pdfprocessor.integration.EndToEndIntegrationTest.shouldListJobsViaApi(EndToEndIntegrationTest.java:103)
	at java.base/java.lang.reflect.Method.invoke(Method.java:580)
	at java.base/java.util.ArrayList.forEach(ArrayList.java:1596)
	at java.base/java.util.ArrayList.forEach(ArrayList.java:1596)
]]></failure>
    <system-out><![CDATA[2025-09-03 23:05:10 - &amp#27;[34mINFO &amp#27;[0;39m [http-nio-auto-1-exec-3] c.p.a.c.ApiKeyAuthenticationFilter - Processing request: POST /api/v1/jobs
2025-09-03 23:05:10 - &amp#27;[34mINFO &amp#27;[0;39m [http-nio-auto-1-exec-3] c.p.a.c.ApiKeyAuthenticationFilter - API endpoint detected: /api/v1/jobs, X-API-Key: [PRESENT]
2025-09-03 23:05:10 - &amp#27;[31mWARN &amp#27;[0;39m [http-nio-auto-1-exec-3] c.p.a.c.ApiKeyAuthenticationFilter - Invalid X-API-Key for endpoint: /api/v1/jobs
2025-09-03 23:05:10 - &amp#27;[34mINFO &amp#27;[0;39m [http-nio-auto-1-exec-3] c.p.a.c.ApiKeyAuthenticationFilter - Sending unauthorized response: Invalid X-API-Key
]]></system-out>
  </testcase>
  <testcase name="shouldCreateMergeJobViaApi" classname="com.pdfprocessor.integration.EndToEndIntegrationTest" time="0.026">
    <failure message="1 expectation failed.&#10;Expected status code &lt;200&gt; but was &lt;401&gt;.&#10;" type="java.lang.AssertionError"><![CDATA[java.lang.AssertionError: 
1 expectation failed.
Expected status code <200> but was <401>.

	at java.base/jdk.internal.reflect.DirectConstructorHandleAccessor.newInstance(DirectConstructorHandleAccessor.java:62)
	at java.base/java.lang.reflect.Constructor.newInstanceWithCaller(Constructor.java:502)
	at java.base/java.lang.reflect.Constructor.newInstance(Constructor.java:486)
	at org.codehaus.groovy.reflection.CachedConstructor.invoke(CachedConstructor.java:73)
	at org.codehaus.groovy.runtime.callsite.ConstructorSite$ConstructorSiteNoUnwrapNoCoerce.callConstructor(ConstructorSite.java:108)
	at org.codehaus.groovy.runtime.callsite.AbstractCallSite.callConstructor(AbstractCallSite.java:277)
	at io.restassured.internal.ResponseSpecificationImpl$HamcrestAssertionClosure.validate(ResponseSpecificationImpl.groovy:512)
	at io.restassured.internal.ResponseSpecificationImpl$HamcrestAssertionClosure$validate$1.call(Unknown Source)
	at io.restassured.internal.ResponseSpecificationImpl.validateResponseIfRequired(ResponseSpecificationImpl.groovy:696)
	at io.restassured.internal.ResponseSpecificationImpl.this$2$validateResponseIfRequired(ResponseSpecificationImpl.groovy)
	at java.base/jdk.internal.reflect.DirectMethodHandleAccessor.invoke(DirectMethodHandleAccessor.java:103)
	at java.base/java.lang.reflect.Method.invoke(Method.java:580)
	at org.codehaus.groovy.runtime.callsite.PlainObjectMetaMethodSite.doInvoke(PlainObjectMetaMethodSite.java:43)
	at org.codehaus.groovy.runtime.callsite.PogoMetaMethodSite$PogoCachedMethodSiteNoUnwrapNoCoerce.invoke(PogoMetaMethodSite.java:198)
	at org.codehaus.groovy.runtime.callsite.PogoMetaMethodSite.callCurrent(PogoMetaMethodSite.java:62)
	at org.codehaus.groovy.runtime.callsite.AbstractCallSite.callCurrent(AbstractCallSite.java:185)
	at io.restassured.internal.ResponseSpecificationImpl.statusCode(ResponseSpecificationImpl.groovy:135)
	at io.restassured.specification.ResponseSpecification$statusCode$0.callCurrent(Unknown Source)
	at io.restassured.internal.ResponseSpecificationImpl.statusCode(ResponseSpecificationImpl.groovy:143)
	at io.restassured.internal.ValidatableResponseOptionsImpl.statusCode(ValidatableResponseOptionsImpl.java:89)
	at com.pdfprocessor.integration.EndToEndIntegrationTest.shouldCreateMergeJobViaApi(EndToEndIntegrationTest.java:69)
	at java.base/java.lang.reflect.Method.invoke(Method.java:580)
	at java.base/java.util.ArrayList.forEach(ArrayList.java:1596)
	at java.base/java.util.ArrayList.forEach(ArrayList.java:1596)
]]></failure>
    <system-out><![CDATA[2025-09-03 23:05:10 - &amp#27;[34mINFO &amp#27;[0;39m [http-nio-auto-1-exec-4] c.p.a.c.ApiKeyAuthenticationFilter - Processing request: POST /api/v1/jobs
2025-09-03 23:05:10 - &amp#27;[34mINFO &amp#27;[0;39m [http-nio-auto-1-exec-4] c.p.a.c.ApiKeyAuthenticationFilter - API endpoint detected: /api/v1/jobs, X-API-Key: [PRESENT]
2025-09-03 23:05:10 - &amp#27;[31mWARN &amp#27;[0;39m [http-nio-auto-1-exec-4] c.p.a.c.ApiKeyAuthenticationFilter - Invalid X-API-Key for endpoint: /api/v1/jobs
2025-09-03 23:05:10 - &amp#27;[34mINFO &amp#27;[0;39m [http-nio-auto-1-exec-4] c.p.a.c.ApiKeyAuthenticationFilter - Sending unauthorized response: Invalid X-API-Key
]]></system-out>
  </testcase>
  <testcase name="shouldGetJobByIdViaApi" classname="com.pdfprocessor.integration.EndToEndIntegrationTest" time="0.026">
    <failure message="1 expectation failed.&#10;Expected status code &lt;200&gt; but was &lt;401&gt;.&#10;" type="java.lang.AssertionError"><![CDATA[java.lang.AssertionError: 
1 expectation failed.
Expected status code <200> but was <401>.

	at java.base/jdk.internal.reflect.DirectConstructorHandleAccessor.newInstance(DirectConstructorHandleAccessor.java:62)
	at java.base/java.lang.reflect.Constructor.newInstanceWithCaller(Constructor.java:502)
	at java.base/java.lang.reflect.Constructor.newInstance(Constructor.java:486)
	at org.codehaus.groovy.reflection.CachedConstructor.invoke(CachedConstructor.java:73)
	at org.codehaus.groovy.runtime.callsite.ConstructorSite$ConstructorSiteNoUnwrapNoCoerce.callConstructor(ConstructorSite.java:108)
	at org.codehaus.groovy.runtime.callsite.AbstractCallSite.callConstructor(AbstractCallSite.java:277)
	at io.restassured.internal.ResponseSpecificationImpl$HamcrestAssertionClosure.validate(ResponseSpecificationImpl.groovy:512)
	at io.restassured.internal.ResponseSpecificationImpl$HamcrestAssertionClosure$validate$1.call(Unknown Source)
	at io.restassured.internal.ResponseSpecificationImpl.validateResponseIfRequired(ResponseSpecificationImpl.groovy:696)
	at io.restassured.internal.ResponseSpecificationImpl.this$2$validateResponseIfRequired(ResponseSpecificationImpl.groovy)
	at java.base/jdk.internal.reflect.DirectMethodHandleAccessor.invoke(DirectMethodHandleAccessor.java:103)
	at java.base/java.lang.reflect.Method.invoke(Method.java:580)
	at org.codehaus.groovy.runtime.callsite.PlainObjectMetaMethodSite.doInvoke(PlainObjectMetaMethodSite.java:43)
	at org.codehaus.groovy.runtime.callsite.PogoMetaMethodSite$PogoCachedMethodSiteNoUnwrapNoCoerce.invoke(PogoMetaMethodSite.java:198)
	at org.codehaus.groovy.runtime.callsite.PogoMetaMethodSite.callCurrent(PogoMetaMethodSite.java:62)
	at org.codehaus.groovy.runtime.callsite.AbstractCallSite.callCurrent(AbstractCallSite.java:185)
	at io.restassured.internal.ResponseSpecificationImpl.statusCode(ResponseSpecificationImpl.groovy:135)
	at io.restassured.specification.ResponseSpecification$statusCode$0.callCurrent(Unknown Source)
	at io.restassured.internal.ResponseSpecificationImpl.statusCode(ResponseSpecificationImpl.groovy:143)
	at io.restassured.internal.ValidatableResponseOptionsImpl.statusCode(ValidatableResponseOptionsImpl.java:89)
	at com.pdfprocessor.integration.EndToEndIntegrationTest.createTestJob(EndToEndIntegrationTest.java:168)
	at com.pdfprocessor.integration.EndToEndIntegrationTest.shouldGetJobByIdViaApi(EndToEndIntegrationTest.java:119)
	at java.base/java.lang.reflect.Method.invoke(Method.java:580)
	at java.base/java.util.ArrayList.forEach(ArrayList.java:1596)
	at java.base/java.util.ArrayList.forEach(ArrayList.java:1596)
]]></failure>
    <system-out><![CDATA[2025-09-03 23:05:10 - &amp#27;[34mINFO &amp#27;[0;39m [http-nio-auto-1-exec-5] c.p.a.c.ApiKeyAuthenticationFilter - Processing request: POST /api/v1/jobs
2025-09-03 23:05:10 - &amp#27;[34mINFO &amp#27;[0;39m [http-nio-auto-1-exec-5] c.p.a.c.ApiKeyAuthenticationFilter - API endpoint detected: /api/v1/jobs, X-API-Key: [PRESENT]
2025-09-03 23:05:10 - &amp#27;[31mWARN &amp#27;[0;39m [http-nio-auto-1-exec-5] c.p.a.c.ApiKeyAuthenticationFilter - Invalid X-API-Key for endpoint: /api/v1/jobs
2025-09-03 23:05:10 - &amp#27;[34mINFO &amp#27;[0;39m [http-nio-auto-1-exec-5] c.p.a.c.ApiKeyAuthenticationFilter - Sending unauthorized response: Invalid X-API-Key
]]></system-out>
  </testcase>
  <testcase name="shouldRejectRequestWithInvalidApiKey" classname="com.pdfprocessor.integration.EndToEndIntegrationTest" time="0.023">
    <system-out><![CDATA[2025-09-03 23:05:10 - &amp#27;[34mINFO &amp#27;[0;39m [http-nio-auto-1-exec-6] c.p.a.c.ApiKeyAuthenticationFilter - Processing request: POST /api/v1/jobs
2025-09-03 23:05:10 - &amp#27;[34mINFO &amp#27;[0;39m [http-nio-auto-1-exec-6] c.p.a.c.ApiKeyAuthenticationFilter - API endpoint detected: /api/v1/jobs, X-API-Key: [PRESENT]
2025-09-03 23:05:10 - &amp#27;[31mWARN &amp#27;[0;39m [http-nio-auto-1-exec-6] c.p.a.c.ApiKeyAuthenticationFilter - Invalid X-API-Key for endpoint: /api/v1/jobs
2025-09-03 23:05:10 - &amp#27;[34mINFO &amp#27;[0;39m [http-nio-auto-1-exec-6] c.p.a.c.ApiKeyAuthenticationFilter - Sending unauthorized response: Invalid X-API-Key
]]></system-out>
  </testcase>
</testsuite>