<?xml version="1.0" encoding="UTF-8"?>
<testsuite xmlns:xsi="http://www.w3.org/2001/XMLSchema-instance" xsi:noNamespaceSchemaLocation="https://maven.apache.org/surefire/maven-surefire-plugin/xsd/surefire-test-report-3.0.xsd" version="3.0" name="com.pdfprocessor.worker.processor.JobProcessorTest" time="1.81" tests="5" errors="0" skipped="0" failures="0">
  <properties>
    <property name="java.specification.version" value="21"/>
    <property name="sun.jnu.encoding" value="UTF-8"/>
    <property name="java.class.path" value="/home/otavio/API-JAVA/app/worker/target/test-classes:/home/otavio/API-JAVA/app/worker/target/classes:/home/otavio/API-JAVA/app/domain/target/classes:/home/otavio/.m2/repository/com/fasterxml/jackson/core/jackson-annotations/2.15.3/jackson-annotations-2.15.3.jar:/home/otavio/API-JAVA/app/application/target/classes:/home/otavio/.m2/repository/org/springframework/boot/spring-boot-starter-validation/3.2.1/spring-boot-starter-validation-3.2.1.jar:/home/otavio/.m2/repository/org/apache/tomcat/embed/tomcat-embed-el/10.1.17/tomcat-embed-el-10.1.17.jar:/home/otavio/.m2/repository/org/hibernate/validator/hibernate-validator/8.0.1.Final/hibernate-validator-8.0.1.Final.jar:/home/otavio/.m2/repository/jakarta/validation/jakarta.validation-api/3.0.2/jakarta.validation-api-3.0.2.jar:/home/otavio/.m2/repository/org/jboss/logging/jboss-logging/3.5.3.Final/jboss-logging-3.5.3.Final.jar:/home/otavio/.m2/repository/com/fasterxml/classmate/1.6.0/classmate-1.6.0.jar:/home/otavio/.m2/repository/com/pdfprocessor/infrastructure/1.0.0-SNAPSHOT/infrastructure-1.0.0-SNAPSHOT.jar:/home/otavio/.m2/repository/com/fasterxml/jackson/core/jackson-databind/2.15.3/jackson-databind-2.15.3.jar:/home/otavio/.m2/repository/com/fasterxml/jackson/core/jackson-core/2.15.3/jackson-core-2.15.3.jar:/home/otavio/.m2/repository/com/fasterxml/jackson/datatype/jackson-datatype-jsr310/2.15.3/jackson-datatype-jsr310-2.15.3.jar:/home/otavio/.m2/repository/org/apache/pdfbox/pdfbox/3.0.1/pdfbox-3.0.1.jar:/home/otavio/.m2/repository/org/apache/pdfbox/pdfbox-io/3.0.1/pdfbox-io-3.0.1.jar:/home/otavio/.m2/repository/org/apache/pdfbox/fontbox/3.0.1/fontbox-3.0.1.jar:/home/otavio/.m2/repository/org/apache/pdfbox/preflight/3.0.1/preflight-3.0.1.jar:/home/otavio/.m2/repository/org/apache/pdfbox/xmpbox/3.0.1/xmpbox-3.0.1.jar:/home/otavio/.m2/repository/net/sourceforge/tess4j/tess4j/5.9.0/tess4j-5.9.0.jar:/home/otavio/.m2/repository/net/java/dev/jna/jna/5.13.0/jna-5.13.0.jar:/home/otavio/.m2/repository/com/github/jai-imageio/jai-imageio-core/1.4.0/jai-imageio-core-1.4.0.jar:/home/otavio/.m2/repository/org/apache/pdfbox/pdfbox-tools/3.0.1/pdfbox-tools-3.0.1.jar:/home/otavio/.m2/repository/org/apache/pdfbox/pdfbox-debugger/3.0.1/pdfbox-debugger-3.0.1.jar:/home/otavio/.m2/repository/info/picocli/picocli/4.7.5/picocli-4.7.5.jar:/home/otavio/.m2/repository/org/apache/pdfbox/jbig2-imageio/3.0.4/jbig2-imageio-3.0.4.jar:/home/otavio/.m2/repository/net/sourceforge/lept4j/lept4j/1.18.2/lept4j-1.18.2.jar:/home/otavio/.m2/repository/org/jboss/jboss-vfs/3.2.17.Final/jboss-vfs-3.2.17.Final.jar:/home/otavio/.m2/repository/org/slf4j/slf4j-api/2.0.9/slf4j-api-2.0.9.jar:/home/otavio/.m2/repository/com/twelvemonkeys/imageio/imageio-core/3.10.1/imageio-core-3.10.1.jar:/home/otavio/.m2/repository/com/twelvemonkeys/common/common-lang/3.10.1/common-lang-3.10.1.jar:/home/otavio/.m2/repository/com/twelvemonkeys/common/common-io/3.10.1/common-io-3.10.1.jar:/home/otavio/.m2/repository/com/twelvemonkeys/common/common-image/3.10.1/common-image-3.10.1.jar:/home/otavio/.m2/repository/com/twelvemonkeys/imageio/imageio-jpeg/3.10.1/imageio-jpeg-3.10.1.jar:/home/otavio/.m2/repository/com/twelvemonkeys/imageio/imageio-metadata/3.10.1/imageio-metadata-3.10.1.jar:/home/otavio/.m2/repository/com/twelvemonkeys/imageio/imageio-tiff/3.10.1/imageio-tiff-3.10.1.jar:/home/otavio/.m2/repository/org/springframework/boot/spring-boot-starter/3.2.1/spring-boot-starter-3.2.1.jar:/home/otavio/.m2/repository/org/springframework/boot/spring-boot/3.2.1/spring-boot-3.2.1.jar:/home/otavio/.m2/repository/org/springframework/spring-context/6.1.2/spring-context-6.1.2.jar:/home/otavio/.m2/repository/org/springframework/spring-beans/6.1.2/spring-beans-6.1.2.jar:/home/otavio/.m2/repository/org/springframework/spring-expression/6.1.2/spring-expression-6.1.2.jar:/home/otavio/.m2/repository/org/springframework/boot/spring-boot-autoconfigure/3.2.1/spring-boot-autoconfigure-3.2.1.jar:/home/otavio/.m2/repository/org/springframework/boot/spring-boot-starter-logging/3.2.1/spring-boot-starter-logging-3.2.1.jar:/home/otavio/.m2/repository/ch/qos/logback/logback-classic/1.4.14/logback-classic-1.4.14.jar:/home/otavio/.m2/repository/ch/qos/logback/logback-core/1.4.14/logback-core-1.4.14.jar:/home/otavio/.m2/repository/org/apache/logging/log4j/log4j-to-slf4j/2.21.1/log4j-to-slf4j-2.21.1.jar:/home/otavio/.m2/repository/org/apache/logging/log4j/log4j-api/2.21.1/log4j-api-2.21.1.jar:/home/otavio/.m2/repository/org/slf4j/jul-to-slf4j/2.0.9/jul-to-slf4j-2.0.9.jar:/home/otavio/.m2/repository/jakarta/annotation/jakarta.annotation-api/2.1.1/jakarta.annotation-api-2.1.1.jar:/home/otavio/.m2/repository/org/springframework/spring-core/6.1.2/spring-core-6.1.2.jar:/home/otavio/.m2/repository/org/springframework/spring-jcl/6.1.2/spring-jcl-6.1.2.jar:/home/otavio/.m2/repository/org/yaml/snakeyaml/2.2/snakeyaml-2.2.jar:/home/otavio/.m2/repository/org/springframework/boot/spring-boot-starter-actuator/3.2.1/spring-boot-starter-actuator-3.2.1.jar:/home/otavio/.m2/repository/org/springframework/boot/spring-boot-actuator-autoconfigure/3.2.1/spring-boot-actuator-autoconfigure-3.2.1.jar:/home/otavio/.m2/repository/org/springframework/boot/spring-boot-actuator/3.2.1/spring-boot-actuator-3.2.1.jar:/home/otavio/.m2/repository/io/micrometer/micrometer-observation/1.12.1/micrometer-observation-1.12.1.jar:/home/otavio/.m2/repository/io/micrometer/micrometer-jakarta9/1.12.1/micrometer-jakarta9-1.12.1.jar:/home/otavio/.m2/repository/org/springframework/boot/spring-boot-starter-data-redis/3.2.1/spring-boot-starter-data-redis-3.2.1.jar:/home/otavio/.m2/repository/io/lettuce/lettuce-core/6.3.0.RELEASE/lettuce-core-6.3.0.RELEASE.jar:/home/otavio/.m2/repository/io/netty/netty-common/4.1.104.Final/netty-common-4.1.104.Final.jar:/home/otavio/.m2/repository/io/netty/netty-handler/4.1.104.Final/netty-handler-4.1.104.Final.jar:/home/otavio/.m2/repository/io/netty/netty-resolver/4.1.104.Final/netty-resolver-4.1.104.Final.jar:/home/otavio/.m2/repository/io/netty/netty-buffer/4.1.104.Final/netty-buffer-4.1.104.Final.jar:/home/otavio/.m2/repository/io/netty/netty-transport-native-unix-common/4.1.104.Final/netty-transport-native-unix-common-4.1.104.Final.jar:/home/otavio/.m2/repository/io/netty/netty-codec/4.1.104.Final/netty-codec-4.1.104.Final.jar:/home/otavio/.m2/repository/io/netty/netty-transport/4.1.104.Final/netty-transport-4.1.104.Final.jar:/home/otavio/.m2/repository/io/projectreactor/reactor-core/3.6.1/reactor-core-3.6.1.jar:/home/otavio/.m2/repository/org/reactivestreams/reactive-streams/1.0.4/reactive-streams-1.0.4.jar:/home/otavio/.m2/repository/org/springframework/data/spring-data-redis/3.2.1/spring-data-redis-3.2.1.jar:/home/otavio/.m2/repository/org/springframework/data/spring-data-keyvalue/3.2.1/spring-data-keyvalue-3.2.1.jar:/home/otavio/.m2/repository/org/springframework/data/spring-data-commons/3.2.1/spring-data-commons-3.2.1.jar:/home/otavio/.m2/repository/org/springframework/spring-tx/6.1.2/spring-tx-6.1.2.jar:/home/otavio/.m2/repository/org/springframework/spring-oxm/6.1.2/spring-oxm-6.1.2.jar:/home/otavio/.m2/repository/org/springframework/spring-aop/6.1.2/spring-aop-6.1.2.jar:/home/otavio/.m2/repository/org/springframework/spring-context-support/6.1.2/spring-context-support-6.1.2.jar:/home/otavio/.m2/repository/io/micrometer/micrometer-core/1.12.1/micrometer-core-1.12.1.jar:/home/otavio/.m2/repository/io/micrometer/micrometer-commons/1.12.1/micrometer-commons-1.12.1.jar:/home/otavio/.m2/repository/org/hdrhistogram/HdrHistogram/2.1.12/HdrHistogram-2.1.12.jar:/home/otavio/.m2/repository/org/latencyutils/LatencyUtils/2.0.3/LatencyUtils-2.0.3.jar:/home/otavio/.m2/repository/org/springframework/boot/spring-boot-starter-test/3.2.1/spring-boot-starter-test-3.2.1.jar:/home/otavio/.m2/repository/org/springframework/boot/spring-boot-test/3.2.1/spring-boot-test-3.2.1.jar:/home/otavio/.m2/repository/org/springframework/boot/spring-boot-test-autoconfigure/3.2.1/spring-boot-test-autoconfigure-3.2.1.jar:/home/otavio/.m2/repository/com/jayway/jsonpath/json-path/2.8.0/json-path-2.8.0.jar:/home/otavio/.m2/repository/jakarta/xml/bind/jakarta.xml.bind-api/4.0.1/jakarta.xml.bind-api-4.0.1.jar:/home/otavio/.m2/repository/jakarta/activation/jakarta.activation-api/2.1.2/jakarta.activation-api-2.1.2.jar:/home/otavio/.m2/repository/net/minidev/json-smart/2.5.0/json-smart-2.5.0.jar:/home/otavio/.m2/repository/net/minidev/accessors-smart/2.5.0/accessors-smart-2.5.0.jar:/home/otavio/.m2/repository/org/ow2/asm/asm/9.3/asm-9.3.jar:/home/otavio/.m2/repository/org/assertj/assertj-core/3.24.2/assertj-core-3.24.2.jar:/home/otavio/.m2/repository/net/bytebuddy/byte-buddy/1.14.10/byte-buddy-1.14.10.jar:/home/otavio/.m2/repository/org/awaitility/awaitility/4.2.0/awaitility-4.2.0.jar:/home/otavio/.m2/repository/org/hamcrest/hamcrest/2.2/hamcrest-2.2.jar:/home/otavio/.m2/repository/org/junit/jupiter/junit-jupiter/5.10.1/junit-jupiter-5.10.1.jar:/home/otavio/.m2/repository/org/junit/jupiter/junit-jupiter-api/5.10.1/junit-jupiter-api-5.10.1.jar:/home/otavio/.m2/repository/org/opentest4j/opentest4j/1.3.0/opentest4j-1.3.0.jar:/home/otavio/.m2/repository/org/junit/platform/junit-platform-commons/1.10.1/junit-platform-commons-1.10.1.jar:/home/otavio/.m2/repository/org/apiguardian/apiguardian-api/1.1.2/apiguardian-api-1.1.2.jar:/home/otavio/.m2/repository/org/junit/jupiter/junit-jupiter-params/5.10.1/junit-jupiter-params-5.10.1.jar:/home/otavio/.m2/repository/org/junit/jupiter/junit-jupiter-engine/5.10.1/junit-jupiter-engine-5.10.1.jar:/home/otavio/.m2/repository/org/junit/platform/junit-platform-engine/1.10.1/junit-platform-engine-1.10.1.jar:/home/otavio/.m2/repository/org/mockito/mockito-core/5.7.0/mockito-core-5.7.0.jar:/home/otavio/.m2/repository/net/bytebuddy/byte-buddy-agent/1.14.10/byte-buddy-agent-1.14.10.jar:/home/otavio/.m2/repository/org/objenesis/objenesis/3.3/objenesis-3.3.jar:/home/otavio/.m2/repository/org/mockito/mockito-junit-jupiter/5.7.0/mockito-junit-jupiter-5.7.0.jar:/home/otavio/.m2/repository/org/skyscreamer/jsonassert/1.5.1/jsonassert-1.5.1.jar:/home/otavio/.m2/repository/com/vaadin/external/google/android-json/0.0.20131108.vaadin1/android-json-0.0.20131108.vaadin1.jar:/home/otavio/.m2/repository/org/springframework/spring-test/6.1.2/spring-test-6.1.2.jar:/home/otavio/.m2/repository/org/xmlunit/xmlunit-core/2.9.1/xmlunit-core-2.9.1.jar:/home/otavio/.m2/repository/it/ozimov/embedded-redis/0.7.3/embedded-redis-0.7.3.jar:/home/otavio/.m2/repository/com/google/guava/guava/21.0/guava-21.0.jar:/home/otavio/.m2/repository/commons-io/commons-io/2.5/commons-io-2.5.jar:/home/otavio/.m2/repository/org/slf4j/slf4j-simple/2.0.9/slf4j-simple-2.0.9.jar:/home/otavio/.m2/repository/commons-logging/commons-logging/1.2/commons-logging-1.2.jar:"/>
    <property name="java.vm.vendor" value="Ubuntu"/>
    <property name="sun.arch.data.model" value="64"/>
    <property name="java.vendor.url" value="https://ubuntu.com/"/>
    <property name="user.timezone" value="America/Sao_Paulo"/>
    <property name="os.name" value="Linux"/>
    <property name="java.vm.specification.version" value="21"/>
    <property name="sun.java.launcher" value="SUN_STANDARD"/>
    <property name="sun.boot.library.path" value="/usr/lib/jvm/java-21-openjdk-amd64/lib"/>
    <property name="sun.java.command" value="/home/otavio/API-JAVA/app/worker/target/surefire/surefirebooter-20250903230630074_34.jar /home/otavio/API-JAVA/app/worker/target/surefire 2025-09-03T23-06-14_430-jvmRun1 surefire-20250903230630074_32tmp surefire_3-20250903230630074_33tmp"/>
    <property name="jdk.debug" value="release"/>
    <property name="surefire.test.class.path" value="/home/otavio/API-JAVA/app/worker/target/test-classes:/home/otavio/API-JAVA/app/worker/target/classes:/home/otavio/API-JAVA/app/domain/target/classes:/home/otavio/.m2/repository/com/fasterxml/jackson/core/jackson-annotations/2.15.3/jackson-annotations-2.15.3.jar:/home/otavio/API-JAVA/app/application/target/classes:/home/otavio/.m2/repository/org/springframework/boot/spring-boot-starter-validation/3.2.1/spring-boot-starter-validation-3.2.1.jar:/home/otavio/.m2/repository/org/apache/tomcat/embed/tomcat-embed-el/10.1.17/tomcat-embed-el-10.1.17.jar:/home/otavio/.m2/repository/org/hibernate/validator/hibernate-validator/8.0.1.Final/hibernate-validator-8.0.1.Final.jar:/home/otavio/.m2/repository/jakarta/validation/jakarta.validation-api/3.0.2/jakarta.validation-api-3.0.2.jar:/home/otavio/.m2/repository/org/jboss/logging/jboss-logging/3.5.3.Final/jboss-logging-3.5.3.Final.jar:/home/otavio/.m2/repository/com/fasterxml/classmate/1.6.0/classmate-1.6.0.jar:/home/otavio/.m2/repository/com/pdfprocessor/infrastructure/1.0.0-SNAPSHOT/infrastructure-1.0.0-SNAPSHOT.jar:/home/otavio/.m2/repository/com/fasterxml/jackson/core/jackson-databind/2.15.3/jackson-databind-2.15.3.jar:/home/otavio/.m2/repository/com/fasterxml/jackson/core/jackson-core/2.15.3/jackson-core-2.15.3.jar:/home/otavio/.m2/repository/com/fasterxml/jackson/datatype/jackson-datatype-jsr310/2.15.3/jackson-datatype-jsr310-2.15.3.jar:/home/otavio/.m2/repository/org/apache/pdfbox/pdfbox/3.0.1/pdfbox-3.0.1.jar:/home/otavio/.m2/repository/org/apache/pdfbox/pdfbox-io/3.0.1/pdfbox-io-3.0.1.jar:/home/otavio/.m2/repository/org/apache/pdfbox/fontbox/3.0.1/fontbox-3.0.1.jar:/home/otavio/.m2/repository/org/apache/pdfbox/preflight/3.0.1/preflight-3.0.1.jar:/home/otavio/.m2/repository/org/apache/pdfbox/xmpbox/3.0.1/xmpbox-3.0.1.jar:/home/otavio/.m2/repository/net/sourceforge/tess4j/tess4j/5.9.0/tess4j-5.9.0.jar:/home/otavio/.m2/repository/net/java/dev/jna/jna/5.13.0/jna-5.13.0.jar:/home/otavio/.m2/repository/com/github/jai-imageio/jai-imageio-core/1.4.0/jai-imageio-core-1.4.0.jar:/home/otavio/.m2/repository/org/apache/pdfbox/pdfbox-tools/3.0.1/pdfbox-tools-3.0.1.jar:/home/otavio/.m2/repository/org/apache/pdfbox/pdfbox-debugger/3.0.1/pdfbox-debugger-3.0.1.jar:/home/otavio/.m2/repository/info/picocli/picocli/4.7.5/picocli-4.7.5.jar:/home/otavio/.m2/repository/org/apache/pdfbox/jbig2-imageio/3.0.4/jbig2-imageio-3.0.4.jar:/home/otavio/.m2/repository/net/sourceforge/lept4j/lept4j/1.18.2/lept4j-1.18.2.jar:/home/otavio/.m2/repository/org/jboss/jboss-vfs/3.2.17.Final/jboss-vfs-3.2.17.Final.jar:/home/otavio/.m2/repository/org/slf4j/slf4j-api/2.0.9/slf4j-api-2.0.9.jar:/home/otavio/.m2/repository/com/twelvemonkeys/imageio/imageio-core/3.10.1/imageio-core-3.10.1.jar:/home/otavio/.m2/repository/com/twelvemonkeys/common/common-lang/3.10.1/common-lang-3.10.1.jar:/home/otavio/.m2/repository/com/twelvemonkeys/common/common-io/3.10.1/common-io-3.10.1.jar:/home/otavio/.m2/repository/com/twelvemonkeys/common/common-image/3.10.1/common-image-3.10.1.jar:/home/otavio/.m2/repository/com/twelvemonkeys/imageio/imageio-jpeg/3.10.1/imageio-jpeg-3.10.1.jar:/home/otavio/.m2/repository/com/twelvemonkeys/imageio/imageio-metadata/3.10.1/imageio-metadata-3.10.1.jar:/home/otavio/.m2/repository/com/twelvemonkeys/imageio/imageio-tiff/3.10.1/imageio-tiff-3.10.1.jar:/home/otavio/.m2/repository/org/springframework/boot/spring-boot-starter/3.2.1/spring-boot-starter-3.2.1.jar:/home/otavio/.m2/repository/org/springframework/boot/spring-boot/3.2.1/spring-boot-3.2.1.jar:/home/otavio/.m2/repository/org/springframework/spring-context/6.1.2/spring-context-6.1.2.jar:/home/otavio/.m2/repository/org/springframework/spring-beans/6.1.2/spring-beans-6.1.2.jar:/home/otavio/.m2/repository/org/springframework/spring-expression/6.1.2/spring-expression-6.1.2.jar:/home/otavio/.m2/repository/org/springframework/boot/spring-boot-autoconfigure/3.2.1/spring-boot-autoconfigure-3.2.1.jar:/home/otavio/.m2/repository/org/springframework/boot/spring-boot-starter-logging/3.2.1/spring-boot-starter-logging-3.2.1.jar:/home/otavio/.m2/repository/ch/qos/logback/logback-classic/1.4.14/logback-classic-1.4.14.jar:/home/otavio/.m2/repository/ch/qos/logback/logback-core/1.4.14/logback-core-1.4.14.jar:/home/otavio/.m2/repository/org/apache/logging/log4j/log4j-to-slf4j/2.21.1/log4j-to-slf4j-2.21.1.jar:/home/otavio/.m2/repository/org/apache/logging/log4j/log4j-api/2.21.1/log4j-api-2.21.1.jar:/home/otavio/.m2/repository/org/slf4j/jul-to-slf4j/2.0.9/jul-to-slf4j-2.0.9.jar:/home/otavio/.m2/repository/jakarta/annotation/jakarta.annotation-api/2.1.1/jakarta.annotation-api-2.1.1.jar:/home/otavio/.m2/repository/org/springframework/spring-core/6.1.2/spring-core-6.1.2.jar:/home/otavio/.m2/repository/org/springframework/spring-jcl/6.1.2/spring-jcl-6.1.2.jar:/home/otavio/.m2/repository/org/yaml/snakeyaml/2.2/snakeyaml-2.2.jar:/home/otavio/.m2/repository/org/springframework/boot/spring-boot-starter-actuator/3.2.1/spring-boot-starter-actuator-3.2.1.jar:/home/otavio/.m2/repository/org/springframework/boot/spring-boot-actuator-autoconfigure/3.2.1/spring-boot-actuator-autoconfigure-3.2.1.jar:/home/otavio/.m2/repository/org/springframework/boot/spring-boot-actuator/3.2.1/spring-boot-actuator-3.2.1.jar:/home/otavio/.m2/repository/io/micrometer/micrometer-observation/1.12.1/micrometer-observation-1.12.1.jar:/home/otavio/.m2/repository/io/micrometer/micrometer-jakarta9/1.12.1/micrometer-jakarta9-1.12.1.jar:/home/otavio/.m2/repository/org/springframework/boot/spring-boot-starter-data-redis/3.2.1/spring-boot-starter-data-redis-3.2.1.jar:/home/otavio/.m2/repository/io/lettuce/lettuce-core/6.3.0.RELEASE/lettuce-core-6.3.0.RELEASE.jar:/home/otavio/.m2/repository/io/netty/netty-common/4.1.104.Final/netty-common-4.1.104.Final.jar:/home/otavio/.m2/repository/io/netty/netty-handler/4.1.104.Final/netty-handler-4.1.104.Final.jar:/home/otavio/.m2/repository/io/netty/netty-resolver/4.1.104.Final/netty-resolver-4.1.104.Final.jar:/home/otavio/.m2/repository/io/netty/netty-buffer/4.1.104.Final/netty-buffer-4.1.104.Final.jar:/home/otavio/.m2/repository/io/netty/netty-transport-native-unix-common/4.1.104.Final/netty-transport-native-unix-common-4.1.104.Final.jar:/home/otavio/.m2/repository/io/netty/netty-codec/4.1.104.Final/netty-codec-4.1.104.Final.jar:/home/otavio/.m2/repository/io/netty/netty-transport/4.1.104.Final/netty-transport-4.1.104.Final.jar:/home/otavio/.m2/repository/io/projectreactor/reactor-core/3.6.1/reactor-core-3.6.1.jar:/home/otavio/.m2/repository/org/reactivestreams/reactive-streams/1.0.4/reactive-streams-1.0.4.jar:/home/otavio/.m2/repository/org/springframework/data/spring-data-redis/3.2.1/spring-data-redis-3.2.1.jar:/home/otavio/.m2/repository/org/springframework/data/spring-data-keyvalue/3.2.1/spring-data-keyvalue-3.2.1.jar:/home/otavio/.m2/repository/org/springframework/data/spring-data-commons/3.2.1/spring-data-commons-3.2.1.jar:/home/otavio/.m2/repository/org/springframework/spring-tx/6.1.2/spring-tx-6.1.2.jar:/home/otavio/.m2/repository/org/springframework/spring-oxm/6.1.2/spring-oxm-6.1.2.jar:/home/otavio/.m2/repository/org/springframework/spring-aop/6.1.2/spring-aop-6.1.2.jar:/home/otavio/.m2/repository/org/springframework/spring-context-support/6.1.2/spring-context-support-6.1.2.jar:/home/otavio/.m2/repository/io/micrometer/micrometer-core/1.12.1/micrometer-core-1.12.1.jar:/home/otavio/.m2/repository/io/micrometer/micrometer-commons/1.12.1/micrometer-commons-1.12.1.jar:/home/otavio/.m2/repository/org/hdrhistogram/HdrHistogram/2.1.12/HdrHistogram-2.1.12.jar:/home/otavio/.m2/repository/org/latencyutils/LatencyUtils/2.0.3/LatencyUtils-2.0.3.jar:/home/otavio/.m2/repository/org/springframework/boot/spring-boot-starter-test/3.2.1/spring-boot-starter-test-3.2.1.jar:/home/otavio/.m2/repository/org/springframework/boot/spring-boot-test/3.2.1/spring-boot-test-3.2.1.jar:/home/otavio/.m2/repository/org/springframework/boot/spring-boot-test-autoconfigure/3.2.1/spring-boot-test-autoconfigure-3.2.1.jar:/home/otavio/.m2/repository/com/jayway/jsonpath/json-path/2.8.0/json-path-2.8.0.jar:/home/otavio/.m2/repository/jakarta/xml/bind/jakarta.xml.bind-api/4.0.1/jakarta.xml.bind-api-4.0.1.jar:/home/otavio/.m2/repository/jakarta/activation/jakarta.activation-api/2.1.2/jakarta.activation-api-2.1.2.jar:/home/otavio/.m2/repository/net/minidev/json-smart/2.5.0/json-smart-2.5.0.jar:/home/otavio/.m2/repository/net/minidev/accessors-smart/2.5.0/accessors-smart-2.5.0.jar:/home/otavio/.m2/repository/org/ow2/asm/asm/9.3/asm-9.3.jar:/home/otavio/.m2/repository/org/assertj/assertj-core/3.24.2/assertj-core-3.24.2.jar:/home/otavio/.m2/repository/net/bytebuddy/byte-buddy/1.14.10/byte-buddy-1.14.10.jar:/home/otavio/.m2/repository/org/awaitility/awaitility/4.2.0/awaitility-4.2.0.jar:/home/otavio/.m2/repository/org/hamcrest/hamcrest/2.2/hamcrest-2.2.jar:/home/otavio/.m2/repository/org/junit/jupiter/junit-jupiter/5.10.1/junit-jupiter-5.10.1.jar:/home/otavio/.m2/repository/org/junit/jupiter/junit-jupiter-api/5.10.1/junit-jupiter-api-5.10.1.jar:/home/otavio/.m2/repository/org/opentest4j/opentest4j/1.3.0/opentest4j-1.3.0.jar:/home/otavio/.m2/repository/org/junit/platform/junit-platform-commons/1.10.1/junit-platform-commons-1.10.1.jar:/home/otavio/.m2/repository/org/apiguardian/apiguardian-api/1.1.2/apiguardian-api-1.1.2.jar:/home/otavio/.m2/repository/org/junit/jupiter/junit-jupiter-params/5.10.1/junit-jupiter-params-5.10.1.jar:/home/otavio/.m2/repository/org/junit/jupiter/junit-jupiter-engine/5.10.1/junit-jupiter-engine-5.10.1.jar:/home/otavio/.m2/repository/org/junit/platform/junit-platform-engine/1.10.1/junit-platform-engine-1.10.1.jar:/home/otavio/.m2/repository/org/mockito/mockito-core/5.7.0/mockito-core-5.7.0.jar:/home/otavio/.m2/repository/net/bytebuddy/byte-buddy-agent/1.14.10/byte-buddy-agent-1.14.10.jar:/home/otavio/.m2/repository/org/objenesis/objenesis/3.3/objenesis-3.3.jar:/home/otavio/.m2/repository/org/mockito/mockito-junit-jupiter/5.7.0/mockito-junit-jupiter-5.7.0.jar:/home/otavio/.m2/repository/org/skyscreamer/jsonassert/1.5.1/jsonassert-1.5.1.jar:/home/otavio/.m2/repository/com/vaadin/external/google/android-json/0.0.20131108.vaadin1/android-json-0.0.20131108.vaadin1.jar:/home/otavio/.m2/repository/org/springframework/spring-test/6.1.2/spring-test-6.1.2.jar:/home/otavio/.m2/repository/org/xmlunit/xmlunit-core/2.9.1/xmlunit-core-2.9.1.jar:/home/otavio/.m2/repository/it/ozimov/embedded-redis/0.7.3/embedded-redis-0.7.3.jar:/home/otavio/.m2/repository/com/google/guava/guava/21.0/guava-21.0.jar:/home/otavio/.m2/repository/commons-io/commons-io/2.5/commons-io-2.5.jar:/home/otavio/.m2/repository/org/slf4j/slf4j-simple/2.0.9/slf4j-simple-2.0.9.jar:/home/otavio/.m2/repository/commons-logging/commons-logging/1.2/commons-logging-1.2.jar:"/>
    <property name="sun.cpu.endian" value="little"/>
    <property name="user.home" value="/home/otavio"/>
    <property name="user.language" value="en"/>
    <property name="java.specification.vendor" value="Oracle Corporation"/>
    <property name="java.version.date" value="2025-07-15"/>
    <property name="java.home" value="/usr/lib/jvm/java-21-openjdk-amd64"/>
    <property name="file.separator" value="/"/>
    <property name="basedir" value="/home/otavio/API-JAVA/app/worker"/>
    <property name="java.vm.compressedOopsMode" value="32-bit"/>
    <property name="line.separator" value="&#10;"/>
    <property name="java.specification.name" value="Java Platform API Specification"/>
    <property name="java.vm.specification.vendor" value="Oracle Corporation"/>
    <property name="surefire.real.class.path" value="/home/otavio/API-JAVA/app/worker/target/surefire/surefirebooter-20250903230630074_34.jar"/>
    <property name="sun.management.compiler" value="HotSpot 64-Bit Tiered Compilers"/>
    <property name="java.runtime.version" value="21.0.8+9-Ubuntu-0ubuntu124.04.1"/>
    <property name="user.name" value="otavio"/>
    <property name="stdout.encoding" value="UTF-8"/>
    <property name="path.separator" value=":"/>
    <property name="os.version" value="6.6.87.2-microsoft-standard-WSL2"/>
    <property name="java.runtime.name" value="OpenJDK Runtime Environment"/>
    <property name="file.encoding" value="UTF-8"/>
    <property name="java.vm.name" value="OpenJDK 64-Bit Server VM"/>
    <property name="localRepository" value="/home/otavio/.m2/repository"/>
    <property name="java.vendor.url.bug" value="https://bugs.launchpad.net/ubuntu/+source/openjdk-21"/>
    <property name="java.io.tmpdir" value="/tmp"/>
    <property name="java.version" value="21.0.8"/>
    <property name="user.dir" value="/home/otavio/API-JAVA/app/worker"/>
    <property name="os.arch" value="amd64"/>
    <property name="java.vm.specification.name" value="Java Virtual Machine Specification"/>
    <property name="native.encoding" value="UTF-8"/>
    <property name="java.library.path" value="/usr/java/packages/lib:/usr/lib/x86_64-linux-gnu/jni:/lib/x86_64-linux-gnu:/usr/lib/x86_64-linux-gnu:/usr/lib/jni:/lib:/usr/lib"/>
    <property name="java.vm.info" value="mixed mode, sharing"/>
    <property name="stderr.encoding" value="UTF-8"/>
    <property name="java.vendor" value="Ubuntu"/>
    <property name="java.vm.version" value="21.0.8+9-Ubuntu-0ubuntu124.04.1"/>
    <property name="sun.io.unicode.encoding" value="UnicodeLittle"/>
    <property name="java.class.version" value="65.0"/>
  </properties>
  <testcase name="shouldHandleProcessingFailure" classname="com.pdfprocessor.worker.processor.JobProcessorTest" time="1.71">
    <system-out><![CDATA[23:06:32.457 [main] INFO com.pdfprocessor.worker.processor.JobProcessor -- Iniciando processamento do job: test-job-123 - Operação: MERGE
23:06:32.473 [main] ERROR com.pdfprocessor.worker.processor.JobProcessor -- Erro ao processar job test-job-123: Processing failed
java.lang.RuntimeException: Processing failed
	at com.pdfprocessor.worker.processor.JobProcessor.process(JobProcessor.java:47)
	at com.pdfprocessor.worker.processor.JobProcessorTest.lambda$shouldHandleProcessingFailure$0(JobProcessorTest.java:66)
	at org.junit.jupiter.api.AssertThrows.assertThrows(AssertThrows.java:53)
	at org.junit.jupiter.api.AssertThrows.assertThrows(AssertThrows.java:35)
	at org.junit.jupiter.api.Assertions.assertThrows(Assertions.java:3115)
	at com.pdfprocessor.worker.processor.JobProcessorTest.shouldHandleProcessingFailure(JobProcessorTest.java:65)
	at java.base/jdk.internal.reflect.DirectMethodHandleAccessor.invoke(DirectMethodHandleAccessor.java:103)
	at java.base/java.lang.reflect.Method.invoke(Method.java:580)
	at org.junit.platform.commons.util.ReflectionUtils.invokeMethod(ReflectionUtils.java:728)
	at org.junit.jupiter.engine.execution.MethodInvocation.proceed(MethodInvocation.java:60)
	at org.junit.jupiter.engine.execution.InvocationInterceptorChain$ValidatingInvocation.proceed(InvocationInterceptorChain.java:131)
	at org.junit.jupiter.engine.extension.TimeoutExtension.intercept(TimeoutExtension.java:156)
	at org.junit.jupiter.engine.extension.TimeoutExtension.interceptTestableMethod(TimeoutExtension.java:147)
	at org.junit.jupiter.engine.extension.TimeoutExtension.interceptTestMethod(TimeoutExtension.java:86)
	at org.junit.jupiter.engine.execution.InterceptingExecutableInvoker$ReflectiveInterceptorCall.lambda$ofVoidMethod$0(InterceptingExecutableInvoker.java:103)
	at org.junit.jupiter.engine.execution.InterceptingExecutableInvoker.lambda$invoke$0(InterceptingExecutableInvoker.java:93)
	at org.junit.jupiter.engine.execution.InvocationInterceptorChain$InterceptedInvocation.proceed(InvocationInterceptorChain.java:106)
	at org.junit.jupiter.engine.execution.InvocationInterceptorChain.proceed(InvocationInterceptorChain.java:64)
	at org.junit.jupiter.engine.execution.InvocationInterceptorChain.chainAndInvoke(InvocationInterceptorChain.java:45)
	at org.junit.jupiter.engine.execution.InvocationInterceptorChain.invoke(InvocationInterceptorChain.java:37)
	at org.junit.jupiter.engine.execution.InterceptingExecutableInvoker.invoke(InterceptingExecutableInvoker.java:92)
	at org.junit.jupiter.engine.execution.InterceptingExecutableInvoker.invoke(InterceptingExecutableInvoker.java:86)
	at org.junit.jupiter.engine.descriptor.TestMethodTestDescriptor.lambda$invokeTestMethod$7(TestMethodTestDescriptor.java:218)
	at org.junit.platform.engine.support.hierarchical.ThrowableCollector.execute(ThrowableCollector.java:73)
	at org.junit.jupiter.engine.descriptor.TestMethodTestDescriptor.invokeTestMethod(TestMethodTestDescriptor.java:214)
	at org.junit.jupiter.engine.descriptor.TestMethodTestDescriptor.execute(TestMethodTestDescriptor.java:139)
	at org.junit.jupiter.engine.descriptor.TestMethodTestDescriptor.execute(TestMethodTestDescriptor.java:69)
	at org.junit.platform.engine.support.hierarchical.NodeTestTask.lambda$executeRecursively$6(NodeTestTask.java:151)
	at org.junit.platform.engine.support.hierarchical.ThrowableCollector.execute(ThrowableCollector.java:73)
	at org.junit.platform.engine.support.hierarchical.NodeTestTask.lambda$executeRecursively$8(NodeTestTask.java:141)
	at org.junit.platform.engine.support.hierarchical.Node.around(Node.java:137)
	at org.junit.platform.engine.support.hierarchical.NodeTestTask.lambda$executeRecursively$9(NodeTestTask.java:139)
	at org.junit.platform.engine.support.hierarchical.ThrowableCollector.execute(ThrowableCollector.java:73)
	at org.junit.platform.engine.support.hierarchical.NodeTestTask.executeRecursively(NodeTestTask.java:138)
	at org.junit.platform.engine.support.hierarchical.NodeTestTask.execute(NodeTestTask.java:95)
	at java.base/java.util.ArrayList.forEach(ArrayList.java:1596)
	at org.junit.platform.engine.support.hierarchical.SameThreadHierarchicalTestExecutorService.invokeAll(SameThreadHierarchicalTestExecutorService.java:41)
	at org.junit.platform.engine.support.hierarchical.NodeTestTask.lambda$executeRecursively$6(NodeTestTask.java:155)
	at org.junit.platform.engine.support.hierarchical.ThrowableCollector.execute(ThrowableCollector.java:73)
	at org.junit.platform.engine.support.hierarchical.NodeTestTask.lambda$executeRecursively$8(NodeTestTask.java:141)
	at org.junit.platform.engine.support.hierarchical.Node.around(Node.java:137)
	at org.junit.platform.engine.support.hierarchical.NodeTestTask.lambda$executeRecursively$9(NodeTestTask.java:139)
	at org.junit.platform.engine.support.hierarchical.ThrowableCollector.execute(ThrowableCollector.java:73)
	at org.junit.platform.engine.support.hierarchical.NodeTestTask.executeRecursively(NodeTestTask.java:138)
	at org.junit.platform.engine.support.hierarchical.NodeTestTask.execute(NodeTestTask.java:95)
	at java.base/java.util.ArrayList.forEach(ArrayList.java:1596)
	at org.junit.platform.engine.support.hierarchical.SameThreadHierarchicalTestExecutorService.invokeAll(SameThreadHierarchicalTestExecutorService.java:41)
	at org.junit.platform.engine.support.hierarchical.NodeTestTask.lambda$executeRecursively$6(NodeTestTask.java:155)
	at org.junit.platform.engine.support.hierarchical.ThrowableCollector.execute(ThrowableCollector.java:73)
	at org.junit.platform.engine.support.hierarchical.NodeTestTask.lambda$executeRecursively$8(NodeTestTask.java:141)
	at org.junit.platform.engine.support.hierarchical.Node.around(Node.java:137)
	at org.junit.platform.engine.support.hierarchical.NodeTestTask.lambda$executeRecursively$9(NodeTestTask.java:139)
	at org.junit.platform.engine.support.hierarchical.ThrowableCollector.execute(ThrowableCollector.java:73)
	at org.junit.platform.engine.support.hierarchical.NodeTestTask.executeRecursively(NodeTestTask.java:138)
	at org.junit.platform.engine.support.hierarchical.NodeTestTask.execute(NodeTestTask.java:95)
	at org.junit.platform.engine.support.hierarchical.SameThreadHierarchicalTestExecutorService.submit(SameThreadHierarchicalTestExecutorService.java:35)
	at org.junit.platform.engine.support.hierarchical.HierarchicalTestExecutor.execute(HierarchicalTestExecutor.java:57)
	at org.junit.platform.engine.support.hierarchical.HierarchicalTestEngine.execute(HierarchicalTestEngine.java:54)
	at org.junit.platform.launcher.core.EngineExecutionOrchestrator.execute(EngineExecutionOrchestrator.java:198)
	at org.junit.platform.launcher.core.EngineExecutionOrchestrator.execute(EngineExecutionOrchestrator.java:169)
	at org.junit.platform.launcher.core.EngineExecutionOrchestrator.execute(EngineExecutionOrchestrator.java:93)
	at org.junit.platform.launcher.core.EngineExecutionOrchestrator.lambda$execute$0(EngineExecutionOrchestrator.java:58)
	at org.junit.platform.launcher.core.EngineExecutionOrchestrator.withInterceptedStreams(EngineExecutionOrchestrator.java:141)
	at org.junit.platform.launcher.core.EngineExecutionOrchestrator.execute(EngineExecutionOrchestrator.java:57)
	at org.junit.platform.launcher.core.DefaultLauncher.execute(DefaultLauncher.java:103)
	at org.junit.platform.launcher.core.DefaultLauncher.execute(DefaultLauncher.java:85)
	at org.junit.platform.launcher.core.DelegatingLauncher.execute(DelegatingLauncher.java:47)
	at org.apache.maven.surefire.junitplatform.LazyLauncher.execute(LazyLauncher.java:56)
	at org.apache.maven.surefire.junitplatform.JUnitPlatformProvider.execute(JUnitPlatformProvider.java:184)
	at org.apache.maven.surefire.junitplatform.JUnitPlatformProvider.invokeAllTests(JUnitPlatformProvider.java:148)
	at org.apache.maven.surefire.junitplatform.JUnitPlatformProvider.invoke(JUnitPlatformProvider.java:122)
	at org.apache.maven.surefire.booter.ForkedBooter.runSuitesInProcess(ForkedBooter.java:385)
	at org.apache.maven.surefire.booter.ForkedBooter.execute(ForkedBooter.java:162)
	at org.apache.maven.surefire.booter.ForkedBooter.run(ForkedBooter.java:507)
	at org.apache.maven.surefire.booter.ForkedBooter.main(ForkedBooter.java:495)
]]></system-out>
    <system-err><![CDATA[WARNING: A Java agent has been loaded dynamically (/home/otavio/.m2/repository/net/bytebuddy/byte-buddy-agent/1.14.10/byte-buddy-agent-1.14.10.jar)
WARNING: If a serviceability tool is in use, please run with -XX:+EnableDynamicAgentLoading to hide this warning
WARNING: If a serviceability tool is not in use, please run with -Djdk.instrument.traceUsage for more information
WARNING: Dynamic loading of agents will be disallowed by default in a future release
SLF4J: Class path contains multiple SLF4J providers.
SLF4J: Found provider [ch.qos.logback.classic.spi.LogbackServiceProvider@2489e84a]
SLF4J: Found provider [org.slf4j.simple.SimpleServiceProvider@2a39aa2b]
SLF4J: See https://www.slf4j.org/codes.html#multiple_bindings for an explanation.
SLF4J: Actual provider is of type [ch.qos.logback.classic.spi.LogbackServiceProvider@2489e84a]
]]></system-err>
  </testcase>
  <testcase name="shouldProcessJobSuccessfully" classname="com.pdfprocessor.worker.processor.JobProcessorTest" time="0.019">
    <system-out><![CDATA[23:06:32.531 [main] INFO com.pdfprocessor.worker.processor.JobProcessor -- Iniciando processamento do job: test-job-123 - Operação: MERGE
23:06:32.534 [main] INFO com.pdfprocessor.worker.processor.JobProcessor -- Arquivo resultado gerado em: /path/to/result.pdf
23:06:32.535 [main] INFO com.pdfprocessor.worker.processor.JobProcessor -- Job processado com sucesso: test-job-123
]]></system-out>
  </testcase>
  <testcase name="shouldCallPdfProcessingServiceWithCorrectJob" classname="com.pdfprocessor.worker.processor.JobProcessorTest" time="0.014">
    <system-out><![CDATA[23:06:32.553 [main] INFO com.pdfprocessor.worker.processor.JobProcessor -- Iniciando processamento do job: test-job-123 - Operação: MERGE
23:06:32.553 [main] INFO com.pdfprocessor.worker.processor.JobProcessor -- Arquivo resultado gerado em: /path/to/result.pdf
23:06:32.554 [main] INFO com.pdfprocessor.worker.processor.JobProcessor -- Job processado com sucesso: test-job-123
]]></system-out>
  </testcase>
  <testcase name="shouldSaveJobAfterStatusChanges" classname="com.pdfprocessor.worker.processor.JobProcessorTest" time="0.009">
    <system-out><![CDATA[23:06:32.563 [main] INFO com.pdfprocessor.worker.processor.JobProcessor -- Iniciando processamento do job: test-job-123 - Operação: MERGE
23:06:32.564 [main] INFO com.pdfprocessor.worker.processor.JobProcessor -- Arquivo resultado gerado em: /path/to/result.pdf
23:06:32.564 [main] INFO com.pdfprocessor.worker.processor.JobProcessor -- Job processado com sucesso: test-job-123
]]></system-out>
  </testcase>
  <testcase name="shouldUpdateJobStatusToProcessingBeforeProcessing" classname="com.pdfprocessor.worker.processor.JobProcessorTest" time="0.006">
    <system-out><![CDATA[23:06:32.572 [main] INFO com.pdfprocessor.worker.processor.JobProcessor -- Iniciando processamento do job: test-job-123 - Operação: MERGE
23:06:32.572 [main] INFO com.pdfprocessor.worker.processor.JobProcessor -- Arquivo resultado gerado em: /path/to/result.pdf
23:06:32.573 [main] INFO com.pdfprocessor.worker.processor.JobProcessor -- Job processado com sucesso: test-job-123
]]></system-out>
  </testcase>
</testsuite>